starting consumer #0
starting consumer #1
starting consumer #2
starting consumer #3
starting consumer #4
starting consumer #5
starting consumer #6
starting consumer #7
starting consumer #8
starting consumer #9
starting consumer #10
starting consumer #11
starting consumer #12
starting consumer #13
starting consumer #14
starting consumer #15
starting consumer #16
starting consumer #17
starting consumer #18
starting consumer #19
starting consumer #20
starting consumer #21
starting consumer #22
starting consumer #23
starting consumer #24
starting consumer #25
starting consumer #26
starting consumer #27
starting consumer #28
starting consumer #29
starting consumer #30
starting consumer #31
starting consumer #32
starting consumer #33
starting consumer #34
starting consumer #35
starting consumer #36
starting consumer #37
starting consumer #38
starting consumer #39
starting consumer #40
starting consumer #41
starting consumer #42
starting consumer #43
starting consumer #44
starting consumer #45
starting consumer #46
starting consumer #47
starting consumer #48
starting consumer #49
starting producer #0
starting producer #1
starting producer #2
starting producer #3
starting producer #4
starting producer #5
starting producer #6
starting producer #7
starting producer #8
starting producer #9
starting producer #10
starting producer #11
starting producer #12
starting producer #13
starting producer #14
starting producer #15
starting producer #16
starting producer #17
starting producer #18
starting producer #19
starting producer #20
starting producer #21
starting producer #22
starting producer #23
starting producer #24
starting producer #25
starting producer #26
starting producer #27
starting producer #28
starting producer #29
starting producer #30
starting producer #31
starting producer #32
starting producer #33
starting producer #34
starting producer #35
starting producer #36
starting producer #37
starting producer #38
starting producer #39
starting producer #40
starting producer #41
starting producer #42
starting producer #43
starting producer #44
starting producer #45
starting producer #46
starting producer #47
starting producer #48
starting producer #49
time: 1.603s, sent: 0.62 msg/s, confirmed: 0 msg/s, nacked: 0 msg/s, received: 0 msg/s
time: 2.603s, sent: 48612 msg/s, confirmed: 1.0 msg/s, nacked: 0 msg/s, received: 10775 msg/s, min/avg/max latency: 5093/568880/995103 microseconds
time: 3.603s, sent: 1203 msg/s, confirmed: 79 msg/s, nacked: 0 msg/s, received: 14391 msg/s, min/avg/max latency: 974953/1487469/1997219 microseconds
time: 4.835s, sent: 107 msg/s, confirmed: 108 msg/s, nacked: 0 msg/s, received: 23400 msg/s, min/avg/max latency: 1915418/2513192/3220787 microseconds
time: 5.835s, sent: 134 msg/s, confirmed: 75 msg/s, nacked: 0 msg/s, received: 24669 msg/s, min/avg/max latency: 3153654/3640458/4227315 microseconds
time: 6.882s, sent: 63 msg/s, confirmed: 63 msg/s, nacked: 0 msg/s, received: 19940 msg/s, min/avg/max latency: 4131563/4615050/5250625 microseconds
time: 7.882s, sent: 163 msg/s, confirmed: 210 msg/s, nacked: 0 msg/s, received: 26462 msg/s, min/avg/max latency: 5205972/5816534/6271397 microseconds
time: 8.882s, sent: 275 msg/s, confirmed: 399 msg/s, nacked: 0 msg/s, received: 17473 msg/s, min/avg/max latency: 6045879/6702275/7270534 microseconds
time: 9.992s, sent: 402 msg/s, confirmed: 157 msg/s, nacked: 0 msg/s, received: 22797 msg/s, min/avg/max latency: 7103405/7723466/8364484 microseconds
time: 10.992s, sent: 236 msg/s, confirmed: 237 msg/s, nacked: 0 msg/s, received: 26269 msg/s, min/avg/max latency: 8189796/8893277/9382729 microseconds
time: 11.992s, sent: 169 msg/s, confirmed: 171 msg/s, nacked: 0 msg/s, received: 18584 msg/s, min/avg/max latency: 9161744/9849035/10384273 microseconds
time: 12.992s, sent: 140 msg/s, confirmed: 140 msg/s, nacked: 0 msg/s, received: 29255 msg/s, min/avg/max latency: 10161541/10863774/11375453 microseconds
time: 14.100s, sent: 189 msg/s, confirmed: 192 msg/s, nacked: 0 msg/s, received: 14883 msg/s, min/avg/max latency: 11225721/11868258/12473306 microseconds
time: 15.100s, sent: 269 msg/s, confirmed: 273 msg/s, nacked: 0 msg/s, received: 23397 msg/s, min/avg/max latency: 12290394/12952625/13481857 microseconds
time: 16.100s, sent: 157 msg/s, confirmed: 162 msg/s, nacked: 0 msg/s, received: 21011 msg/s, min/avg/max latency: 13334224/13983735/14490295 microseconds
time: 17.185s, sent: 58 msg/s, confirmed: 59 msg/s, nacked: 0 msg/s, received: 25342 msg/s, min/avg/max latency: 14248817/14899444/15547721 microseconds
time: 18.185s, sent: 440 msg/s, confirmed: 455 msg/s, nacked: 0 msg/s, received: 27645 msg/s, min/avg/max latency: 15369862/16038777/16575299 microseconds
time: 19.185s, sent: 81 msg/s, confirmed: 85 msg/s, nacked: 0 msg/s, received: 20692 msg/s, min/avg/max latency: 16344157/17038052/17573122 microseconds
time: 20.185s, sent: 227 msg/s, confirmed: 233 msg/s, nacked: 0 msg/s, received: 25340 msg/s, min/avg/max latency: 17308333/17980477/18571196 microseconds
time: 21.185s, sent: 210 msg/s, confirmed: 217 msg/s, nacked: 0 msg/s, received: 20136 msg/s, min/avg/max latency: 18339194/18932184/19569409 microseconds
time: 22.185s, sent: 128 msg/s, confirmed: 132 msg/s, nacked: 0 msg/s, received: 25759 msg/s, min/avg/max latency: 19346220/20082443/20568588 microseconds
time: 23.185s, sent: 215 msg/s, confirmed: 221 msg/s, nacked: 0 msg/s, received: 17795 msg/s, min/avg/max latency: 20347074/21056723/21574191 microseconds
time: 24.185s, sent: 100 msg/s, confirmed: 103 msg/s, nacked: 0 msg/s, received: 13787 msg/s, min/avg/max latency: 21345411/22033738/22571885 microseconds
time: 25.185s, sent: 93 msg/s, confirmed: 98 msg/s, nacked: 0 msg/s, received: 23225 msg/s, min/avg/max latency: 22310446/22927220/23557766 microseconds
time: 26.185s, sent: 104 msg/s, confirmed: 106 msg/s, nacked: 0 msg/s, received: 23465 msg/s, min/avg/max latency: 23346257/23998474/24570127 microseconds
time: 27.185s, sent: 96 msg/s, confirmed: 98 msg/s, nacked: 0 msg/s, received: 16984 msg/s, min/avg/max latency: 24387985/24979491/25564030 microseconds
time: 28.185s, sent: 98 msg/s, confirmed: 103 msg/s, nacked: 0 msg/s, received: 21533 msg/s, min/avg/max latency: 25328252/25899850/26569836 microseconds
time: 29.185s, sent: 41 msg/s, confirmed: 41 msg/s, nacked: 0 msg/s, received: 26969 msg/s, min/avg/max latency: 26300580/26977374/27571132 microseconds
time: 30.185s, sent: 189 msg/s, confirmed: 194 msg/s, nacked: 0 msg/s, received: 21215 msg/s, min/avg/max latency: 27284041/27957413/28572002 microseconds
time: 31.255s, sent: 391 msg/s, confirmed: 405 msg/s, nacked: 0 msg/s, received: 21102 msg/s, min/avg/max latency: 28299877/29029031/29607540 microseconds
time: 32.255s, sent: 501 msg/s, confirmed: 515 msg/s, nacked: 0 msg/s, received: 23832 msg/s, min/avg/max latency: 29345889/30013889/30643784 microseconds
time: 33.261s, sent: 329 msg/s, confirmed: 339 msg/s, nacked: 0 msg/s, received: 21937 msg/s, min/avg/max latency: 30346642/30993567/31607945 microseconds
time: 34.261s, sent: 1776 msg/s, confirmed: 1921 msg/s, nacked: 0 msg/s, received: 23495 msg/s, min/avg/max latency: 31300398/32049893/32643133 microseconds
time: 35.261s, sent: 237 msg/s, confirmed: 267 msg/s, nacked: 0 msg/s, received: 23814 msg/s, min/avg/max latency: 32356932/32977312/33641985 microseconds
time: 36.419s, sent: 54 msg/s, confirmed: 63 msg/s, nacked: 0 msg/s, received: 23106 msg/s, min/avg/max latency: 33292561/34004206/34748254 microseconds
time: 37.419s, sent: 295 msg/s, confirmed: 321 msg/s, nacked: 0 msg/s, received: 18215 msg/s, min/avg/max latency: 34458105/35101103/35802109 microseconds
time: 38.419s, sent: 417 msg/s, confirmed: 452 msg/s, nacked: 0 msg/s, received: 23780 msg/s, min/avg/max latency: 35426577/36134077/36799692 microseconds
time: 39.419s, sent: 349 msg/s, confirmed: 404 msg/s, nacked: 0 msg/s, received: 21750 msg/s, min/avg/max latency: 36513833/37122656/37801650 microseconds
time: 40.419s, sent: 42 msg/s, confirmed: 63 msg/s, nacked: 0 msg/s, received: 16717 msg/s, min/avg/max latency: 37328272/38111550/38632754 microseconds
time: 41.419s, sent: 563 msg/s, confirmed: 346 msg/s, nacked: 0 msg/s, received: 24093 msg/s, min/avg/max latency: 38341726/39139743/39802171 microseconds
time: 42.419s, sent: 213 msg/s, confirmed: 228 msg/s, nacked: 0 msg/s, received: 20088 msg/s, min/avg/max latency: 39512915/40143009/40801837 microseconds
time: 43.515s, sent: 52 msg/s, confirmed: 55 msg/s, nacked: 0 msg/s, received: 20545 msg/s, min/avg/max latency: 40369716/41089860/41665769 microseconds
time: 44.613s, sent: 189 msg/s, confirmed: 202 msg/s, nacked: 0 msg/s, received: 20669 msg/s, min/avg/max latency: 41518898/42267688/42857036 microseconds
time: 45.613s, sent: 1129 msg/s, confirmed: 1072 msg/s, nacked: 0 msg/s, received: 23587 msg/s, min/avg/max latency: 42637898/43329390/43996572 microseconds
time: 46.613s, sent: 1186 msg/s, confirmed: 1250 msg/s, nacked: 0 msg/s, received: 23213 msg/s, min/avg/max latency: 43531245/44249363/44988687 microseconds
time: 47.613s, sent: 1165 msg/s, confirmed: 934 msg/s, nacked: 0 msg/s, received: 23914 msg/s, min/avg/max latency: 44568632/45320666/45988661 microseconds
time: 48.613s, sent: 298 msg/s, confirmed: 175 msg/s, nacked: 0 msg/s, received: 18619 msg/s, min/avg/max latency: 45498098/46270212/46984854 microseconds
time: 49.613s, sent: 580 msg/s, confirmed: 583 msg/s, nacked: 0 msg/s, received: 29137 msg/s, min/avg/max latency: 46577148/47275385/47944401 microseconds
time: 50.614s, sent: 418 msg/s, confirmed: 422 msg/s, nacked: 0 msg/s, received: 17096 msg/s, min/avg/max latency: 47545161/48331161/48969104 microseconds
time: 51.614s, sent: 362 msg/s, confirmed: 365 msg/s, nacked: 0 msg/s, received: 29591 msg/s, min/avg/max latency: 48469952/49278325/49937130 microseconds
time: 52.614s, sent: 240 msg/s, confirmed: 241 msg/s, nacked: 0 msg/s, received: 20369 msg/s, min/avg/max latency: 49531059/50284844/50946148 microseconds
time: 53.833s, sent: 67 msg/s, confirmed: 67 msg/s, nacked: 0 msg/s, received: 18751 msg/s, min/avg/max latency: 50475056/51192517/51815895 microseconds
time: 54.833s, sent: 1001 msg/s, confirmed: 1004 msg/s, nacked: 0 msg/s, received: 24994 msg/s, min/avg/max latency: 51714266/52438726/53166072 microseconds
time: 55.834s, sent: 223 msg/s, confirmed: 245 msg/s, nacked: 0 msg/s, received: 15608 msg/s, min/avg/max latency: 52727268/53338246/53885008 microseconds
time: 56.834s, sent: 182 msg/s, confirmed: 208 msg/s, nacked: 0 msg/s, received: 26381 msg/s, min/avg/max latency: 53710178/54471043/55124866 microseconds
time: 57.904s, sent: 148 msg/s, confirmed: 75 msg/s, nacked: 0 msg/s, received: 19564 msg/s, min/avg/max latency: 54694756/55375221/55894714 microseconds
time: 58.904s, sent: 237 msg/s, confirmed: 237 msg/s, nacked: 0 msg/s, received: 21442 msg/s, min/avg/max latency: 55757678/56590398/57184906 microseconds
time: 59.904s, sent: 499 msg/s, confirmed: 499 msg/s, nacked: 0 msg/s, received: 23795 msg/s, min/avg/max latency: 56830449/57622947/58231809 microseconds
time: 60.904s, sent: 179 msg/s, confirmed: 179 msg/s, nacked: 0 msg/s, received: 22740 msg/s, min/avg/max latency: 57757694/58424820/59074580 microseconds
time: 61.904s, sent: 139 msg/s, confirmed: 205 msg/s, nacked: 0 msg/s, received: 23342 msg/s, min/avg/max latency: 58768749/59388751/60150350 microseconds
time: 62.904s, sent: 10 msg/s, confirmed: 502 msg/s, nacked: 0 msg/s, received: 23658 msg/s, min/avg/max latency: 59778285/60368823/61210089 microseconds
time: 64.027s, sent: 0 msg/s, confirmed: 65 msg/s, nacked: 0 msg/s, received: 17601 msg/s, min/avg/max latency: 60760647/61430882/62200174 microseconds
time: 65.154s, sent: 0 msg/s, confirmed: 219 msg/s, nacked: 0 msg/s, received: 18438 msg/s, min/avg/max latency: 61855894/62534358/63284440 microseconds
time: 66.154s, sent: 0 msg/s, confirmed: 213 msg/s, nacked: 0 msg/s, received: 22741 msg/s, min/avg/max latency: 63004771/63731652/64348772 microseconds
time: 67.154s, sent: 0 msg/s, confirmed: 481 msg/s, nacked: 0 msg/s, received: 21003 msg/s, min/avg/max latency: 64121022/64813167/65440929 microseconds
time: 68.154s, sent: 0 msg/s, confirmed: 114 msg/s, nacked: 0 msg/s, received: 21813 msg/s, min/avg/max latency: 65055963/65699199/66385970 microseconds
time: 69.155s, sent: 1.00 msg/s, confirmed: 417 msg/s, nacked: 0 msg/s, received: 18078 msg/s, min/avg/max latency: 66018288/66649471/67337632 microseconds
time: 70.155s, sent: 2.0 msg/s, confirmed: 572 msg/s, nacked: 0 msg/s, received: 22018 msg/s, min/avg/max latency: 59776614/67653959/68378583 microseconds
time: 71.155s, sent: 1.0 msg/s, confirmed: 324 msg/s, nacked: 0 msg/s, received: 20558 msg/s, min/avg/max latency: 60680229/68694220/69389018 microseconds
time: 72.314s, sent: 2.6 msg/s, confirmed: 581 msg/s, nacked: 0 msg/s, received: 16251 msg/s, min/avg/max latency: 61704282/69588632/70213113 microseconds
time: 73.314s, sent: 0 msg/s, confirmed: 88 msg/s, nacked: 0 msg/s, received: 26218 msg/s, min/avg/max latency: 62807825/70883768/71540701 microseconds
time: 74.314s, sent: 2.0 msg/s, confirmed: 138 msg/s, nacked: 0 msg/s, received: 16991 msg/s, min/avg/max latency: 71013140/71925770/72529682 microseconds
time: 75.408s, sent: 0.91 msg/s, confirmed: 573 msg/s, nacked: 0 msg/s, received: 21489 msg/s, min/avg/max latency: 64812544/72816403/73485430 microseconds
time: 76.408s, sent: 4.0 msg/s, confirmed: 1013 msg/s, nacked: 0 msg/s, received: 26302 msg/s, min/avg/max latency: 66015153/73874797/74579043 microseconds
time: 77.575s, sent: 0 msg/s, confirmed: 124 msg/s, nacked: 0 msg/s, received: 18718 msg/s, min/avg/max latency: 67036149/74888208/75697525 microseconds
time: 78.575s, sent: 4.0 msg/s, confirmed: 532 msg/s, nacked: 0 msg/s, received: 23444 msg/s, min/avg/max latency: 68346989/76025722/76750279 microseconds
time: 79.575s, sent: 2.0 msg/s, confirmed: 511 msg/s, nacked: 0 msg/s, received: 15152 msg/s, min/avg/max latency: 69727361/77020714/77791500 microseconds
time: 80.575s, sent: 0 msg/s, confirmed: 936 msg/s, nacked: 0 msg/s, received: 28575 msg/s, min/avg/max latency: 70333623/77976200/78636147 microseconds
time: 81.575s, sent: 0 msg/s, confirmed: 114 msg/s, nacked: 0 msg/s, received: 15805 msg/s, min/avg/max latency: 71517222/78969518/79826088 microseconds
time: 82.575s, sent: 0 msg/s, confirmed: 99 msg/s, nacked: 0 msg/s, received: 22346 msg/s, min/avg/max latency: 72664399/79936087/80621239 microseconds
time: 83.575s, sent: 0 msg/s, confirmed: 121 msg/s, nacked: 0 msg/s, received: 17248 msg/s, min/avg/max latency: 78080783/81014867/81802794 microseconds
time: 84.575s, sent: 2.0 msg/s, confirmed: 222 msg/s, nacked: 0 msg/s, received: 17604 msg/s, min/avg/max latency: 74103388/81929466/82737687 microseconds
time: 85.575s, sent: 0 msg/s, confirmed: 280 msg/s, nacked: 0 msg/s, received: 21016 msg/s, min/avg/max latency: 75607384/82932961/83779365 microseconds
time: 86.597s, sent: 0.98 msg/s, confirmed: 132 msg/s, nacked: 0 msg/s, received: 18367 msg/s, min/avg/max latency: 80844784/83816547/84509133 microseconds
time: 87.597s, sent: 0 msg/s, confirmed: 141 msg/s, nacked: 0 msg/s, received: 27284 msg/s, min/avg/max latency: 77315593/84999894/85667583 microseconds
time: 88.597s, sent: 2.0 msg/s, confirmed: 225 msg/s, nacked: 0 msg/s, received: 15022 msg/s, min/avg/max latency: 82760579/85983367/86840535 microseconds
time: 89.620s, sent: 0 msg/s, confirmed: 134 msg/s, nacked: 0 msg/s, received: 15935 msg/s, min/avg/max latency: 84267008/86858906/87541095 microseconds
time: 90.780s, sent: 0 msg/s, confirmed: 98 msg/s, nacked: 0 msg/s, received: 18810 msg/s, min/avg/max latency: 80356086/88022920/88820671 microseconds
time: 91.780s, sent: 2.0 msg/s, confirmed: 415 msg/s, nacked: 0 msg/s, received: 25423 msg/s, min/avg/max latency: 86698762/89112374/89899303 microseconds
time: 92.780s, sent: 1.0 msg/s, confirmed: 1224 msg/s, nacked: 0 msg/s, received: 19023 msg/s, min/avg/max latency: 87155450/90213948/91041584 microseconds
time: 93.806s, sent: 0 msg/s, confirmed: 246 msg/s, nacked: 0 msg/s, received: 22894 msg/s, min/avg/max latency: 89764377/91074564/91796401 microseconds
time: 95.014s, sent: 0 msg/s, confirmed: 62 msg/s, nacked: 0 msg/s, received: 21444 msg/s, min/avg/max latency: 84377534/92157334/92896418 microseconds
time: 96.014s, sent: 0 msg/s, confirmed: 99 msg/s, nacked: 0 msg/s, received: 20675 msg/s, min/avg/max latency: 91029992/93373068/94002063 microseconds
time: 97.014s, sent: 0 msg/s, confirmed: 415 msg/s, nacked: 0 msg/s, received: 15369 msg/s, min/avg/max latency: 91335109/94372233/95170466 microseconds
time: 98.014s, sent: 0 msg/s, confirmed: 397 msg/s, nacked: 0 msg/s, received: 18632 msg/s, min/avg/max latency: 88103206/95294967/96255819 microseconds
time: 99.014s, sent: 0 msg/s, confirmed: 478 msg/s, nacked: 0 msg/s, received: 22216 msg/s, min/avg/max latency: 88739099/96357534/96987731 microseconds
time: 100.014s, sent: 0 msg/s, confirmed: 736 msg/s, nacked: 0 msg/s, received: 19826 msg/s, min/avg/max latency: 89956472/97380403/98210355 microseconds
time: 101.014s, sent: 0 msg/s, confirmed: 193 msg/s, nacked: 0 msg/s, received: 21659 msg/s, min/avg/max latency: 97277058/98281223/99236255 microseconds
time: 102.050s, sent: 0 msg/s, confirmed: 101 msg/s, nacked: 0 msg/s, received: 17588 msg/s, min/avg/max latency: 98273835/99319901/100072086 microseconds
time: 103.050s, sent: 0 msg/s, confirmed: 652 msg/s, nacked: 0 msg/s, received: 23207 msg/s, min/avg/max latency: 84520837/99825380/101104896 microseconds
time: 104.103s, sent: 0 msg/s, confirmed: 279 msg/s, nacked: 0 msg/s, received: 19463 msg/s, min/avg/max latency: 84557138/99549517/102020399 microseconds
time: 105.103s, sent: 0 msg/s, confirmed: 1832 msg/s, nacked: 0 msg/s, received: 28275 msg/s, min/avg/max latency: 73751172/99579619/103090148 microseconds
time: 106.103s, sent: 0 msg/s, confirmed: 250 msg/s, nacked: 0 msg/s, received: 21118 msg/s, min/avg/max latency: 65110125/95629328/104174761 microseconds
time: 107.377s, sent: 0 msg/s, confirmed: 214 msg/s, nacked: 0 msg/s, received: 18637 msg/s, min/avg/max latency: 65575156/95946102/105049653 microseconds
time: 108.377s, sent: 0 msg/s, confirmed: 230 msg/s, nacked: 0 msg/s, received: 19872 msg/s, min/avg/max latency: 62966658/95723978/106417015 microseconds
time: 109.377s, sent: 0 msg/s, confirmed: 135 msg/s, nacked: 0 msg/s, received: 21327 msg/s, min/avg/max latency: 63606129/95904266/107328778 microseconds
time: 110.530s, sent: 0 msg/s, confirmed: 295 msg/s, nacked: 0 msg/s, received: 15754 msg/s, min/avg/max latency: 64599264/98452374/108268619 microseconds
time: 111.530s, sent: 0 msg/s, confirmed: 974 msg/s, nacked: 0 msg/s, received: 27199 msg/s, min/avg/max latency: 64079789/97141582/109609962 microseconds
time: 112.530s, sent: 0 msg/s, confirmed: 444 msg/s, nacked: 0 msg/s, received: 20772 msg/s, min/avg/max latency: 64599480/94919715/110564412 microseconds
time: 113.530s, sent: 0 msg/s, confirmed: 403 msg/s, nacked: 0 msg/s, received: 29802 msg/s, min/avg/max latency: 65752376/97339674/111508278 microseconds
time: 114.614s, sent: 0 msg/s, confirmed: 156 msg/s, nacked: 0 msg/s, received: 14058 msg/s, min/avg/max latency: 66558658/98437844/112319750 microseconds
time: 115.614s, sent: 0 msg/s, confirmed: 827 msg/s, nacked: 0 msg/s, received: 26072 msg/s, min/avg/max latency: 66897020/98329713/113491851 microseconds
time: 116.614s, sent: 0 msg/s, confirmed: 395 msg/s, nacked: 0 msg/s, received: 21919 msg/s, min/avg/max latency: 67241492/98099095/114460785 microseconds
time: 117.614s, sent: 0 msg/s, confirmed: 460 msg/s, nacked: 0 msg/s, received: 23677 msg/s, min/avg/max latency: 68122171/100474759/115530207 microseconds
time: 118.614s, sent: 0 msg/s, confirmed: 365 msg/s, nacked: 0 msg/s, received: 20411 msg/s, min/avg/max latency: 69186364/102288405/116695336 microseconds
time: 119.614s, sent: 0 msg/s, confirmed: 388 msg/s, nacked: 0 msg/s, received: 26799 msg/s, min/avg/max latency: 70112659/103994545/117636983 microseconds
time: 120.614s, sent: 0 msg/s, confirmed: 217 msg/s, nacked: 0 msg/s, received: 17926 msg/s, min/avg/max latency: 71134772/104308763/118602017 microseconds
time: 121.666s, sent: 0 msg/s, confirmed: 149 msg/s, nacked: 0 msg/s, received: 22686 msg/s, min/avg/max latency: 72354339/105599366/119460791 microseconds
time: 122.807s, sent: 0 msg/s, confirmed: 127 msg/s, nacked: 0 msg/s, received: 21225 msg/s, min/avg/max latency: 73363312/105273418/120456522 microseconds
time: 123.807s, sent: 0 msg/s, confirmed: 679 msg/s, nacked: 0 msg/s, received: 22032 msg/s, min/avg/max latency: 74945667/106454832/121803465 microseconds
time: 124.807s, sent: 0 msg/s, confirmed: 1720 msg/s, nacked: 0 msg/s, received: 22183 msg/s, min/avg/max latency: 75558832/110016448/122700654 microseconds
time: 125.974s, sent: 0 msg/s, confirmed: 348 msg/s, nacked: 0 msg/s, received: 24294 msg/s, min/avg/max latency: 76304094/108752600/123554128 microseconds
time: 126.974s, sent: 0 msg/s, confirmed: 292 msg/s, nacked: 0 msg/s, received: 24783 msg/s, min/avg/max latency: 78292006/108361248/124811028 microseconds
time: 127.974s, sent: 0 msg/s, confirmed: 202 msg/s, nacked: 0 msg/s, received: 20943 msg/s, min/avg/max latency: 78510665/109231491/125986929 microseconds
time: 129.109s, sent: 0 msg/s, confirmed: 74 msg/s, nacked: 0 msg/s, received: 19930 msg/s, min/avg/max latency: 81002574/110815997/126813197 microseconds
time: 130.109s, sent: 0 msg/s, confirmed: 148 msg/s, nacked: 0 msg/s, received: 23125 msg/s, min/avg/max latency: 80822820/112438623/128000151 microseconds
time: 131.109s, sent: 0 msg/s, confirmed: 424 msg/s, nacked: 0 msg/s, received: 21195 msg/s, min/avg/max latency: 82242048/114523111/128946283 microseconds
time: 132.194s, sent: 0 msg/s, confirmed: 468 msg/s, nacked: 0 msg/s, received: 21565 msg/s, min/avg/max latency: 84924929/114237909/129818450 microseconds
time: 133.194s, sent: 0 msg/s, confirmed: 861 msg/s, nacked: 0 msg/s, received: 22093 msg/s, min/avg/max latency: 86184983/113412421/131028087 microseconds
time: 134.194s, sent: 0 msg/s, confirmed: 314 msg/s, nacked: 0 msg/s, received: 19587 msg/s, min/avg/max latency: 85625318/111478026/132034969 microseconds
time: 135.306s, sent: 0 msg/s, confirmed: 727 msg/s, nacked: 0 msg/s, received: 21151 msg/s, min/avg/max latency: 87821299/108693428/132877976 microseconds
time: 136.306s, sent: 0 msg/s, confirmed: 1277 msg/s, nacked: 0 msg/s, received: 27624 msg/s, min/avg/max latency: 75908800/104994647/134033281 microseconds
time: 137.321s, sent: 0 msg/s, confirmed: 207 msg/s, nacked: 0 msg/s, received: 20657 msg/s, min/avg/max latency: 75234061/100326431/134687532 microseconds
time: 138.321s, sent: 0 msg/s, confirmed: 236 msg/s, nacked: 0 msg/s, received: 26751 msg/s, min/avg/max latency: 59758971/105452197/136036030 microseconds
time: 139.321s, sent: 0 msg/s, confirmed: 230 msg/s, nacked: 0 msg/s, received: 16676 msg/s, min/avg/max latency: 61074359/101523028/137129540 microseconds
time: 140.381s, sent: 0 msg/s, confirmed: 174 msg/s, nacked: 0 msg/s, received: 16990 msg/s, min/avg/max latency: 61917221/103134738/138089878 microseconds
time: 141.381s, sent: 0 msg/s, confirmed: 627 msg/s, nacked: 0 msg/s, received: 28067 msg/s, min/avg/max latency: 63021068/102982709/139161360 microseconds
time: 142.456s, sent: 0 msg/s, confirmed: 946 msg/s, nacked: 0 msg/s, received: 18560 msg/s, min/avg/max latency: 63857196/100189113/139718008 microseconds
time: 143.456s, sent: 0 msg/s, confirmed: 646 msg/s, nacked: 0 msg/s, received: 28182 msg/s, min/avg/max latency: 58399897/100090761/141213657 microseconds
time: 144.573s, sent: 0 msg/s, confirmed: 88 msg/s, nacked: 0 msg/s, received: 17427 msg/s, min/avg/max latency: 59312711/100380418/142097218 microseconds
time: 145.573s, sent: 0 msg/s, confirmed: 1379 msg/s, nacked: 0 msg/s, received: 20297 msg/s, min/avg/max latency: 56827017/101217214/143297861 microseconds
time: 146.573s, sent: 0 msg/s, confirmed: 257 msg/s, nacked: 0 msg/s, received: 21170 msg/s, min/avg/max latency: 58076525/99591540/143709165 microseconds
time: 147.600s, sent: 0 msg/s, confirmed: 728 msg/s, nacked: 0 msg/s, received: 22712 msg/s, min/avg/max latency: 58784994/102673409/145181066 microseconds
time: 148.600s, sent: 0 msg/s, confirmed: 1797 msg/s, nacked: 0 msg/s, received: 24428 msg/s, min/avg/max latency: 60099164/102179356/146348764 microseconds
time: 149.600s, sent: 0 msg/s, confirmed: 45 msg/s, nacked: 0 msg/s, received: 25092 msg/s, min/avg/max latency: 60761636/101038199/146752652 microseconds
time: 150.767s, sent: 0 msg/s, confirmed: 107 msg/s, nacked: 0 msg/s, received: 28012 msg/s, min/avg/max latency: 61899172/101314634/148065647 microseconds
time: 151.767s, sent: 0 msg/s, confirmed: 181 msg/s, nacked: 0 msg/s, received: 28415 msg/s, min/avg/max latency: 62898773/100589307/147994979 microseconds
time: 152.767s, sent: 0 msg/s, confirmed: 107 msg/s, nacked: 0 msg/s, received: 17980 msg/s, min/avg/max latency: 64174624/102665858/150465698 microseconds
time: 153.767s, sent: 0 msg/s, confirmed: 179 msg/s, nacked: 0 msg/s, received: 24504 msg/s, min/avg/max latency: 64986329/103698410/150600968 microseconds
time: 154.820s, sent: 0 msg/s, confirmed: 773 msg/s, nacked: 0 msg/s, received: 18315 msg/s, min/avg/max latency: 65998045/104920473/150884284 microseconds
time: 155.826s, sent: 0 msg/s, confirmed: 334 msg/s, nacked: 0 msg/s, received: 17002 msg/s, min/avg/max latency: 67172898/104888967/143535440 microseconds
time: 156.947s, sent: 0 msg/s, confirmed: 658 msg/s, nacked: 0 msg/s, received: 14862 msg/s, min/avg/max latency: 67969270/106200756/125098087 microseconds
time: 157.947s, sent: 0 msg/s, confirmed: 1151 msg/s, nacked: 0 msg/s, received: 13235 msg/s, min/avg/max latency: 69533509/107407537/124437657 microseconds
time: 159.063s, sent: 0 msg/s, confirmed: 1285 msg/s, nacked: 0 msg/s, received: 21050 msg/s, min/avg/max latency: 70141093/107741114/124941819 microseconds
time: 160.150s, sent: 0 msg/s, confirmed: 1937 msg/s, nacked: 0 msg/s, received: 17226 msg/s, min/avg/max latency: 67364740/106717651/126508682 microseconds
sending rate avg: 419 msg/s
recving rate avg: 20994 msg/s
