starting consumer #0
starting producer #0
time: 1.000s, sent: 55358 msg/s, received: 52206 msg/s, min/avg/max latency: 1902/49818/70800 microseconds
time: 2.000s, sent: 57980 msg/s, received: 57878 msg/s, min/avg/max latency: 46709/57355/77115 microseconds
time: 3.000s, sent: 57672 msg/s, received: 57439 msg/s, min/avg/max latency: 46624/57643/75934 microseconds
time: 4.000s, sent: 58647 msg/s, received: 58612 msg/s, min/avg/max latency: 45417/56716/70575 microseconds
time: 5.000s, sent: 56304 msg/s, received: 56643 msg/s, min/avg/max latency: 46253/58954/80216 microseconds
time: 6.000s, sent: 59147 msg/s, received: 59259 msg/s, min/avg/max latency: 45587/56408/68344 microseconds
time: 7.000s, sent: 58847 msg/s, received: 58920 msg/s, min/avg/max latency: 46457/56654/74673 microseconds
time: 8.000s, sent: 59356 msg/s, received: 58900 msg/s, min/avg/max latency: 46781/56540/71954 microseconds
time: 9.000s, sent: 53911 msg/s, received: 54393 msg/s, min/avg/max latency: 44316/61368/85514 microseconds
time: 10.000s, sent: 56963 msg/s, received: 56459 msg/s, min/avg/max latency: 47152/59334/83431 microseconds
time: 11.000s, sent: 58339 msg/s, received: 58191 msg/s, min/avg/max latency: 43972/57381/75960 microseconds
time: 12.000s, sent: 57358 msg/s, received: 57713 msg/s, min/avg/max latency: 46968/58046/82295 microseconds
time: 13.000s, sent: 58602 msg/s, received: 58336 msg/s, min/avg/max latency: 46454/56965/72191 microseconds
time: 14.000s, sent: 57979 msg/s, received: 58277 msg/s, min/avg/max latency: 46454/57572/77045 microseconds
time: 15.000s, sent: 58339 msg/s, received: 58094 msg/s, min/avg/max latency: 42453/57175/73212 microseconds
time: 16.000s, sent: 56963 msg/s, received: 57459 msg/s, min/avg/max latency: 46700/58506/74861 microseconds
time: 17.000s, sent: 57980 msg/s, received: 57614 msg/s, min/avg/max latency: 47463/58015/79172 microseconds
time: 18.000s, sent: 58339 msg/s, received: 58430 msg/s, min/avg/max latency: 43681/57364/74369 microseconds
time: 19.000s, sent: 57979 msg/s, received: 57972 msg/s, min/avg/max latency: 46551/57587/73255 microseconds
time: 20.000s, sent: 60015 msg/s, received: 59664 msg/s, min/avg/max latency: 45900/56124/66671 microseconds
time: 21.000s, sent: 58338 msg/s, received: 58182 msg/s, min/avg/max latency: 41577/57489/81157 microseconds
time: 22.000s, sent: 56280 msg/s, received: 56869 msg/s, min/avg/max latency: 46472/58761/78889 microseconds
time: 23.000s, sent: 58663 msg/s, received: 58531 msg/s, min/avg/max latency: 46905/57268/70003 microseconds
time: 24.000s, sent: 58339 msg/s, received: 58727 msg/s, min/avg/max latency: 43774/56787/70798 microseconds
time: 25.000s, sent: 58997 msg/s, received: 58324 msg/s, min/avg/max latency: 46048/57175/71741 microseconds
time: 26.000s, sent: 58997 msg/s, received: 59327 msg/s, min/avg/max latency: 46605/56472/71672 microseconds
time: 27.000s, sent: 57321 msg/s, received: 57299 msg/s, min/avg/max latency: 45618/58072/74032 microseconds
time: 28.000s, sent: 58650 msg/s, received: 58474 msg/s, min/avg/max latency: 46569/57348/72115 microseconds
time: 29.000s, sent: 58327 msg/s, received: 58361 msg/s, min/avg/max latency: 46675/57254/71071 microseconds
time: 30.000s, sent: 59749 msg/s, received: 59952 msg/s, min/avg/max latency: 46458/55510/68154 microseconds
time: 31.000s, sent: 59498 msg/s, received: 59089 msg/s, min/avg/max latency: 44397/56515/69671 microseconds
time: 32.000s, sent: 58103 msg/s, received: 58649 msg/s, min/avg/max latency: 46543/56881/70021 microseconds
time: 33.000s, sent: 56963 msg/s, received: 57085 msg/s, min/avg/max latency: 45384/58672/85351 microseconds
time: 34.000s, sent: 55287 msg/s, received: 54982 msg/s, min/avg/max latency: 42936/60763/96515 microseconds
time: 35.000s, sent: 57756 msg/s, received: 57757 msg/s, min/avg/max latency: 47123/58298/74899 microseconds
time: 36.000s, sent: 58097 msg/s, received: 57987 msg/s, min/avg/max latency: 46517/57591/70636 microseconds
time: 37.000s, sent: 59082 msg/s, received: 58985 msg/s, min/avg/max latency: 46269/56794/71901 microseconds
time: 38.000s, sent: 57344 msg/s, received: 57773 msg/s, min/avg/max latency: 47268/57815/75751 microseconds
time: 39.000s, sent: 56962 msg/s, received: 56271 msg/s, min/avg/max latency: 46821/59444/75955 microseconds
time: 40.000s, sent: 56305 msg/s, received: 56562 msg/s, min/avg/max latency: 44868/58908/75834 microseconds
time: 41.000s, sent: 57980 msg/s, received: 57848 msg/s, min/avg/max latency: 47258/57447/77435 microseconds
time: 42.000s, sent: 56962 msg/s, received: 57595 msg/s, min/avg/max latency: 47269/58277/79160 microseconds
time: 43.000s, sent: 59356 msg/s, received: 59179 msg/s, min/avg/max latency: 46627/56303/70116 microseconds
time: 44.000s, sent: 56963 msg/s, received: 56949 msg/s, min/avg/max latency: 45496/58557/86503 microseconds
time: 45.000s, sent: 60014 msg/s, received: 59619 msg/s, min/avg/max latency: 46303/56108/70561 microseconds
time: 46.000s, sent: 59356 msg/s, received: 59786 msg/s, min/avg/max latency: 43046/55689/71889 microseconds
time: 47.000s, sent: 56963 msg/s, received: 56886 msg/s, min/avg/max latency: 46203/58671/78263 microseconds
time: 48.000s, sent: 57980 msg/s, received: 57689 msg/s, min/avg/max latency: 47038/57889/76301 microseconds
time: 49.000s, sent: 56962 msg/s, received: 56994 msg/s, min/avg/max latency: 47017/58462/75270 microseconds
time: 50.000s, sent: 56305 msg/s, received: 56164 msg/s, min/avg/max latency: 44569/59442/78966 microseconds
time: 51.000s, sent: 58997 msg/s, received: 58908 msg/s, min/avg/max latency: 47241/56687/71985 microseconds
time: 52.000s, sent: 56962 msg/s, received: 57056 msg/s, min/avg/max latency: 46563/58291/77743 microseconds
time: 53.000s, sent: 57322 msg/s, received: 57612 msg/s, min/avg/max latency: 47191/58032/72790 microseconds
time: 54.000s, sent: 58997 msg/s, received: 59117 msg/s, min/avg/max latency: 46665/56581/69281 microseconds
time: 55.000s, sent: 57980 msg/s, received: 57636 msg/s, min/avg/max latency: 45616/57922/76644 microseconds
time: 56.000s, sent: 57322 msg/s, received: 57711 msg/s, min/avg/max latency: 46991/57516/80593 microseconds
time: 57.000s, sent: 56962 msg/s, received: 57023 msg/s, min/avg/max latency: 46934/58773/74928 microseconds
time: 58.000s, sent: 58067 msg/s, received: 58194 msg/s, min/avg/max latency: 46496/57548/74041 microseconds
time: 59.000s, sent: 58252 msg/s, received: 58005 msg/s, min/avg/max latency: 45521/57518/71295 microseconds
time: 60.000s, sent: 56963 msg/s, received: 56834 msg/s, min/avg/max latency: 45994/58861/80979 microseconds
sending rate avg: 57800 msg/s
recving rate avg: 57800 msg/s
