starting consumer #0
starting consumer #1
starting consumer #2
starting consumer #3
starting consumer #4
starting consumer #5
starting consumer #6
starting consumer #7
starting consumer #8
starting consumer #9
starting consumer #10
starting consumer #11
starting consumer #12
starting consumer #13
starting consumer #14
starting consumer #15
starting consumer #16
starting consumer #17
starting consumer #18
starting consumer #19
starting consumer #20
starting consumer #21
starting consumer #22
starting consumer #23
starting consumer #24
starting consumer #25
starting consumer #26
starting consumer #27
starting consumer #28
starting consumer #29
starting consumer #30
starting consumer #31
starting consumer #32
starting consumer #33
starting consumer #34
starting consumer #35
starting consumer #36
starting consumer #37
starting consumer #38
starting consumer #39
starting consumer #40
starting consumer #41
starting consumer #42
starting consumer #43
starting consumer #44
starting consumer #45
starting consumer #46
starting consumer #47
starting consumer #48
starting consumer #49
starting producer #0
starting producer #1
starting producer #2
starting producer #3
starting producer #4
starting producer #5
starting producer #6
starting producer #7
starting producer #8
starting producer #9
starting producer #10
starting producer #11
starting producer #12
starting producer #13
starting producer #14
starting producer #15
starting producer #16
starting producer #17
starting producer #18
starting producer #19
starting producer #20
starting producer #21
starting producer #22
starting producer #23
starting producer #24
starting producer #25
starting producer #26
starting producer #27
starting producer #28
starting producer #29
starting producer #30
starting producer #31
starting producer #32
starting producer #33
starting producer #34
starting producer #35
starting producer #36
starting producer #37
starting producer #38
starting producer #39
starting producer #40
starting producer #41
starting producer #42
starting producer #43
starting producer #44
starting producer #45
starting producer #46
starting producer #47
starting producer #48
starting producer #49
time: 1.000s, sent: 23959 msg/s, received: 38672 msg/s, min/avg/max latency: 3563/203156/373868 microseconds
time: 2.000s, sent: 41405 msg/s, received: 103946 msg/s, min/avg/max latency: 229440/823596/1372670 microseconds
time: 3.000s, sent: 1737 msg/s, received: 104041 msg/s, min/avg/max latency: 1142535/1777413/2373142 microseconds
time: 4.000s, sent: 2633 msg/s, received: 104070 msg/s, min/avg/max latency: 2015573/2750807/3373650 microseconds
time: 5.000s, sent: 15905 msg/s, received: 103816 msg/s, min/avg/max latency: 2968903/3726330/4372759 microseconds
time: 6.000s, sent: 56920 msg/s, received: 103760 msg/s, min/avg/max latency: 3783157/4710596/5371715 microseconds
time: 7.000s, sent: 16754 msg/s, received: 103999 msg/s, min/avg/max latency: 4663000/5679673/6371794 microseconds
time: 8.000s, sent: 11486 msg/s, received: 104070 msg/s, min/avg/max latency: 3568703/6638869/7369309 microseconds
time: 9.000s, sent: 6940 msg/s, received: 104043 msg/s, min/avg/max latency: 6513857/7612693/8368919 microseconds
time: 10.000s, sent: 9930 msg/s, received: 104073 msg/s, min/avg/max latency: 5222311/8561939/9369781 microseconds
time: 11.000s, sent: 11730 msg/s, received: 104041 msg/s, min/avg/max latency: 5762306/9521453/10369097 microseconds
time: 12.000s, sent: 4129 msg/s, received: 104098 msg/s, min/avg/max latency: 5891059/10461492/11371102 microseconds
time: 13.000s, sent: 3948 msg/s, received: 103077 msg/s, min/avg/max latency: 7120929/11439916/12368507 microseconds
time: 14.000s, sent: 6879 msg/s, received: 104044 msg/s, min/avg/max latency: 7637512/12370344/13368237 microseconds
time: 15.000s, sent: 4129 msg/s, received: 104048 msg/s, min/avg/max latency: 8454306/13262603/14366957 microseconds
time: 16.000s, sent: 5204 msg/s, received: 104064 msg/s, min/avg/max latency: 9440541/14216909/15365095 microseconds
time: 17.000s, sent: 2513 msg/s, received: 103821 msg/s, min/avg/max latency: 10451277/15166835/16346468 microseconds
time: 18.000s, sent: 4307 msg/s, received: 104061 msg/s, min/avg/max latency: 11471841/16054385/17348145 microseconds
time: 19.000s, sent: 3949 msg/s, received: 104066 msg/s, min/avg/max latency: 12403843/16953093/18327475 microseconds
time: 20.000s, sent: 5746 msg/s, received: 101111 msg/s, min/avg/max latency: 13371934/17879806/19339556 microseconds
time: 21.000s, sent: 10952 msg/s, received: 103994 msg/s, min/avg/max latency: 14354431/18849087/20285848 microseconds
time: 22.000s, sent: 2813 msg/s, received: 104063 msg/s, min/avg/max latency: 15367750/19717299/21267451 microseconds
time: 23.000s, sent: 3290 msg/s, received: 104003 msg/s, min/avg/max latency: 16367851/20558515/22224784 microseconds
time: 24.000s, sent: 4128 msg/s, received: 104037 msg/s, min/avg/max latency: 16955724/21473478/23151389 microseconds
time: 25.000s, sent: 6580 msg/s, received: 104040 msg/s, min/avg/max latency: 17623047/22348781/24141092 microseconds
time: 26.000s, sent: 3410 msg/s, received: 104048 msg/s, min/avg/max latency: 18620830/23126264/25045491 microseconds
time: 27.000s, sent: 2811 msg/s, received: 95453 msg/s, min/avg/max latency: 19615598/24003686/25947849 microseconds
time: 28.000s, sent: 7658 msg/s, received: 103961 msg/s, min/avg/max latency: 20612437/25025495/27020849 microseconds
time: 29.000s, sent: 2814 msg/s, received: 104055 msg/s, min/avg/max latency: 21618908/25789379/28040666 microseconds
time: 30.000s, sent: 0 msg/s, received: 104014 msg/s, min/avg/max latency: 22614129/26706097/28940625 microseconds
time: 31.000s, sent: 3651 msg/s, received: 104088 msg/s, min/avg/max latency: 23596812/27368479/29788064 microseconds
time: 32.000s, sent: 5088 msg/s, received: 104038 msg/s, min/avg/max latency: 24599458/28219488/30886407 microseconds
time: 33.000s, sent: 3830 msg/s, received: 104031 msg/s, min/avg/max latency: 25597823/29064537/31809160 microseconds
time: 34.000s, sent: 6403 msg/s, received: 103190 msg/s, min/avg/max latency: 25767157/29906849/32813960 microseconds
time: 35.000s, sent: 11249 msg/s, received: 100775 msg/s, min/avg/max latency: 26509037/31094602/33689928 microseconds
time: 36.000s, sent: 4067 msg/s, received: 103978 msg/s, min/avg/max latency: 27469901/31786555/34673660 microseconds
time: 37.000s, sent: 4248 msg/s, received: 104016 msg/s, min/avg/max latency: 28473176/32652911/35712981 microseconds
time: 38.000s, sent: 2341 msg/s, received: 104079 msg/s, min/avg/max latency: 30579650/33491961/36682249 microseconds
time: 39.000s, sent: 2387 msg/s, received: 104041 msg/s, min/avg/max latency: 30740970/34380724/37668628 microseconds
time: 40.000s, sent: 4665 msg/s, received: 104036 msg/s, min/avg/max latency: 31509764/35157376/38562447 microseconds
time: 41.000s, sent: 3650 msg/s, received: 104066 msg/s, min/avg/max latency: 32298862/36104974/39553210 microseconds
time: 42.000s, sent: 8194 msg/s, received: 103214 msg/s, min/avg/max latency: 33271048/37020345/40482422 microseconds
time: 43.000s, sent: 2753 msg/s, received: 103923 msg/s, min/avg/max latency: 34139767/37767207/41543601 microseconds
time: 44.000s, sent: 5686 msg/s, received: 104447 msg/s, min/avg/max latency: 35081912/38763143/42505007 microseconds
time: 45.000s, sent: 5028 msg/s, received: 104062 msg/s, min/avg/max latency: 36074772/39670042/43470104 microseconds
time: 46.000s, sent: 4668 msg/s, received: 104056 msg/s, min/avg/max latency: 37000795/40563217/44418241 microseconds
time: 47.000s, sent: 3891 msg/s, received: 104082 msg/s, min/avg/max latency: 37490650/41508160/45396900 microseconds
time: 48.000s, sent: 5207 msg/s, received: 104055 msg/s, min/avg/max latency: 38454404/42472489/46364743 microseconds
time: 49.000s, sent: 5625 msg/s, received: 104059 msg/s, min/avg/max latency: 39286174/43361279/47364466 microseconds
time: 50.000s, sent: 4250 msg/s, received: 103050 msg/s, min/avg/max latency: 39871072/44283584/48352185 microseconds
time: 51.000s, sent: 6583 msg/s, received: 103983 msg/s, min/avg/max latency: 41460811/45276217/49360740 microseconds
time: 52.000s, sent: 3469 msg/s, received: 104076 msg/s, min/avg/max latency: 39147717/46101151/50321508 microseconds
time: 53.000s, sent: 3769 msg/s, received: 104003 msg/s, min/avg/max latency: 42414524/47111397/51331241 microseconds
time: 54.000s, sent: 6400 msg/s, received: 104026 msg/s, min/avg/max latency: 43309432/48090921/52307847 microseconds
time: 55.000s, sent: 4307 msg/s, received: 104059 msg/s, min/avg/max latency: 41394899/48964395/53315797 microseconds
time: 56.000s, sent: 4785 msg/s, received: 104058 msg/s, min/avg/max latency: 45350418/49960970/54200193 microseconds
time: 57.000s, sent: 6460 msg/s, received: 104051 msg/s, min/avg/max latency: 43719460/50882005/55184855 microseconds
time: 58.000s, sent: 4428 msg/s, received: 100773 msg/s, min/avg/max latency: 43019692/51712957/56196563 microseconds
time: 59.000s, sent: 2754 msg/s, received: 104032 msg/s, min/avg/max latency: 43344187/52671285/57136529 microseconds
time: 60.000s, sent: 4490 msg/s, received: 103058 msg/s, min/avg/max latency: 44985568/53565999/58149445 microseconds
time: 61.000s, sent: 11254 msg/s, received: 104016 msg/s, min/avg/max latency: 45263645/54515327/59167588 microseconds
time: 62.000s, sent: 1.0 msg/s, received: 104058 msg/s, min/avg/max latency: 46200617/55406117/60181919 microseconds
time: 63.000s, sent: 1.0 msg/s, received: 104079 msg/s, min/avg/max latency: 43385518/56350256/61044216 microseconds
time: 64.000s, sent: 4.0 msg/s, received: 103535 msg/s, min/avg/max latency: 44366714/57251202/62136683 microseconds
time: 65.000s, sent: 10 msg/s, received: 104060 msg/s, min/avg/max latency: 45278060/58263142/62986592 microseconds
time: 66.000s, sent: 7.0 msg/s, received: 104049 msg/s, min/avg/max latency: 46364739/59173691/63710804 microseconds
time: 67.000s, sent: 6.0 msg/s, received: 103086 msg/s, min/avg/max latency: 47481590/60180947/64382398 microseconds
time: 68.000s, sent: 5.0 msg/s, received: 100120 msg/s, min/avg/max latency: 48597283/60732688/65709080 microseconds
time: 69.000s, sent: 4.0 msg/s, received: 102079 msg/s, min/avg/max latency: 49457818/61746841/66346506 microseconds
time: 70.000s, sent: 4.0 msg/s, received: 104107 msg/s, min/avg/max latency: 50346034/62792019/67408237 microseconds
time: 71.000s, sent: 1.0 msg/s, received: 103131 msg/s, min/avg/max latency: 51328363/63574892/66982588 microseconds
time: 72.000s, sent: 1.0 msg/s, received: 104083 msg/s, min/avg/max latency: 50527107/64488655/67989279 microseconds
time: 73.000s, sent: 0 msg/s, received: 104059 msg/s, min/avg/max latency: 51529534/65359271/68794735 microseconds
time: 74.000s, sent: 0 msg/s, received: 104032 msg/s, min/avg/max latency: 52799062/66094336/69977595 microseconds
time: 75.000s, sent: 0 msg/s, received: 104067 msg/s, min/avg/max latency: 53524570/67062594/70911463 microseconds
time: 76.000s, sent: 0 msg/s, received: 102807 msg/s, min/avg/max latency: 54457948/67732972/71835403 microseconds
time: 77.000s, sent: 0 msg/s, received: 92688 msg/s, min/avg/max latency: 55534106/68988113/72892449 microseconds
time: 78.000s, sent: 0 msg/s, received: 102627 msg/s, min/avg/max latency: 56506309/69532964/73415652 microseconds
time: 79.000s, sent: 0 msg/s, received: 87419 msg/s, min/avg/max latency: 54620613/70370527/74609239 microseconds
time: 80.000s, sent: 0 msg/s, received: 104040 msg/s, min/avg/max latency: 55066598/71081972/75598146 microseconds
time: 81.000s, sent: 0 msg/s, received: 103995 msg/s, min/avg/max latency: 55440821/72021198/76621259 microseconds
time: 82.000s, sent: 0 msg/s, received: 104066 msg/s, min/avg/max latency: 57354984/72659682/77623304 microseconds
time: 83.000s, sent: 0 msg/s, received: 89598 msg/s, min/avg/max latency: 57580014/73586569/78558920 microseconds
time: 84.000s, sent: 0 msg/s, received: 68177 msg/s, min/avg/max latency: 58602855/74498751/79551475 microseconds
time: 85.000s, sent: 0 msg/s, received: 92145 msg/s, min/avg/max latency: 59585569/75526100/80622589 microseconds
time: 86.000s, sent: 0 msg/s, received: 104031 msg/s, min/avg/max latency: 60808613/76488396/81602687 microseconds
time: 87.000s, sent: 0 msg/s, received: 96765 msg/s, min/avg/max latency: 60997487/76618859/82500706 microseconds
time: 88.000s, sent: 0 msg/s, received: 102855 msg/s, min/avg/max latency: 61891157/77723257/83411272 microseconds
time: 89.000s, sent: 0 msg/s, received: 103327 msg/s, min/avg/max latency: 62949407/78451823/84463995 microseconds
time: 90.000s, sent: 0 msg/s, received: 90651 msg/s, min/avg/max latency: 62541065/79484038/85367422 microseconds
time: 91.000s, sent: 0 msg/s, received: 72564 msg/s, min/avg/max latency: 65354853/81000766/86464085 microseconds
time: 92.000s, sent: 0 msg/s, received: 98760 msg/s, min/avg/max latency: 66000016/81124954/87218304 microseconds
time: 93.000s, sent: 0 msg/s, received: 101617 msg/s, min/avg/max latency: 65622092/82022818/88457424 microseconds
time: 94.000s, sent: 0 msg/s, received: 100128 msg/s, min/avg/max latency: 61735474/82338690/89367768 microseconds
time: 95.000s, sent: 0 msg/s, received: 104047 msg/s, min/avg/max latency: 62513594/83178626/90466732 microseconds
time: 96.000s, sent: 0 msg/s, received: 104057 msg/s, min/avg/max latency: 63503041/83829495/91453682 microseconds
time: 97.000s, sent: 0 msg/s, received: 104073 msg/s, min/avg/max latency: 64603849/84415645/92365929 microseconds
time: 98.000s, sent: 0 msg/s, received: 104048 msg/s, min/avg/max latency: 65502280/85211827/93366268 microseconds
time: 99.000s, sent: 0 msg/s, received: 104075 msg/s, min/avg/max latency: 65973738/85855004/94320056 microseconds
time: 100.000s, sent: 0 msg/s, received: 100445 msg/s, min/avg/max latency: 66353851/86352735/95213847 microseconds
time: 101.000s, sent: 0 msg/s, received: 107510 msg/s, min/avg/max latency: 67944995/86728170/96212187 microseconds
time: 102.000s, sent: 0 msg/s, received: 102810 msg/s, min/avg/max latency: 68297064/87014707/97370548 microseconds
time: 103.000s, sent: 0 msg/s, received: 103351 msg/s, min/avg/max latency: 69253469/87454060/98130467 microseconds
time: 104.000s, sent: 0 msg/s, received: 103406 msg/s, min/avg/max latency: 69812720/87925453/99209999 microseconds
time: 105.000s, sent: 0 msg/s, received: 103406 msg/s, min/avg/max latency: 70282504/88515528/99811012 microseconds
time: 106.000s, sent: 0 msg/s, received: 102753 msg/s, min/avg/max latency: 70698491/88652484/101400400 microseconds
time: 107.000s, sent: 0 msg/s, received: 101925 msg/s, min/avg/max latency: 71565180/88999559/102209031 microseconds
time: 108.000s, sent: 0 msg/s, received: 103116 msg/s, min/avg/max latency: 71586271/90802524/103431262 microseconds
time: 109.000s, sent: 0 msg/s, received: 104258 msg/s, min/avg/max latency: 72128885/92985933/104150181 microseconds
time: 110.000s, sent: 0 msg/s, received: 103358 msg/s, min/avg/max latency: 69642361/93401515/105358585 microseconds
time: 111.000s, sent: 0 msg/s, received: 101785 msg/s, min/avg/max latency: 74341167/92508636/106215192 microseconds
time: 112.000s, sent: 0 msg/s, received: 104646 msg/s, min/avg/max latency: 74320401/92680159/107169685 microseconds
time: 113.000s, sent: 0 msg/s, received: 103548 msg/s, min/avg/max latency: 72427610/93783840/107394097 microseconds
time: 114.000s, sent: 0 msg/s, received: 101729 msg/s, min/avg/max latency: 76435045/94222107/108106411 microseconds
time: 115.000s, sent: 0 msg/s, received: 103562 msg/s, min/avg/max latency: 75150191/96436883/110068307 microseconds
time: 116.000s, sent: 0 msg/s, received: 103475 msg/s, min/avg/max latency: 75316699/97010469/111020817 microseconds
time: 117.000s, sent: 0 msg/s, received: 102823 msg/s, min/avg/max latency: 76211211/97450393/112049980 microseconds
time: 118.000s, sent: 0 msg/s, received: 102030 msg/s, min/avg/max latency: 70750693/97451811/111945479 microseconds
time: 119.000s, sent: 0 msg/s, received: 102321 msg/s, min/avg/max latency: 72867045/98078346/112830724 microseconds
time: 120.000s, sent: 0 msg/s, received: 103535 msg/s, min/avg/max latency: 73513314/98256472/113835367 microseconds
time: 121.000s, sent: 0 msg/s, received: 103569 msg/s, min/avg/max latency: 74490500/98085946/114680448 microseconds
time: 122.000s, sent: 0 msg/s, received: 102866 msg/s, min/avg/max latency: 75123812/98290341/115524690 microseconds
time: 123.000s, sent: 0 msg/s, received: 101712 msg/s, min/avg/max latency: 75382390/99134821/116521083 microseconds
time: 124.000s, sent: 0 msg/s, received: 103147 msg/s, min/avg/max latency: 76410101/99524780/117512361 microseconds
time: 125.000s, sent: 0 msg/s, received: 102891 msg/s, min/avg/max latency: 77284580/99805655/117807021 microseconds
time: 126.000s, sent: 0 msg/s, received: 103054 msg/s, min/avg/max latency: 78072152/99859846/118200684 microseconds
time: 127.000s, sent: 0 msg/s, received: 103562 msg/s, min/avg/max latency: 74259465/100092263/118440562 microseconds
time: 128.000s, sent: 0 msg/s, received: 102961 msg/s, min/avg/max latency: 77074361/100086128/118241357 microseconds
time: 129.000s, sent: 0 msg/s, received: 103880 msg/s, min/avg/max latency: 76459848/101177402/120891230 microseconds
time: 130.000s, sent: 0 msg/s, received: 103185 msg/s, min/avg/max latency: 77313211/102453091/122071064 microseconds
time: 131.000s, sent: 0 msg/s, received: 99650 msg/s, min/avg/max latency: 78369750/104258426/123081684 microseconds
time: 132.000s, sent: 0 msg/s, received: 104990 msg/s, min/avg/max latency: 79251518/100037407/123352197 microseconds
time: 133.000s, sent: 0 msg/s, received: 103437 msg/s, min/avg/max latency: 75042251/100259741/123237614 microseconds
time: 134.000s, sent: 0 msg/s, received: 103478 msg/s, min/avg/max latency: 75121805/100136846/124239028 microseconds
time: 135.000s, sent: 0 msg/s, received: 103503 msg/s, min/avg/max latency: 76238033/100143702/125184618 microseconds
time: 136.000s, sent: 0 msg/s, received: 103236 msg/s, min/avg/max latency: 77101576/99877318/126106252 microseconds
time: 137.000s, sent: 0 msg/s, received: 101980 msg/s, min/avg/max latency: 77886020/99657474/126115612 microseconds
time: 138.000s, sent: 0 msg/s, received: 101360 msg/s, min/avg/max latency: 77244377/99276106/128238431 microseconds
time: 139.000s, sent: 0 msg/s, received: 102470 msg/s, min/avg/max latency: 77520826/98053188/128387739 microseconds
time: 140.000s, sent: 0 msg/s, received: 103484 msg/s, min/avg/max latency: 78445045/97866919/128396271 microseconds
time: 141.000s, sent: 0 msg/s, received: 103306 msg/s, min/avg/max latency: 79446092/97501438/129280631 microseconds
time: 142.000s, sent: 0 msg/s, received: 102891 msg/s, min/avg/max latency: 80378654/102473806/132177324 microseconds
time: 143.000s, sent: 0 msg/s, received: 101665 msg/s, min/avg/max latency: 81392072/102101383/131342636 microseconds
time: 144.000s, sent: 0 msg/s, received: 100684 msg/s, min/avg/max latency: 82379644/101978521/131743074 microseconds
time: 145.000s, sent: 0 msg/s, received: 101524 msg/s, min/avg/max latency: 83374728/101100088/130571732 microseconds
time: 146.000s, sent: 0 msg/s, received: 102053 msg/s, min/avg/max latency: 84378973/101283845/131316827 microseconds
time: 147.000s, sent: 0 msg/s, received: 101199 msg/s, min/avg/max latency: 85379292/102619537/133144092 microseconds
time: 148.000s, sent: 0 msg/s, received: 98949 msg/s, min/avg/max latency: 86385177/105135948/134294312 microseconds
time: 149.000s, sent: 0 msg/s, received: 99634 msg/s, min/avg/max latency: 87375904/103053891/128928747 microseconds
time: 150.000s, sent: 0 msg/s, received: 98710 msg/s, min/avg/max latency: 88375827/104350749/128833412 microseconds
sending rate avg: 2926 msg/s
recving rate avg: 101710 msg/s
