starting consumer #0
starting producer #0
time: 1.000s, sent: 5929 msg/s, confirmed: 5018 msg/s, nacked: 0 msg/s, received: 5068 msg/s, min/avg/max latency: 488/56210/139058 microseconds
time: 2.000s, sent: 6866 msg/s, confirmed: 6907 msg/s, nacked: 0 msg/s, received: 6950 msg/s, min/avg/max latency: 458/46762/117515 microseconds
time: 3.000s, sent: 6141 msg/s, confirmed: 6011 msg/s, nacked: 0 msg/s, received: 6591 msg/s, min/avg/max latency: 577/48961/97727 microseconds
time: 4.015s, sent: 6816 msg/s, confirmed: 7801 msg/s, nacked: 0 msg/s, received: 7138 msg/s, min/avg/max latency: 486/45823/105225 microseconds
time: 5.015s, sent: 7011 msg/s, confirmed: 6011 msg/s, nacked: 0 msg/s, received: 6725 msg/s, min/avg/max latency: 506/49326/101931 microseconds
time: 6.015s, sent: 7829 msg/s, confirmed: 7905 msg/s, nacked: 0 msg/s, received: 7256 msg/s, min/avg/max latency: 566/41334/182711 microseconds
time: 7.049s, sent: 5823 msg/s, confirmed: 6716 msg/s, nacked: 0 msg/s, received: 6653 msg/s, min/avg/max latency: 535/50182/111722 microseconds
time: 8.082s, sent: 6787 msg/s, confirmed: 6787 msg/s, nacked: 0 msg/s, received: 6787 msg/s, min/avg/max latency: 512/46817/101812 microseconds
time: 9.108s, sent: 6725 msg/s, confirmed: 6725 msg/s, nacked: 0 msg/s, received: 6725 msg/s, min/avg/max latency: 411/50684/111273 microseconds
time: 10.149s, sent: 6640 msg/s, confirmed: 6640 msg/s, nacked: 0 msg/s, received: 6640 msg/s, min/avg/max latency: 690/43123/146595 microseconds
time: 11.149s, sent: 7000 msg/s, confirmed: 7000 msg/s, nacked: 0 msg/s, received: 7000 msg/s, min/avg/max latency: 520/39552/86077 microseconds
time: 12.149s, sent: 5921 msg/s, confirmed: 4921 msg/s, nacked: 0 msg/s, received: 5731 msg/s, min/avg/max latency: 474/47751/383307 microseconds
time: 13.158s, sent: 4978 msg/s, confirmed: 5969 msg/s, nacked: 0 msg/s, received: 5166 msg/s, min/avg/max latency: 498/58490/107734 microseconds
time: 14.158s, sent: 6920 msg/s, confirmed: 5920 msg/s, nacked: 0 msg/s, received: 6063 msg/s, min/avg/max latency: 455/49510/142925 microseconds
time: 15.158s, sent: 6003 msg/s, confirmed: 6003 msg/s, nacked: 0 msg/s, received: 6481 msg/s, min/avg/max latency: 467/45163/107356 microseconds
time: 16.158s, sent: 5933 msg/s, confirmed: 5933 msg/s, nacked: 0 msg/s, received: 5773 msg/s, min/avg/max latency: 590/49747/137620 microseconds
time: 17.217s, sent: 5562 msg/s, confirmed: 6507 msg/s, nacked: 0 msg/s, received: 6071 msg/s, min/avg/max latency: 458/50841/154531 microseconds
time: 18.217s, sent: 7006 msg/s, confirmed: 6006 msg/s, nacked: 0 msg/s, received: 6623 msg/s, min/avg/max latency: 451/53519/134150 microseconds
time: 19.259s, sent: 6638 msg/s, confirmed: 7597 msg/s, nacked: 0 msg/s, received: 7005 msg/s, min/avg/max latency: 507/40968/115845 microseconds
time: 20.259s, sent: 7835 msg/s, confirmed: 6922 msg/s, nacked: 0 msg/s, received: 7016 msg/s, min/avg/max latency: 460/45364/108683 microseconds
time: 21.301s, sent: 5851 msg/s, confirmed: 6727 msg/s, nacked: 0 msg/s, received: 6637 msg/s, min/avg/max latency: 479/50180/116665 microseconds
time: 22.334s, sent: 6696 msg/s, confirmed: 6696 msg/s, nacked: 0 msg/s, received: 6696 msg/s, min/avg/max latency: 445/50600/122118 microseconds
time: 23.342s, sent: 6953 msg/s, confirmed: 6953 msg/s, nacked: 0 msg/s, received: 6953 msg/s, min/avg/max latency: 519/44690/100477 microseconds
time: 24.342s, sent: 7911 msg/s, confirmed: 6911 msg/s, nacked: 0 msg/s, received: 7158 msg/s, min/avg/max latency: 478/45688/120877 microseconds
time: 25.342s, sent: 6922 msg/s, confirmed: 6922 msg/s, nacked: 0 msg/s, received: 7368 msg/s, min/avg/max latency: 546/42567/105546 microseconds
time: 26.351s, sent: 5960 msg/s, confirmed: 6951 msg/s, nacked: 0 msg/s, received: 6264 msg/s, min/avg/max latency: 459/61456/133657 microseconds
time: 27.351s, sent: 7873 msg/s, confirmed: 6911 msg/s, nacked: 0 msg/s, received: 6997 msg/s, min/avg/max latency: 523/47277/109311 microseconds
time: 28.351s, sent: 6959 msg/s, confirmed: 6921 msg/s, nacked: 0 msg/s, received: 6900 msg/s, min/avg/max latency: 520/46887/127292 microseconds
time: 29.351s, sent: 7000 msg/s, confirmed: 7000 msg/s, nacked: 0 msg/s, received: 7351 msg/s, min/avg/max latency: 533/39126/79392 microseconds
time: 30.351s, sent: 5924 msg/s, confirmed: 6924 msg/s, nacked: 0 msg/s, received: 6508 msg/s, min/avg/max latency: 506/51541/125669 microseconds
time: 31.393s, sent: 6719 msg/s, confirmed: 5760 msg/s, nacked: 0 msg/s, received: 6642 msg/s, min/avg/max latency: 436/48630/116815 microseconds
time: 32.410s, sent: 6804 msg/s, confirmed: 7787 msg/s, nacked: 0 msg/s, received: 6882 msg/s, min/avg/max latency: 509/40688/125606 microseconds
time: 33.410s, sent: 7801 msg/s, confirmed: 6923 msg/s, nacked: 0 msg/s, received: 7028 msg/s, min/avg/max latency: 534/44657/107626 microseconds
time: 34.410s, sent: 7122 msg/s, confirmed: 7000 msg/s, nacked: 0 msg/s, received: 7212 msg/s, min/avg/max latency: 518/38394/79912 microseconds
time: 35.433s, sent: 6625 msg/s, confirmed: 6769 msg/s, nacked: 0 msg/s, received: 6460 msg/s, min/avg/max latency: 431/43969/106605 microseconds
time: 36.433s, sent: 7069 msg/s, confirmed: 6922 msg/s, nacked: 0 msg/s, received: 7042 msg/s, min/avg/max latency: 548/49829/118756 microseconds
time: 37.433s, sent: 7001 msg/s, confirmed: 7001 msg/s, nacked: 0 msg/s, received: 7014 msg/s, min/avg/max latency: 436/45027/105774 microseconds
time: 38.433s, sent: 6921 msg/s, confirmed: 6921 msg/s, nacked: 0 msg/s, received: 7447 msg/s, min/avg/max latency: 498/39337/110090 microseconds
time: 39.433s, sent: 6923 msg/s, confirmed: 6923 msg/s, nacked: 0 msg/s, received: 6894 msg/s, min/avg/max latency: 430/43034/118168 microseconds
time: 40.433s, sent: 7001 msg/s, confirmed: 7001 msg/s, nacked: 0 msg/s, received: 7197 msg/s, min/avg/max latency: 466/46712/115606 microseconds
time: 41.433s, sent: 6923 msg/s, confirmed: 6923 msg/s, nacked: 0 msg/s, received: 6915 msg/s, min/avg/max latency: 429/46348/123500 microseconds
time: 42.433s, sent: 6922 msg/s, confirmed: 6922 msg/s, nacked: 0 msg/s, received: 6920 msg/s, min/avg/max latency: 491/44030/105070 microseconds
time: 43.433s, sent: 7006 msg/s, confirmed: 7006 msg/s, nacked: 0 msg/s, received: 6530 msg/s, min/avg/max latency: 492/49527/108770 microseconds
time: 44.487s, sent: 6563 msg/s, confirmed: 7512 msg/s, nacked: 0 msg/s, received: 7188 msg/s, min/avg/max latency: 566/46036/112923 microseconds
time: 45.487s, sent: 7002 msg/s, confirmed: 6002 msg/s, nacked: 0 msg/s, received: 6797 msg/s, min/avg/max latency: 463/50281/113450 microseconds
time: 46.503s, sent: 6812 msg/s, confirmed: 7796 msg/s, nacked: 0 msg/s, received: 7013 msg/s, min/avg/max latency: 474/46340/118458 microseconds
time: 47.553s, sent: 6594 msg/s, confirmed: 6594 msg/s, nacked: 0 msg/s, received: 6594 msg/s, min/avg/max latency: 462/50039/115858 microseconds
time: 48.562s, sent: 6938 msg/s, confirmed: 6938 msg/s, nacked: 0 msg/s, received: 6938 msg/s, min/avg/max latency: 437/42520/102914 microseconds
time: 49.562s, sent: 7920 msg/s, confirmed: 6920 msg/s, nacked: 0 msg/s, received: 7653 msg/s, min/avg/max latency: 687/43062/119133 microseconds
time: 50.612s, sent: 6594 msg/s, confirmed: 7546 msg/s, nacked: 0 msg/s, received: 6848 msg/s, min/avg/max latency: 488/43756/94175 microseconds
time: 51.645s, sent: 6779 msg/s, confirmed: 6779 msg/s, nacked: 0 msg/s, received: 6779 msg/s, min/avg/max latency: 554/43090/100481 microseconds
time: 52.671s, sent: 6744 msg/s, confirmed: 6744 msg/s, nacked: 0 msg/s, received: 6744 msg/s, min/avg/max latency: 623/49564/114735 microseconds
time: 53.679s, sent: 6867 msg/s, confirmed: 6867 msg/s, nacked: 0 msg/s, received: 6867 msg/s, min/avg/max latency: 484/46661/126496 microseconds
time: 54.730s, sent: 6661 msg/s, confirmed: 6661 msg/s, nacked: 0 msg/s, received: 6661 msg/s, min/avg/max latency: 430/45500/107447 microseconds
time: 55.730s, sent: 7924 msg/s, confirmed: 6924 msg/s, nacked: 0 msg/s, received: 7481 msg/s, min/avg/max latency: 510/39562/92110 microseconds
time: 56.730s, sent: 6922 msg/s, confirmed: 6922 msg/s, nacked: 0 msg/s, received: 6480 msg/s, min/avg/max latency: 470/47667/140939 microseconds
time: 57.755s, sent: 5858 msg/s, confirmed: 6834 msg/s, nacked: 0 msg/s, received: 6721 msg/s, min/avg/max latency: 491/53495/104249 microseconds
time: 58.755s, sent: 7917 msg/s, confirmed: 6917 msg/s, nacked: 0 msg/s, received: 7436 msg/s, min/avg/max latency: 520/38588/106844 microseconds
time: 59.755s, sent: 6886 msg/s, confirmed: 6924 msg/s, nacked: 0 msg/s, received: 6614 msg/s, min/avg/max latency: 467/51967/126202 microseconds
sending rate avg: 6756 msg/s
recving rate avg: 6756 msg/s
