starting consumer #0
starting consumer #1
starting consumer #2
starting consumer #3
starting consumer #4
starting consumer #5
starting consumer #6
starting consumer #7
starting consumer #8
starting consumer #9
starting consumer #10
starting consumer #11
starting consumer #12
starting consumer #13
starting consumer #14
starting consumer #15
starting consumer #16
starting consumer #17
starting consumer #18
starting consumer #19
starting consumer #20
starting consumer #21
starting consumer #22
starting consumer #23
starting consumer #24
starting consumer #25
starting consumer #26
starting consumer #27
starting consumer #28
starting consumer #29
starting consumer #30
starting consumer #31
starting consumer #32
starting consumer #33
starting consumer #34
starting consumer #35
starting consumer #36
starting consumer #37
starting consumer #38
starting consumer #39
starting consumer #40
starting consumer #41
starting consumer #42
starting consumer #43
starting consumer #44
starting consumer #45
starting consumer #46
starting consumer #47
starting consumer #48
starting consumer #49
starting producer #0
starting producer #1
starting producer #2
starting producer #3
starting producer #4
starting producer #5
starting producer #6
starting producer #7
starting producer #8
starting producer #9
starting producer #10
starting producer #11
starting producer #12
starting producer #13
starting producer #14
starting producer #15
starting producer #16
starting producer #17
starting producer #18
starting producer #19
starting producer #20
starting producer #21
starting producer #22
starting producer #23
starting producer #24
starting producer #25
starting producer #26
starting producer #27
starting producer #28
starting producer #29
starting producer #30
starting producer #31
starting producer #32
starting producer #33
starting producer #34
starting producer #35
starting producer #36
starting producer #37
starting producer #38
starting producer #39
starting producer #40
starting producer #41
starting producer #42
starting producer #43
starting producer #44
starting producer #45
starting producer #46
starting producer #47
starting producer #48
starting producer #49
time: 1.000s, sent: 27017 msg/s, confirmed: 474 msg/s, nacked: 0 msg/s, received: 38781 msg/s, min/avg/max latency: 3998/215071/374852 microseconds
time: 2.000s, sent: 25072 msg/s, confirmed: 1615 msg/s, nacked: 0 msg/s, received: 101400 msg/s, min/avg/max latency: 273327/818893/1374242 microseconds
time: 3.000s, sent: 1598 msg/s, confirmed: 1611 msg/s, nacked: 0 msg/s, received: 103593 msg/s, min/avg/max latency: 1193055/1793094/2372385 microseconds
time: 4.000s, sent: 1536 msg/s, confirmed: 1604 msg/s, nacked: 0 msg/s, received: 103627 msg/s, min/avg/max latency: 2079976/2772993/3370840 microseconds
time: 5.000s, sent: 1165 msg/s, confirmed: 1334 msg/s, nacked: 0 msg/s, received: 103665 msg/s, min/avg/max latency: 2988334/3753041/4371402 microseconds
time: 6.000s, sent: 2262 msg/s, confirmed: 2244 msg/s, nacked: 0 msg/s, received: 103569 msg/s, min/avg/max latency: 4028315/4731003/5365954 microseconds
time: 7.000s, sent: 1625 msg/s, confirmed: 1523 msg/s, nacked: 0 msg/s, received: 103636 msg/s, min/avg/max latency: 4901959/5715043/6367908 microseconds
time: 8.000s, sent: 2845 msg/s, confirmed: 2777 msg/s, nacked: 0 msg/s, received: 103628 msg/s, min/avg/max latency: 5906150/6699053/7367862 microseconds
time: 9.000s, sent: 1585 msg/s, confirmed: 1689 msg/s, nacked: 0 msg/s, received: 102085 msg/s, min/avg/max latency: 6905843/7666386/8348363 microseconds
time: 10.000s, sent: 4441 msg/s, confirmed: 4275 msg/s, nacked: 0 msg/s, received: 104268 msg/s, min/avg/max latency: 7840727/8620123/9359908 microseconds
time: 11.000s, sent: 830 msg/s, confirmed: 830 msg/s, nacked: 0 msg/s, received: 103817 msg/s, min/avg/max latency: 8799007/9586309/10345591 microseconds
time: 12.000s, sent: 4279 msg/s, confirmed: 4279 msg/s, nacked: 0 msg/s, received: 103758 msg/s, min/avg/max latency: 9750257/10550415/11326653 microseconds
time: 13.000s, sent: 1316 msg/s, confirmed: 1316 msg/s, nacked: 0 msg/s, received: 103755 msg/s, min/avg/max latency: 10678992/11510414/12326047 microseconds
time: 14.000s, sent: 4170 msg/s, confirmed: 4170 msg/s, nacked: 0 msg/s, received: 103479 msg/s, min/avg/max latency: 11560380/12481626/13299348 microseconds
time: 15.000s, sent: 2439 msg/s, confirmed: 2439 msg/s, nacked: 0 msg/s, received: 103995 msg/s, min/avg/max latency: 11738620/13448022/14293260 microseconds
time: 16.000s, sent: 428 msg/s, confirmed: 428 msg/s, nacked: 0 msg/s, received: 103801 msg/s, min/avg/max latency: 13099657/14401476/15265502 microseconds
time: 17.000s, sent: 3443 msg/s, confirmed: 3443 msg/s, nacked: 0 msg/s, received: 103701 msg/s, min/avg/max latency: 13702268/15370824/16242026 microseconds
time: 18.000s, sent: 2154 msg/s, confirmed: 2154 msg/s, nacked: 0 msg/s, received: 103763 msg/s, min/avg/max latency: 12531560/16312112/17257747 microseconds
time: 19.000s, sent: 4583 msg/s, confirmed: 4583 msg/s, nacked: 0 msg/s, received: 103725 msg/s, min/avg/max latency: 10888106/17208066/18227095 microseconds
time: 20.000s, sent: 1231 msg/s, confirmed: 1231 msg/s, nacked: 0 msg/s, received: 103763 msg/s, min/avg/max latency: 12335799/18167023/19240363 microseconds
time: 21.000s, sent: 1778 msg/s, confirmed: 1778 msg/s, nacked: 0 msg/s, received: 103797 msg/s, min/avg/max latency: 12436148/19012635/20254346 microseconds
time: 22.000s, sent: 543 msg/s, confirmed: 543 msg/s, nacked: 0 msg/s, received: 103889 msg/s, min/avg/max latency: 13806135/19750996/21228125 microseconds
time: 23.000s, sent: 7559 msg/s, confirmed: 7559 msg/s, nacked: 0 msg/s, received: 103634 msg/s, min/avg/max latency: 13071665/20449645/22232185 microseconds
time: 24.000s, sent: 317 msg/s, confirmed: 317 msg/s, nacked: 0 msg/s, received: 103758 msg/s, min/avg/max latency: 13266243/21117878/23215870 microseconds
time: 25.000s, sent: 1061 msg/s, confirmed: 1061 msg/s, nacked: 0 msg/s, received: 103779 msg/s, min/avg/max latency: 12644013/21761385/24159621 microseconds
time: 26.000s, sent: 2546 msg/s, confirmed: 2546 msg/s, nacked: 0 msg/s, received: 103837 msg/s, min/avg/max latency: 12785256/22131885/25143514 microseconds
time: 27.000s, sent: 2790 msg/s, confirmed: 2790 msg/s, nacked: 0 msg/s, received: 103819 msg/s, min/avg/max latency: 12799666/22357926/26096945 microseconds
time: 28.000s, sent: 164 msg/s, confirmed: 164 msg/s, nacked: 0 msg/s, received: 103908 msg/s, min/avg/max latency: 13768402/22346680/27092781 microseconds
time: 29.000s, sent: 6999 msg/s, confirmed: 6999 msg/s, nacked: 0 msg/s, received: 94967 msg/s, min/avg/max latency: 11705067/22821845/28028065 microseconds
time: 30.000s, sent: 22 msg/s, confirmed: 22 msg/s, nacked: 0 msg/s, received: 103107 msg/s, min/avg/max latency: 11992371/22915582/29009036 microseconds
time: 31.000s, sent: 0 msg/s, confirmed: 0 msg/s, nacked: 0 msg/s, received: 103894 msg/s, min/avg/max latency: 12978444/23029662/29977375 microseconds
time: 32.000s, sent: 3069 msg/s, confirmed: 3069 msg/s, nacked: 0 msg/s, received: 103832 msg/s, min/avg/max latency: 12229782/22962179/30986687 microseconds
time: 33.000s, sent: 2634 msg/s, confirmed: 2634 msg/s, nacked: 0 msg/s, received: 103777 msg/s, min/avg/max latency: 12399478/23197024/31949212 microseconds
time: 34.000s, sent: 2791 msg/s, confirmed: 2796 msg/s, nacked: 0 msg/s, received: 103784 msg/s, min/avg/max latency: 11956983/23534144/32944012 microseconds
time: 35.000s, sent: 870 msg/s, confirmed: 865 msg/s, nacked: 0 msg/s, received: 103887 msg/s, min/avg/max latency: 11968964/23770918/33906599 microseconds
time: 36.000s, sent: 4427 msg/s, confirmed: 4427 msg/s, nacked: 0 msg/s, received: 103755 msg/s, min/avg/max latency: 13484523/23950165/34835141 microseconds
time: 37.000s, sent: 703 msg/s, confirmed: 703 msg/s, nacked: 0 msg/s, received: 103872 msg/s, min/avg/max latency: 8474238/23894833/35700477 microseconds
time: 38.000s, sent: 419 msg/s, confirmed: 419 msg/s, nacked: 0 msg/s, received: 103880 msg/s, min/avg/max latency: 8806506/24365618/36660586 microseconds
time: 39.000s, sent: 3689 msg/s, confirmed: 3689 msg/s, nacked: 0 msg/s, received: 103781 msg/s, min/avg/max latency: 14460136/24590397/37709218 microseconds
time: 40.000s, sent: 3046 msg/s, confirmed: 3046 msg/s, nacked: 0 msg/s, received: 103842 msg/s, min/avg/max latency: 11045343/24495209/38703138 microseconds
time: 41.000s, sent: 5615 msg/s, confirmed: 5615 msg/s, nacked: 0 msg/s, received: 103793 msg/s, min/avg/max latency: 11949041/24679182/39696976 microseconds
time: 42.000s, sent: 1017 msg/s, confirmed: 1017 msg/s, nacked: 0 msg/s, received: 103874 msg/s, min/avg/max latency: 12617855/25059522/40327419 microseconds
time: 43.000s, sent: 1641 msg/s, confirmed: 1641 msg/s, nacked: 0 msg/s, received: 103884 msg/s, min/avg/max latency: 9270549/25254040/40217442 microseconds
time: 44.000s, sent: 3173 msg/s, confirmed: 3173 msg/s, nacked: 0 msg/s, received: 86506 msg/s, min/avg/max latency: 9129418/25055281/41191999 microseconds
time: 45.000s, sent: 1641 msg/s, confirmed: 1641 msg/s, nacked: 0 msg/s, received: 101981 msg/s, min/avg/max latency: 8780204/25492697/40917793 microseconds
time: 46.000s, sent: 1682 msg/s, confirmed: 1682 msg/s, nacked: 0 msg/s, received: 103855 msg/s, min/avg/max latency: 9735903/25919552/39013763 microseconds
time: 47.000s, sent: 283 msg/s, confirmed: 283 msg/s, nacked: 0 msg/s, received: 103915 msg/s, min/avg/max latency: 10472118/26328423/39223851 microseconds
time: 48.000s, sent: 791 msg/s, confirmed: 791 msg/s, nacked: 0 msg/s, received: 103913 msg/s, min/avg/max latency: 11464397/26026839/37520992 microseconds
time: 49.000s, sent: 5895 msg/s, confirmed: 5895 msg/s, nacked: 0 msg/s, received: 103814 msg/s, min/avg/max latency: 12441155/25991274/37962861 microseconds
time: 50.000s, sent: 2652 msg/s, confirmed: 2652 msg/s, nacked: 0 msg/s, received: 103781 msg/s, min/avg/max latency: 13456228/26189544/38776822 microseconds
time: 51.000s, sent: 3154 msg/s, confirmed: 3154 msg/s, nacked: 0 msg/s, received: 103822 msg/s, min/avg/max latency: 14160897/26606696/39722126 microseconds
time: 52.000s, sent: 386 msg/s, confirmed: 386 msg/s, nacked: 0 msg/s, received: 101999 msg/s, min/avg/max latency: 11910067/27071047/40396777 microseconds
time: 53.000s, sent: 1966 msg/s, confirmed: 1966 msg/s, nacked: 0 msg/s, received: 103895 msg/s, min/avg/max latency: 12023849/26660578/40922283 microseconds
time: 54.000s, sent: 4476 msg/s, confirmed: 4476 msg/s, nacked: 0 msg/s, received: 98270 msg/s, min/avg/max latency: 12866518/26725688/39083156 microseconds
time: 55.000s, sent: 995 msg/s, confirmed: 995 msg/s, nacked: 0 msg/s, received: 101948 msg/s, min/avg/max latency: 13852307/26352830/39405808 microseconds
time: 56.000s, sent: 1147 msg/s, confirmed: 1147 msg/s, nacked: 0 msg/s, received: 103859 msg/s, min/avg/max latency: 14851359/26532958/40996520 microseconds
time: 57.000s, sent: 3475 msg/s, confirmed: 3475 msg/s, nacked: 0 msg/s, received: 103762 msg/s, min/avg/max latency: 13269367/27839374/40948952 microseconds
time: 58.000s, sent: 870 msg/s, confirmed: 870 msg/s, nacked: 0 msg/s, received: 103902 msg/s, min/avg/max latency: 13946508/27145797/41093275 microseconds
time: 59.000s, sent: 2723 msg/s, confirmed: 2723 msg/s, nacked: 0 msg/s, received: 103884 msg/s, min/avg/max latency: 14559768/27215203/41454554 microseconds
time: 60.000s, sent: 824 msg/s, confirmed: 824 msg/s, nacked: 0 msg/s, received: 103877 msg/s, min/avg/max latency: 10608219/27655217/41122311 microseconds
time: 61.000s, sent: 1274 msg/s, confirmed: 2187 msg/s, nacked: 0 msg/s, received: 103847 msg/s, min/avg/max latency: 11903885/27693550/41128906 microseconds
time: 62.000s, sent: 4.0 msg/s, confirmed: 1254 msg/s, nacked: 0 msg/s, received: 103858 msg/s, min/avg/max latency: 12992620/27767173/41203804 microseconds
time: 63.000s, sent: 13 msg/s, confirmed: 3871 msg/s, nacked: 0 msg/s, received: 103821 msg/s, min/avg/max latency: 13427382/27730992/40785868 microseconds
time: 64.000s, sent: 6.0 msg/s, confirmed: 4944 msg/s, nacked: 0 msg/s, received: 103525 msg/s, min/avg/max latency: 14388153/27987072/41267784 microseconds
time: 65.000s, sent: 0 msg/s, confirmed: 1000 msg/s, nacked: 0 msg/s, received: 82695 msg/s, min/avg/max latency: 14468522/28362850/42071088 microseconds
time: 66.000s, sent: 0 msg/s, confirmed: 1963 msg/s, nacked: 0 msg/s, received: 101622 msg/s, min/avg/max latency: 12351733/28588040/40479422 microseconds
time: 67.000s, sent: 0 msg/s, confirmed: 2223 msg/s, nacked: 0 msg/s, received: 103337 msg/s, min/avg/max latency: 12762384/28171638/41069450 microseconds
time: 68.000s, sent: 0 msg/s, confirmed: 1649 msg/s, nacked: 0 msg/s, received: 103841 msg/s, min/avg/max latency: 13521629/28077086/41829734 microseconds
time: 69.000s, sent: 0 msg/s, confirmed: 2340 msg/s, nacked: 0 msg/s, received: 103857 msg/s, min/avg/max latency: 10646692/28669804/42423526 microseconds
time: 70.000s, sent: 0 msg/s, confirmed: 963 msg/s, nacked: 0 msg/s, received: 103872 msg/s, min/avg/max latency: 10667155/28749357/42343515 microseconds
time: 71.000s, sent: 0 msg/s, confirmed: 4124 msg/s, nacked: 0 msg/s, received: 103800 msg/s, min/avg/max latency: 11601595/28486972/42459431 microseconds
time: 72.000s, sent: 0 msg/s, confirmed: 1449 msg/s, nacked: 0 msg/s, received: 103291 msg/s, min/avg/max latency: 12610830/28918719/43444071 microseconds
time: 73.000s, sent: 0 msg/s, confirmed: 3011 msg/s, nacked: 0 msg/s, received: 104484 msg/s, min/avg/max latency: 13600473/29013796/43563038 microseconds
time: 74.000s, sent: 0 msg/s, confirmed: 1410 msg/s, nacked: 0 msg/s, received: 103898 msg/s, min/avg/max latency: 10267863/28749401/39884292 microseconds
time: 75.000s, sent: 0 msg/s, confirmed: 679 msg/s, nacked: 0 msg/s, received: 103876 msg/s, min/avg/max latency: 10983689/28911598/42416953 microseconds
time: 76.000s, sent: 0 msg/s, confirmed: 3572 msg/s, nacked: 0 msg/s, received: 103905 msg/s, min/avg/max latency: 14163867/28736945/42456005 microseconds
time: 77.000s, sent: 0 msg/s, confirmed: 1711 msg/s, nacked: 0 msg/s, received: 103888 msg/s, min/avg/max latency: 12572901/29566397/42896861 microseconds
time: 78.000s, sent: 0 msg/s, confirmed: 5114 msg/s, nacked: 0 msg/s, received: 103851 msg/s, min/avg/max latency: 13958267/29714097/43118803 microseconds
time: 79.001s, sent: 0 msg/s, confirmed: 6760 msg/s, nacked: 0 msg/s, received: 102674 msg/s, min/avg/max latency: 14385258/30616863/43389800 microseconds
time: 80.001s, sent: 0 msg/s, confirmed: 0 msg/s, nacked: 0 msg/s, received: 104855 msg/s, min/avg/max latency: 15550042/31022315/43914212 microseconds
time: 81.001s, sent: 0 msg/s, confirmed: 0 msg/s, nacked: 0 msg/s, received: 102351 msg/s, min/avg/max latency: 16535984/30541358/43948607 microseconds
time: 82.001s, sent: 0 msg/s, confirmed: 0 msg/s, nacked: 0 msg/s, received: 101401 msg/s, min/avg/max latency: 17430483/30705699/42732189 microseconds
time: 83.001s, sent: 0 msg/s, confirmed: 0 msg/s, nacked: 0 msg/s, received: 101668 msg/s, min/avg/max latency: 18565017/31094710/43723720 microseconds
time: 84.001s, sent: 0 msg/s, confirmed: 0 msg/s, nacked: 0 msg/s, received: 103881 msg/s, min/avg/max latency: 19420584/30787773/44785570 microseconds
time: 85.001s, sent: 0 msg/s, confirmed: 0 msg/s, nacked: 0 msg/s, received: 103085 msg/s, min/avg/max latency: 20630088/30272653/45753722 microseconds
time: 86.001s, sent: 0 msg/s, confirmed: 0 msg/s, nacked: 0 msg/s, received: 104126 msg/s, min/avg/max latency: 21344735/31758887/46069310 microseconds
time: 87.001s, sent: 0 msg/s, confirmed: 0 msg/s, nacked: 0 msg/s, received: 103296 msg/s, min/avg/max latency: 22322862/31767440/46845483 microseconds
time: 88.001s, sent: 0 msg/s, confirmed: 0 msg/s, nacked: 0 msg/s, received: 103482 msg/s, min/avg/max latency: 23338232/31718747/47024469 microseconds
time: 89.001s, sent: 0 msg/s, confirmed: 0 msg/s, nacked: 0 msg/s, received: 102145 msg/s, min/avg/max latency: 24346618/32472909/44183526 microseconds
sending rate avg: 2075 msg/s
recving rate avg: 102048 msg/s
