starting consumer #0
starting producer #0
time: 1.000s, sent: 54280 msg/s, received: 51070 msg/s, min/avg/max latency: 1962/50901/69262 microseconds
time: 2.000s, sent: 57322 msg/s, received: 57567 msg/s, min/avg/max latency: 48540/58608/69788 microseconds
time: 3.000s, sent: 57979 msg/s, received: 57375 msg/s, min/avg/max latency: 48050/58705/75661 microseconds
time: 4.000s, sent: 56963 msg/s, received: 57103 msg/s, min/avg/max latency: 47901/58766/73736 microseconds
time: 5.000s, sent: 57322 msg/s, received: 57426 msg/s, min/avg/max latency: 47946/59128/72193 microseconds
time: 6.000s, sent: 57980 msg/s, received: 58203 msg/s, min/avg/max latency: 47943/58236/72552 microseconds
time: 7.000s, sent: 58338 msg/s, received: 58432 msg/s, min/avg/max latency: 46389/57924/68031 microseconds
time: 8.000s, sent: 57672 msg/s, received: 57126 msg/s, min/avg/max latency: 47969/59483/77525 microseconds
time: 9.000s, sent: 56254 msg/s, received: 56320 msg/s, min/avg/max latency: 47966/60057/75214 microseconds
time: 10.000s, sent: 58339 msg/s, received: 58105 msg/s, min/avg/max latency: 48320/58235/71473 microseconds
time: 11.000s, sent: 56962 msg/s, received: 57379 msg/s, min/avg/max latency: 45285/59158/73298 microseconds
time: 12.000s, sent: 55946 msg/s, received: 55929 msg/s, min/avg/max latency: 48575/60557/79074 microseconds
time: 13.000s, sent: 57321 msg/s, received: 57394 msg/s, min/avg/max latency: 47457/58938/80042 microseconds
time: 14.000s, sent: 56963 msg/s, received: 56389 msg/s, min/avg/max latency: 48182/60393/81221 microseconds
time: 15.000s, sent: 57787 msg/s, received: 57966 msg/s, min/avg/max latency: 48317/58353/71861 microseconds
time: 16.000s, sent: 57351 msg/s, received: 57864 msg/s, min/avg/max latency: 47710/58471/74237 microseconds
time: 17.000s, sent: 57126 msg/s, received: 56474 msg/s, min/avg/max latency: 48557/60270/78464 microseconds
time: 18.000s, sent: 56963 msg/s, received: 57217 msg/s, min/avg/max latency: 48675/59468/79609 microseconds
time: 19.000s, sent: 55945 msg/s, received: 55844 msg/s, min/avg/max latency: 47724/60686/83028 microseconds
time: 20.000s, sent: 57322 msg/s, received: 57195 msg/s, min/avg/max latency: 45942/58882/70695 microseconds
time: 21.000s, sent: 56962 msg/s, received: 57375 msg/s, min/avg/max latency: 48044/59387/78873 microseconds
time: 22.000s, sent: 56963 msg/s, received: 56698 msg/s, min/avg/max latency: 48386/59692/76247 microseconds
time: 23.000s, sent: 56124 msg/s, received: 56081 msg/s, min/avg/max latency: 45876/60410/80317 microseconds
time: 24.000s, sent: 57143 msg/s, received: 57626 msg/s, min/avg/max latency: 48971/58811/72591 microseconds
time: 25.000s, sent: 57536 msg/s, received: 57270 msg/s, min/avg/max latency: 49108/59122/74799 microseconds
time: 26.000s, sent: 56389 msg/s, received: 56795 msg/s, min/avg/max latency: 49438/59522/76530 microseconds
time: 27.000s, sent: 56305 msg/s, received: 55919 msg/s, min/avg/max latency: 46856/60363/76714 microseconds
time: 28.000s, sent: 56963 msg/s, received: 57157 msg/s, min/avg/max latency: 48880/59606/76014 microseconds
time: 29.000s, sent: 57979 msg/s, received: 58007 msg/s, min/avg/max latency: 47807/58266/70095 microseconds
time: 30.000s, sent: 56305 msg/s, received: 56137 msg/s, min/avg/max latency: 47562/60161/73483 microseconds
time: 31.000s, sent: 57980 msg/s, received: 58051 msg/s, min/avg/max latency: 47667/58586/72300 microseconds
time: 32.000s, sent: 58361 msg/s, received: 58372 msg/s, min/avg/max latency: 48007/57910/73069 microseconds
time: 33.000s, sent: 55923 msg/s, received: 56121 msg/s, min/avg/max latency: 44445/60248/81540 microseconds
time: 34.000s, sent: 57486 msg/s, received: 57154 msg/s, min/avg/max latency: 48707/59320/72472 microseconds
time: 35.000s, sent: 56439 msg/s, received: 56617 msg/s, min/avg/max latency: 48376/59794/77501 microseconds
time: 36.000s, sent: 57322 msg/s, received: 57173 msg/s, min/avg/max latency: 48024/59205/72549 microseconds
time: 37.000s, sent: 56963 msg/s, received: 56947 msg/s, min/avg/max latency: 48772/59322/72824 microseconds
time: 38.000s, sent: 55945 msg/s, received: 55591 msg/s, min/avg/max latency: 48101/61204/79988 microseconds
time: 39.000s, sent: 55287 msg/s, received: 55488 msg/s, min/avg/max latency: 45976/61036/81155 microseconds
time: 40.000s, sent: 56963 msg/s, received: 57170 msg/s, min/avg/max latency: 49004/59606/72975 microseconds
time: 41.000s, sent: 58885 msg/s, received: 58521 msg/s, min/avg/max latency: 48106/57973/69864 microseconds
time: 42.000s, sent: 56057 msg/s, received: 56591 msg/s, min/avg/max latency: 47442/59667/84420 microseconds
time: 43.000s, sent: 58339 msg/s, received: 58087 msg/s, min/avg/max latency: 47728/58389/72742 microseconds
time: 44.000s, sent: 56963 msg/s, received: 57230 msg/s, min/avg/max latency: 47355/59206/70905 microseconds
time: 45.000s, sent: 56304 msg/s, received: 55728 msg/s, min/avg/max latency: 47875/60892/89911 microseconds
time: 46.000s, sent: 54929 msg/s, received: 55208 msg/s, min/avg/max latency: 48210/61434/85249 microseconds
time: 47.000s, sent: 56304 msg/s, received: 56084 msg/s, min/avg/max latency: 44574/60359/80672 microseconds
time: 48.000s, sent: 56963 msg/s, received: 57020 msg/s, min/avg/max latency: 47651/59858/77134 microseconds
time: 49.000s, sent: 56962 msg/s, received: 57269 msg/s, min/avg/max latency: 48249/59352/76881 microseconds
time: 50.000s, sent: 58997 msg/s, received: 58514 msg/s, min/avg/max latency: 48302/58036/69598 microseconds
time: 51.000s, sent: 56963 msg/s, received: 57446 msg/s, min/avg/max latency: 47942/58923/73205 microseconds
time: 52.000s, sent: 57322 msg/s, received: 57623 msg/s, min/avg/max latency: 47142/58835/77458 microseconds
time: 53.000s, sent: 57980 msg/s, received: 57676 msg/s, min/avg/max latency: 47851/58775/70121 microseconds
time: 54.000s, sent: 57979 msg/s, received: 58044 msg/s, min/avg/max latency: 47773/58458/72543 microseconds
time: 55.000s, sent: 57980 msg/s, received: 58065 msg/s, min/avg/max latency: 48869/58157/69637 microseconds
time: 56.000s, sent: 57322 msg/s, received: 57290 msg/s, min/avg/max latency: 46894/59177/77204 microseconds
time: 57.000s, sent: 56963 msg/s, received: 57131 msg/s, min/avg/max latency: 48765/59233/73011 microseconds
time: 58.000s, sent: 56962 msg/s, received: 56644 msg/s, min/avg/max latency: 48502/59761/75799 microseconds
time: 59.000s, sent: 57322 msg/s, received: 57219 msg/s, min/avg/max latency: 48653/59144/73064 microseconds
time: 60.000s, sent: 56173 msg/s, received: 56493 msg/s, min/avg/max latency: 48387/59930/74540 microseconds
sending rate avg: 56993 msg/s
recving rate avg: 56993 msg/s
