starting consumer #0
starting consumer #1
starting consumer #2
starting consumer #3
starting consumer #4
starting consumer #5
starting consumer #6
starting consumer #7
starting consumer #8
starting consumer #9
starting consumer #10
starting consumer #11
starting consumer #12
starting consumer #13
starting consumer #14
starting consumer #15
starting consumer #16
starting consumer #17
starting consumer #18
starting consumer #19
starting consumer #20
starting consumer #21
starting consumer #22
starting consumer #23
starting consumer #24
starting consumer #25
starting consumer #26
starting consumer #27
starting consumer #28
starting consumer #29
starting consumer #30
starting consumer #31
starting consumer #32
starting consumer #33
starting consumer #34
starting consumer #35
starting consumer #36
starting consumer #37
starting consumer #38
starting consumer #39
starting consumer #40
starting consumer #41
starting consumer #42
starting consumer #43
starting consumer #44
starting consumer #45
starting consumer #46
starting consumer #47
starting consumer #48
starting consumer #49
starting producer #0
starting producer #1
starting producer #2
starting producer #3
starting producer #4
starting producer #5
starting producer #6
starting producer #7
starting producer #8
starting producer #9
starting producer #10
starting producer #11
starting producer #12
starting producer #13
starting producer #14
starting producer #15
starting producer #16
starting producer #17
starting producer #18
starting producer #19
starting producer #20
starting producer #21
starting producer #22
starting producer #23
starting producer #24
starting producer #25
starting producer #26
starting producer #27
starting producer #28
starting producer #29
starting producer #30
starting producer #31
starting producer #32
starting producer #33
starting producer #34
starting producer #35
starting producer #36
starting producer #37
starting producer #38
starting producer #39
starting producer #40
starting producer #41
starting producer #42
starting producer #43
starting producer #44
starting producer #45
starting producer #46
starting producer #47
starting producer #48
starting producer #49
time: 1.000s, sent: 25070 msg/s, received: 39510 msg/s, min/avg/max latency: 12652/229898/384047 microseconds
time: 2.000s, sent: 28058 msg/s, received: 104100 msg/s, min/avg/max latency: 328444/840189/1381828 microseconds
time: 3.000s, sent: 7001 msg/s, received: 104073 msg/s, min/avg/max latency: 1154343/1803457/2381586 microseconds
time: 4.000s, sent: 5685 msg/s, received: 104076 msg/s, min/avg/max latency: 2083259/2789318/3379623 microseconds
time: 5.000s, sent: 16035 msg/s, received: 103977 msg/s, min/avg/max latency: 3019898/3770348/4380119 microseconds
time: 6.000s, sent: 46074 msg/s, received: 103934 msg/s, min/avg/max latency: 3996820/4740326/5378252 microseconds
time: 7.000s, sent: 26208 msg/s, received: 104015 msg/s, min/avg/max latency: 4772082/5681820/6378012 microseconds
time: 8.000s, sent: 22560 msg/s, received: 104068 msg/s, min/avg/max latency: 5595726/6627798/7378612 microseconds
time: 9.000s, sent: 20764 msg/s, received: 104067 msg/s, min/avg/max latency: 4828332/7595813/8380013 microseconds
time: 10.000s, sent: 4187 msg/s, received: 103875 msg/s, min/avg/max latency: 5826705/8571717/9378077 microseconds
time: 11.000s, sent: 4786 msg/s, received: 104115 msg/s, min/avg/max latency: 6051223/9521931/10379352 microseconds
time: 12.000s, sent: 4487 msg/s, received: 104114 msg/s, min/avg/max latency: 6025679/10388267/11375619 microseconds
time: 13.000s, sent: 7359 msg/s, received: 104031 msg/s, min/avg/max latency: 6981622/11291619/12374313 microseconds
time: 14.000s, sent: 7478 msg/s, received: 104074 msg/s, min/avg/max latency: 8022143/12222004/13370684 microseconds
time: 15.000s, sent: 2828 msg/s, received: 104002 msg/s, min/avg/max latency: 8979265/13069484/14369779 microseconds
time: 16.000s, sent: 2319 msg/s, received: 104105 msg/s, min/avg/max latency: 8320668/13954139/15369825 microseconds
time: 17.000s, sent: 8374 msg/s, received: 104075 msg/s, min/avg/max latency: 9190659/14836501/16371039 microseconds
time: 18.000s, sent: 3949 msg/s, received: 104082 msg/s, min/avg/max latency: 10205192/15744608/17368228 microseconds
time: 19.000s, sent: 1737 msg/s, received: 104098 msg/s, min/avg/max latency: 11203898/16556462/18370706 microseconds
time: 20.000s, sent: 7662 msg/s, received: 104070 msg/s, min/avg/max latency: 12180329/17336352/19372440 microseconds
time: 21.000s, sent: 4188 msg/s, received: 104091 msg/s, min/avg/max latency: 13185222/18192881/20365292 microseconds
time: 22.000s, sent: 5806 msg/s, received: 104080 msg/s, min/avg/max latency: 14179497/19143443/21372148 microseconds
time: 23.000s, sent: 3829 msg/s, received: 104099 msg/s, min/avg/max latency: 14816207/19932123/22371604 microseconds
time: 24.000s, sent: 4370 msg/s, received: 104021 msg/s, min/avg/max latency: 16177020/20777118/23369573 microseconds
time: 25.000s, sent: 4307 msg/s, received: 104106 msg/s, min/avg/max latency: 16746038/21539511/24375844 microseconds
time: 26.000s, sent: 4607 msg/s, received: 104068 msg/s, min/avg/max latency: 17072903/22323096/25367640 microseconds
time: 27.000s, sent: 538 msg/s, received: 104089 msg/s, min/avg/max latency: 18110270/23115877/26376216 microseconds
time: 28.000s, sent: 10767 msg/s, received: 104050 msg/s, min/avg/max latency: 19702815/24121298/27369030 microseconds
time: 29.000s, sent: 1854 msg/s, received: 104081 msg/s, min/avg/max latency: 20375605/25185810/28356076 microseconds
time: 30.000s, sent: 1795 msg/s, received: 102697 msg/s, min/avg/max latency: 21044952/26060829/29317685 microseconds
time: 31.000s, sent: 2752 msg/s, received: 105283 msg/s, min/avg/max latency: 22544270/26870821/30305016 microseconds
time: 32.000s, sent: 10173 msg/s, received: 104010 msg/s, min/avg/max latency: 23024975/27715629/31148808 microseconds
time: 33.000s, sent: 3648 msg/s, received: 104034 msg/s, min/avg/max latency: 24052779/28512235/32165377 microseconds
time: 34.000s, sent: 6583 msg/s, received: 104092 msg/s, min/avg/max latency: 25014769/29499012/33130837 microseconds
time: 35.000s, sent: 4788 msg/s, received: 102209 msg/s, min/avg/max latency: 26038951/30489342/34146405 microseconds
time: 36.000s, sent: 3412 msg/s, received: 104078 msg/s, min/avg/max latency: 27033412/31330905/35132217 microseconds
time: 37.000s, sent: 3531 msg/s, received: 104085 msg/s, min/avg/max latency: 28000761/32260952/36138239 microseconds
time: 38.000s, sent: 4010 msg/s, received: 104102 msg/s, min/avg/max latency: 29016539/33025427/37155897 microseconds
time: 39.000s, sent: 7419 msg/s, received: 104060 msg/s, min/avg/max latency: 30004818/34026223/38083253 microseconds
time: 40.000s, sent: 5207 msg/s, received: 104090 msg/s, min/avg/max latency: 31000594/34754496/39052905 microseconds
time: 41.000s, sent: 1674 msg/s, received: 104055 msg/s, min/avg/max latency: 31997987/35873880/39818262 microseconds
time: 42.000s, sent: 7299 msg/s, received: 104075 msg/s, min/avg/max latency: 31694291/36715679/40795858 microseconds
time: 43.000s, sent: 2574 msg/s, received: 104080 msg/s, min/avg/max latency: 31759634/37568139/41785759 microseconds
time: 44.000s, sent: 5504 msg/s, received: 104081 msg/s, min/avg/max latency: 32954666/38559537/42849633 microseconds
time: 45.000s, sent: 1617 msg/s, received: 104064 msg/s, min/avg/max latency: 33916948/39440946/43843956 microseconds
time: 46.000s, sent: 4485 msg/s, received: 104057 msg/s, min/avg/max latency: 35406032/40365672/44888563 microseconds
time: 47.000s, sent: 7238 msg/s, received: 104084 msg/s, min/avg/max latency: 35775447/41392249/45734394 microseconds
time: 48.000s, sent: 5862 msg/s, received: 104080 msg/s, min/avg/max latency: 36773549/42303072/46733810 microseconds
time: 49.000s, sent: 2873 msg/s, received: 104073 msg/s, min/avg/max latency: 37748737/43155977/47677660 microseconds
time: 50.000s, sent: 3769 msg/s, received: 104083 msg/s, min/avg/max latency: 38704271/44113311/48719075 microseconds
time: 51.000s, sent: 2873 msg/s, received: 104079 msg/s, min/avg/max latency: 39672481/45051546/49617235 microseconds
time: 52.000s, sent: 3831 msg/s, received: 101473 msg/s, min/avg/max latency: 40750760/45905961/50550730 microseconds
time: 53.000s, sent: 10651 msg/s, received: 104062 msg/s, min/avg/max latency: 41729315/46844554/51494200 microseconds
time: 54.000s, sent: 3111 msg/s, received: 103997 msg/s, min/avg/max latency: 41891491/47836393/52474288 microseconds
time: 55.000s, sent: 4248 msg/s, received: 104103 msg/s, min/avg/max latency: 42348659/48752337/53463232 microseconds
time: 56.000s, sent: 7121 msg/s, received: 104040 msg/s, min/avg/max latency: 44679196/49609946/54465073 microseconds
time: 57.000s, sent: 0 msg/s, received: 104102 msg/s, min/avg/max latency: 44312926/50600628/55397596 microseconds
time: 58.000s, sent: 4248 msg/s, received: 104087 msg/s, min/avg/max latency: 44191693/51553252/56360533 microseconds
time: 59.000s, sent: 4009 msg/s, received: 100621 msg/s, min/avg/max latency: 46425796/52580906/57381985 microseconds
time: 60.000s, sent: 658 msg/s, received: 104085 msg/s, min/avg/max latency: 47356029/53430986/58392341 microseconds
time: 61.000s, sent: 4524 msg/s, received: 104067 msg/s, min/avg/max latency: 46930119/54427035/59283302 microseconds
time: 62.000s, sent: 0 msg/s, received: 104090 msg/s, min/avg/max latency: 46670025/55321991/60286830 microseconds
time: 63.000s, sent: 0 msg/s, received: 104103 msg/s, min/avg/max latency: 48305736/56198704/61252316 microseconds
time: 64.000s, sent: 2.0 msg/s, received: 104102 msg/s, min/avg/max latency: 48373468/57131368/62213330 microseconds
time: 65.000s, sent: 1.0 msg/s, received: 104102 msg/s, min/avg/max latency: 48343409/58076492/63368646 microseconds
time: 66.000s, sent: 4.0 msg/s, received: 104108 msg/s, min/avg/max latency: 44904734/59006987/64210074 microseconds
time: 67.000s, sent: 3.0 msg/s, received: 104079 msg/s, min/avg/max latency: 45078869/59993501/65220986 microseconds
time: 68.000s, sent: 2.0 msg/s, received: 104088 msg/s, min/avg/max latency: 50098783/60767562/66349930 microseconds
time: 69.000s, sent: 1.0 msg/s, received: 99920 msg/s, min/avg/max latency: 47873590/61798200/67151733 microseconds
time: 70.000s, sent: 0 msg/s, received: 104103 msg/s, min/avg/max latency: 48077222/62677940/68157267 microseconds
time: 71.000s, sent: 0 msg/s, received: 104086 msg/s, min/avg/max latency: 49065341/63539792/69037579 microseconds
time: 72.000s, sent: 1.0 msg/s, received: 104085 msg/s, min/avg/max latency: 46300450/64547748/70066065 microseconds
time: 73.000s, sent: 0 msg/s, received: 104098 msg/s, min/avg/max latency: 48259028/65482582/71079790 microseconds
time: 74.000s, sent: 0 msg/s, received: 104064 msg/s, min/avg/max latency: 52078286/66516139/71824693 microseconds
time: 75.000s, sent: 0 msg/s, received: 104084 msg/s, min/avg/max latency: 50105817/67182299/72860937 microseconds
time: 76.000s, sent: 0 msg/s, received: 101684 msg/s, min/avg/max latency: 50423333/68213496/73549541 microseconds
time: 77.000s, sent: 0 msg/s, received: 104066 msg/s, min/avg/max latency: 51699758/69150211/75058266 microseconds
time: 78.000s, sent: 0 msg/s, received: 87247 msg/s, min/avg/max latency: 52290384/69930212/75933578 microseconds
time: 79.000s, sent: 0 msg/s, received: 104096 msg/s, min/avg/max latency: 54604775/70913078/76766093 microseconds
time: 80.000s, sent: 0 msg/s, received: 104103 msg/s, min/avg/max latency: 55935658/71809872/77755157 microseconds
time: 81.000s, sent: 0 msg/s, received: 104087 msg/s, min/avg/max latency: 55002971/72536584/78588708 microseconds
time: 82.000s, sent: 0 msg/s, received: 104063 msg/s, min/avg/max latency: 48347595/73438734/79774936 microseconds
time: 83.000s, sent: 0 msg/s, received: 104086 msg/s, min/avg/max latency: 49194384/74423668/80748164 microseconds
time: 84.000s, sent: 0 msg/s, received: 101579 msg/s, min/avg/max latency: 50615904/75173469/81772014 microseconds
time: 85.000s, sent: 0 msg/s, received: 104035 msg/s, min/avg/max latency: 57495286/76030522/82555581 microseconds
time: 86.000s, sent: 0 msg/s, received: 104121 msg/s, min/avg/max latency: 54647285/76484495/81531771 microseconds
time: 87.000s, sent: 0 msg/s, received: 104138 msg/s, min/avg/max latency: 54872199/77414490/84658405 microseconds
time: 88.000s, sent: 0 msg/s, received: 97769 msg/s, min/avg/max latency: 55052240/78622119/84956033 microseconds
time: 89.000s, sent: 0 msg/s, received: 86461 msg/s, min/avg/max latency: 55352816/79727013/84804329 microseconds
time: 90.000s, sent: 0 msg/s, received: 101081 msg/s, min/avg/max latency: 56268001/80121993/85934824 microseconds
time: 91.000s, sent: 0 msg/s, received: 104088 msg/s, min/avg/max latency: 57522395/80193746/87065158 microseconds
time: 92.000s, sent: 0 msg/s, received: 104092 msg/s, min/avg/max latency: 58266675/81729488/87794753 microseconds
time: 93.000s, sent: 0 msg/s, received: 102721 msg/s, min/avg/max latency: 59291191/82621928/88944303 microseconds
time: 94.000s, sent: 0 msg/s, received: 104093 msg/s, min/avg/max latency: 56460207/83101478/89471897 microseconds
time: 95.000s, sent: 0 msg/s, received: 104097 msg/s, min/avg/max latency: 57372187/83800919/89606642 microseconds
time: 96.000s, sent: 0 msg/s, received: 104065 msg/s, min/avg/max latency: 58603107/84663325/90685403 microseconds
time: 97.000s, sent: 0 msg/s, received: 104116 msg/s, min/avg/max latency: 60385976/85398086/91869497 microseconds
time: 98.000s, sent: 0 msg/s, received: 100547 msg/s, min/avg/max latency: 60847326/85943846/92648988 microseconds
time: 99.000s, sent: 0 msg/s, received: 106523 msg/s, min/avg/max latency: 62108511/86320119/93772850 microseconds
time: 100.000s, sent: 0 msg/s, received: 102275 msg/s, min/avg/max latency: 62196812/86904464/94816524 microseconds
time: 101.004s, sent: 0 msg/s, received: 103076 msg/s, min/avg/max latency: 63692386/87515188/95648393 microseconds
time: 102.004s, sent: 0 msg/s, received: 104106 msg/s, min/avg/max latency: 64176794/87745750/96873745 microseconds
time: 103.004s, sent: 0 msg/s, received: 103553 msg/s, min/avg/max latency: 65372404/88184151/97691234 microseconds
time: 104.004s, sent: 0 msg/s, received: 103363 msg/s, min/avg/max latency: 64724294/88780575/98625924 microseconds
time: 105.004s, sent: 0 msg/s, received: 101365 msg/s, min/avg/max latency: 71172715/90299524/99842503 microseconds
time: 106.004s, sent: 0 msg/s, received: 103594 msg/s, min/avg/max latency: 68474191/92413430/100708928 microseconds
time: 107.004s, sent: 0 msg/s, received: 101994 msg/s, min/avg/max latency: 69488498/92982286/101708457 microseconds
time: 108.004s, sent: 0 msg/s, received: 103080 msg/s, min/avg/max latency: 74170462/93466822/102696196 microseconds
time: 109.004s, sent: 0 msg/s, received: 103309 msg/s, min/avg/max latency: 72053009/94080135/103705865 microseconds
time: 110.004s, sent: 0 msg/s, received: 103442 msg/s, min/avg/max latency: 72175061/94462435/104495930 microseconds
time: 111.004s, sent: 0 msg/s, received: 103606 msg/s, min/avg/max latency: 73401065/94944690/105472959 microseconds
time: 112.004s, sent: 0 msg/s, received: 103488 msg/s, min/avg/max latency: 74208626/95236938/106478817 microseconds
time: 113.004s, sent: 0 msg/s, received: 103633 msg/s, min/avg/max latency: 75412090/95627109/107424455 microseconds
time: 114.004s, sent: 0 msg/s, received: 102195 msg/s, min/avg/max latency: 76177490/95751388/108388313 microseconds
time: 115.004s, sent: 0 msg/s, received: 101540 msg/s, min/avg/max latency: 75876505/96717324/109367520 microseconds
time: 116.004s, sent: 0 msg/s, received: 102901 msg/s, min/avg/max latency: 77525957/97346310/110374732 microseconds
time: 117.004s, sent: 0 msg/s, received: 103446 msg/s, min/avg/max latency: 77706360/97943392/111375879 microseconds
time: 118.004s, sent: 0 msg/s, received: 103142 msg/s, min/avg/max latency: 78308284/98052056/112369448 microseconds
time: 119.004s, sent: 0 msg/s, received: 101804 msg/s, min/avg/max latency: 76590148/98331563/113008025 microseconds
time: 120.004s, sent: 0 msg/s, received: 103214 msg/s, min/avg/max latency: 77916614/98224959/113138901 microseconds
time: 121.004s, sent: 0 msg/s, received: 103634 msg/s, min/avg/max latency: 78572142/98340430/114137334 microseconds
time: 122.004s, sent: 0 msg/s, received: 102858 msg/s, min/avg/max latency: 79571504/98627637/115151004 microseconds
time: 123.004s, sent: 0 msg/s, received: 101891 msg/s, min/avg/max latency: 76836940/98686404/116134730 microseconds
time: 124.004s, sent: 0 msg/s, received: 101382 msg/s, min/avg/max latency: 77802104/99329124/117141650 microseconds
time: 125.004s, sent: 0 msg/s, received: 103474 msg/s, min/avg/max latency: 78625530/98832458/118150281 microseconds
time: 126.004s, sent: 0 msg/s, received: 103236 msg/s, min/avg/max latency: 73810710/100727099/119156758 microseconds
time: 127.005s, sent: 0 msg/s, received: 101133 msg/s, min/avg/max latency: 76500677/101240231/120139063 microseconds
time: 128.005s, sent: 0 msg/s, received: 102553 msg/s, min/avg/max latency: 77140538/102291887/120695104 microseconds
time: 129.005s, sent: 0 msg/s, received: 102936 msg/s, min/avg/max latency: 77010278/100836576/121289075 microseconds
time: 130.005s, sent: 0 msg/s, received: 102376 msg/s, min/avg/max latency: 77251074/104162828/122335814 microseconds
time: 131.005s, sent: 0 msg/s, received: 102067 msg/s, min/avg/max latency: 78028304/102324949/123289980 microseconds
time: 132.005s, sent: 0 msg/s, received: 101011 msg/s, min/avg/max latency: 77999895/100205974/124008622 microseconds
time: 133.005s, sent: 0 msg/s, received: 101467 msg/s, min/avg/max latency: 76918896/100730509/124992164 microseconds
time: 134.005s, sent: 0 msg/s, received: 99798 msg/s, min/avg/max latency: 75650633/100425269/125547067 microseconds
time: 135.005s, sent: 0 msg/s, received: 100303 msg/s, min/avg/max latency: 74669314/100602068/126313807 microseconds
time: 136.005s, sent: 0 msg/s, received: 99083 msg/s, min/avg/max latency: 74735998/100603930/127253151 microseconds
time: 137.005s, sent: 0 msg/s, received: 99570 msg/s, min/avg/max latency: 75460083/101854350/127497518 microseconds
time: 138.005s, sent: 0 msg/s, received: 99577 msg/s, min/avg/max latency: 76490745/105779464/127223257 microseconds
time: 139.005s, sent: 0 msg/s, received: 99731 msg/s, min/avg/max latency: 85019348/102821484/122267232 microseconds
sending rate avg: 3111 msg/s
recving rate avg: 102393 msg/s
