starting consumer #0
starting consumer #1
starting consumer #2
starting consumer #3
starting consumer #4
starting consumer #5
starting consumer #6
starting consumer #7
starting consumer #8
starting consumer #9
starting consumer #10
starting consumer #11
starting consumer #12
starting consumer #13
starting consumer #14
starting consumer #15
starting consumer #16
starting consumer #17
starting consumer #18
starting consumer #19
starting consumer #20
starting consumer #21
starting consumer #22
starting consumer #23
starting consumer #24
starting consumer #25
starting consumer #26
starting consumer #27
starting consumer #28
starting consumer #29
starting consumer #30
starting consumer #31
starting consumer #32
starting consumer #33
starting consumer #34
starting consumer #35
starting consumer #36
starting consumer #37
starting consumer #38
starting consumer #39
starting consumer #40
starting consumer #41
starting consumer #42
starting consumer #43
starting consumer #44
starting consumer #45
starting consumer #46
starting consumer #47
starting consumer #48
starting consumer #49
starting producer #0
starting producer #1
starting producer #2
starting producer #3
starting producer #4
starting producer #5
starting producer #6
starting producer #7
starting producer #8
starting producer #9
starting producer #10
starting producer #11
starting producer #12
starting producer #13
starting producer #14
starting producer #15
starting producer #16
starting producer #17
starting producer #18
starting producer #19
starting producer #20
starting producer #21
starting producer #22
starting producer #23
starting producer #24
starting producer #25
starting producer #26
starting producer #27
starting producer #28
starting producer #29
starting producer #30
starting producer #31
starting producer #32
starting producer #33
starting producer #34
starting producer #35
starting producer #36
starting producer #37
starting producer #38
starting producer #39
starting producer #40
starting producer #41
starting producer #42
starting producer #43
starting producer #44
starting producer #45
starting producer #46
starting producer #47
starting producer #48
starting producer #49
time: 1.000s, sent: 26658 msg/s, received: 40927 msg/s, min/avg/max latency: 8184/262512/396265 microseconds
time: 2.000s, sent: 32131 msg/s, received: 87733 msg/s, min/avg/max latency: 315480/872354/1395907 microseconds
time: 3.000s, sent: 1436 msg/s, received: 97991 msg/s, min/avg/max latency: 1283468/1859498/2395312 microseconds
time: 4.000s, sent: 1376 msg/s, received: 103812 msg/s, min/avg/max latency: 2141467/2834266/3390425 microseconds
time: 5.000s, sent: 1736 msg/s, received: 103927 msg/s, min/avg/max latency: 3101057/3823372/4389496 microseconds
time: 6.000s, sent: 3529 msg/s, received: 103893 msg/s, min/avg/max latency: 4098696/4807582/5388874 microseconds
time: 7.000s, sent: 27941 msg/s, received: 103832 msg/s, min/avg/max latency: 5099434/5789866/6388264 microseconds
time: 8.000s, sent: 38298 msg/s, received: 103778 msg/s, min/avg/max latency: 6047724/6770068/7385915 microseconds
time: 9.000s, sent: 28898 msg/s, received: 103821 msg/s, min/avg/max latency: 6864276/7741013/8386227 microseconds
time: 10.000s, sent: 28498 msg/s, received: 103906 msg/s, min/avg/max latency: 7697881/8677800/9376410 microseconds
time: 11.000s, sent: 15061 msg/s, received: 103937 msg/s, min/avg/max latency: 8619312/9631993/10375645 microseconds
time: 12.000s, sent: 1138 msg/s, received: 103948 msg/s, min/avg/max latency: 9602452/10567203/11372270 microseconds
time: 13.000s, sent: 12804 msg/s, received: 102544 msg/s, min/avg/max latency: 7434133/11543987/12343971 microseconds
time: 14.000s, sent: 4488 msg/s, received: 103365 msg/s, min/avg/max latency: 6860938/12501742/13320795 microseconds
time: 15.000s, sent: 3830 msg/s, received: 103954 msg/s, min/avg/max latency: 6314345/13434730/14313811 microseconds
time: 16.000s, sent: 4607 msg/s, received: 103955 msg/s, min/avg/max latency: 8009334/14376622/15301324 microseconds
time: 17.000s, sent: 1136 msg/s, received: 103894 msg/s, min/avg/max latency: 8157529/15241071/16256060 microseconds
time: 18.000s, sent: 4967 msg/s, received: 101111 msg/s, min/avg/max latency: 8754759/16153468/17254135 microseconds
time: 19.000s, sent: 1137 msg/s, received: 103983 msg/s, min/avg/max latency: 9716774/16998237/18168005 microseconds
time: 20.000s, sent: 5445 msg/s, received: 76344 msg/s, min/avg/max latency: 10699852/17870504/19139320 microseconds
time: 21.000s, sent: 538 msg/s, received: 103892 msg/s, min/avg/max latency: 11722583/18723084/20133671 microseconds
time: 22.000s, sent: 2992 msg/s, received: 103942 msg/s, min/avg/max latency: 12014883/19536257/21109057 microseconds
time: 23.000s, sent: 599 msg/s, received: 103980 msg/s, min/avg/max latency: 12800513/20354513/22112568 microseconds
time: 24.000s, sent: 0 msg/s, received: 103954 msg/s, min/avg/max latency: 14108330/21103467/23084477 microseconds
time: 25.000s, sent: 1854 msg/s, received: 104007 msg/s, min/avg/max latency: 14804567/21897959/23946037 microseconds
time: 26.000s, sent: 4666 msg/s, received: 90972 msg/s, min/avg/max latency: 15794184/22477178/24920012 microseconds
time: 27.000s, sent: 539 msg/s, received: 103977 msg/s, min/avg/max latency: 16830007/23226376/25922828 microseconds
time: 28.000s, sent: 7301 msg/s, received: 77401 msg/s, min/avg/max latency: 17779434/23945061/26918797 microseconds
time: 29.000s, sent: 2453 msg/s, received: 99460 msg/s, min/avg/max latency: 18790311/24723532/27918699 microseconds
time: 30.000s, sent: 1871 msg/s, received: 103948 msg/s, min/avg/max latency: 19775587/25441554/28905365 microseconds
time: 31.000s, sent: 6447 msg/s, received: 103964 msg/s, min/avg/max latency: 20779168/26130569/29813318 microseconds
time: 32.000s, sent: 1317 msg/s, received: 93097 msg/s, min/avg/max latency: 21762419/26934345/30796704 microseconds
time: 33.000s, sent: 538 msg/s, received: 103968 msg/s, min/avg/max latency: 22770622/27643226/31733383 microseconds
time: 34.000s, sent: 539 msg/s, received: 103997 msg/s, min/avg/max latency: 23767433/28220593/32660409 microseconds
time: 35.000s, sent: 6461 msg/s, received: 100547 msg/s, min/avg/max latency: 22754075/29028816/33668410 microseconds
time: 36.000s, sent: 658 msg/s, received: 74134 msg/s, min/avg/max latency: 22965910/29832092/34708993 microseconds
time: 37.000s, sent: 1197 msg/s, received: 101589 msg/s, min/avg/max latency: 26631267/30757726/35640883 microseconds
time: 38.000s, sent: 1974 msg/s, received: 103998 msg/s, min/avg/max latency: 27638637/31494178/36566620 microseconds
time: 39.000s, sent: 7539 msg/s, received: 89366 msg/s, min/avg/max latency: 26813376/32315783/37554351 microseconds
time: 40.000s, sent: 6703 msg/s, received: 84223 msg/s, min/avg/max latency: 26967679/33154786/38519470 microseconds
time: 41.000s, sent: 1974 msg/s, received: 99520 msg/s, min/avg/max latency: 27935587/33915066/39507347 microseconds
time: 42.000s, sent: 1196 msg/s, received: 103938 msg/s, min/avg/max latency: 29073112/34841856/40517036 microseconds
time: 43.000s, sent: 1017 msg/s, received: 103994 msg/s, min/avg/max latency: 29920186/35692041/41523311 microseconds
time: 44.000s, sent: 1256 msg/s, received: 104011 msg/s, min/avg/max latency: 30902464/36593839/42519570 microseconds
time: 45.000s, sent: 5266 msg/s, received: 60082 msg/s, min/avg/max latency: 31917752/37198123/43470290 microseconds
time: 46.000s, sent: 1496 msg/s, received: 85775 msg/s, min/avg/max latency: 32904871/38395939/44443443 microseconds
time: 47.000s, sent: 479 msg/s, received: 103876 msg/s, min/avg/max latency: 33916500/39400551/45396408 microseconds
time: 48.000s, sent: 2333 msg/s, received: 103981 msg/s, min/avg/max latency: 34903438/40282073/46397297 microseconds
time: 49.000s, sent: 1975 msg/s, received: 104029 msg/s, min/avg/max latency: 35904787/41181245/47359328 microseconds
time: 50.000s, sent: 1735 msg/s, received: 103993 msg/s, min/avg/max latency: 36899439/42014858/48390259 microseconds
time: 51.000s, sent: 7419 msg/s, received: 103926 msg/s, min/avg/max latency: 37893606/43102191/49367522 microseconds
time: 52.000s, sent: 3710 msg/s, received: 103932 msg/s, min/avg/max latency: 38903128/43898848/50390839 microseconds
time: 53.000s, sent: 2155 msg/s, received: 103964 msg/s, min/avg/max latency: 39899153/44922141/51383528 microseconds
time: 54.000s, sent: 1257 msg/s, received: 102419 msg/s, min/avg/max latency: 40895452/45913382/51642104 microseconds
time: 55.000s, sent: 0 msg/s, received: 104010 msg/s, min/avg/max latency: 41891116/46845579/51477816 microseconds
time: 56.000s, sent: 4069 msg/s, received: 75317 msg/s, min/avg/max latency: 42897672/47770652/50863484 microseconds
time: 57.000s, sent: 1855 msg/s, received: 80518 msg/s, min/avg/max latency: 43888809/48898255/51919998 microseconds
time: 58.000s, sent: 1794 msg/s, received: 99817 msg/s, min/avg/max latency: 44876700/49808470/52891181 microseconds
time: 59.000s, sent: 3470 msg/s, received: 103947 msg/s, min/avg/max latency: 45856365/50775542/53704199 microseconds
time: 60.000s, sent: 4368 msg/s, received: 103983 msg/s, min/avg/max latency: 46891406/51751242/54710923 microseconds
time: 61.000s, sent: 14249 msg/s, received: 103933 msg/s, min/avg/max latency: 47847855/52703834/55704493 microseconds
time: 62.000s, sent: 0 msg/s, received: 94467 msg/s, min/avg/max latency: 48870681/53642885/56708156 microseconds
time: 63.000s, sent: 0 msg/s, received: 103946 msg/s, min/avg/max latency: 49851960/54616888/57710492 microseconds
time: 64.000s, sent: 0 msg/s, received: 103925 msg/s, min/avg/max latency: 50848070/55636455/58707831 microseconds
time: 65.000s, sent: 0 msg/s, received: 96958 msg/s, min/avg/max latency: 51846876/56629634/59688585 microseconds
time: 66.000s, sent: 3.0 msg/s, received: 92195 msg/s, min/avg/max latency: 52850626/57587436/60710419 microseconds
time: 67.000s, sent: 1.0 msg/s, received: 103980 msg/s, min/avg/max latency: 53847235/58457576/61695016 microseconds
time: 68.000s, sent: 0 msg/s, received: 104020 msg/s, min/avg/max latency: 52639910/59393229/62606468 microseconds
time: 69.000s, sent: 10 msg/s, received: 84919 msg/s, min/avg/max latency: 53193265/60335032/63601983 microseconds
time: 70.000s, sent: 3.0 msg/s, received: 48680 msg/s, min/avg/max latency: 54239547/61295559/64526860 microseconds
time: 71.000s, sent: 2.0 msg/s, received: 66155 msg/s, min/avg/max latency: 55194690/62431802/65593235 microseconds
time: 72.000s, sent: 5.0 msg/s, received: 73159 msg/s, min/avg/max latency: 56240465/63432793/66586302 microseconds
time: 73.000s, sent: 4.0 msg/s, received: 103962 msg/s, min/avg/max latency: 52597245/64271495/67584001 microseconds
time: 74.000s, sent: 1.0 msg/s, received: 96588 msg/s, min/avg/max latency: 53417434/65164224/68499684 microseconds
time: 75.000s, sent: 5.0 msg/s, received: 95368 msg/s, min/avg/max latency: 54449931/66144530/69532109 microseconds
time: 76.000s, sent: 2.0 msg/s, received: 103649 msg/s, min/avg/max latency: 55410211/67082557/70590293 microseconds
time: 77.000s, sent: 3.0 msg/s, received: 94088 msg/s, min/avg/max latency: 56409748/67944885/71554934 microseconds
time: 78.000s, sent: 0 msg/s, received: 80741 msg/s, min/avg/max latency: 57416219/68893515/72499174 microseconds
time: 79.002s, sent: 0 msg/s, received: 100039 msg/s, min/avg/max latency: 58411004/69823917/73531634 microseconds
time: 80.002s, sent: 1.0 msg/s, received: 62335 msg/s, min/avg/max latency: 59475126/70852722/74482244 microseconds
time: 81.002s, sent: 0 msg/s, received: 83571 msg/s, min/avg/max latency: 60513015/71643153/75496756 microseconds
time: 82.002s, sent: 0 msg/s, received: 103990 msg/s, min/avg/max latency: 61413554/72628009/76500472 microseconds
time: 83.002s, sent: 0 msg/s, received: 103950 msg/s, min/avg/max latency: 62411603/73530904/77501883 microseconds
time: 84.002s, sent: 0 msg/s, received: 103997 msg/s, min/avg/max latency: 55979170/74370282/78488946 microseconds
time: 85.002s, sent: 2.0 msg/s, received: 104036 msg/s, min/avg/max latency: 54445179/75220191/79483436 microseconds
time: 86.002s, sent: 0 msg/s, received: 104023 msg/s, min/avg/max latency: 54468243/76076869/80369865 microseconds
time: 87.002s, sent: 0 msg/s, received: 94042 msg/s, min/avg/max latency: 55477434/77032061/81391279 microseconds
time: 88.002s, sent: 1.0 msg/s, received: 94886 msg/s, min/avg/max latency: 56456804/77866553/82391353 microseconds
time: 89.002s, sent: 0 msg/s, received: 89508 msg/s, min/avg/max latency: 57527783/78790309/83394583 microseconds
time: 90.002s, sent: 0 msg/s, received: 61540 msg/s, min/avg/max latency: 58478042/79661987/84349129 microseconds
time: 91.002s, sent: 0 msg/s, received: 64391 msg/s, min/avg/max latency: 59518359/80596353/85394623 microseconds
time: 92.002s, sent: 0 msg/s, received: 80762 msg/s, min/avg/max latency: 60455848/81379430/86386770 microseconds
time: 93.002s, sent: 0 msg/s, received: 103975 msg/s, min/avg/max latency: 61453866/82324039/86965617 microseconds
time: 94.002s, sent: 0 msg/s, received: 99395 msg/s, min/avg/max latency: 62458081/83180455/87574799 microseconds
time: 95.002s, sent: 0 msg/s, received: 103973 msg/s, min/avg/max latency: 63453801/83970682/89393623 microseconds
time: 96.002s, sent: 0 msg/s, received: 104015 msg/s, min/avg/max latency: 64454428/84560105/89663333 microseconds
time: 97.002s, sent: 0 msg/s, received: 104025 msg/s, min/avg/max latency: 65455480/85315232/90575548 microseconds
time: 98.002s, sent: 0 msg/s, received: 100123 msg/s, min/avg/max latency: 66453844/86236812/91567269 microseconds
time: 99.002s, sent: 0 msg/s, received: 85278 msg/s, min/avg/max latency: 67460283/87285609/92569076 microseconds
time: 100.002s, sent: 0 msg/s, received: 103991 msg/s, min/avg/max latency: 68455184/87948776/93565729 microseconds
time: 101.002s, sent: 0 msg/s, received: 79932 msg/s, min/avg/max latency: 69344342/88608685/94526952 microseconds
time: 102.002s, sent: 0 msg/s, received: 56779 msg/s, min/avg/max latency: 70403349/89685724/95572703 microseconds
time: 103.002s, sent: 0 msg/s, received: 75195 msg/s, min/avg/max latency: 71350577/90268925/96504322 microseconds
time: 104.002s, sent: 0 msg/s, received: 55208 msg/s, min/avg/max latency: 72400941/90950534/97574946 microseconds
time: 105.002s, sent: 0 msg/s, received: 72809 msg/s, min/avg/max latency: 73367356/92029449/98573718 microseconds
time: 106.002s, sent: 0 msg/s, received: 83361 msg/s, min/avg/max latency: 74342284/92755419/99569190 microseconds
time: 107.002s, sent: 0 msg/s, received: 93985 msg/s, min/avg/max latency: 71733959/93232463/100572920 microseconds
time: 108.002s, sent: 0 msg/s, received: 96244 msg/s, min/avg/max latency: 73043754/93659528/101564029 microseconds
time: 109.002s, sent: 0 msg/s, received: 71222 msg/s, min/avg/max latency: 73394549/94829449/102542461 microseconds
time: 110.002s, sent: 0 msg/s, received: 49884 msg/s, min/avg/max latency: 74355891/95298786/103469126 microseconds
time: 111.002s, sent: 0 msg/s, received: 62107 msg/s, min/avg/max latency: 75442634/96689889/104574108 microseconds
time: 112.002s, sent: 0 msg/s, received: 67111 msg/s, min/avg/max latency: 76265522/96938982/105488199 microseconds
time: 113.002s, sent: 0 msg/s, received: 72831 msg/s, min/avg/max latency: 77275784/97664118/106339512 microseconds
time: 114.002s, sent: 0 msg/s, received: 84256 msg/s, min/avg/max latency: 78428467/98441997/107444427 microseconds
time: 115.002s, sent: 0 msg/s, received: 92593 msg/s, min/avg/max latency: 74645164/98963663/108458301 microseconds
time: 116.002s, sent: 0 msg/s, received: 88406 msg/s, min/avg/max latency: 75005660/99361944/109425857 microseconds
time: 117.002s, sent: 0 msg/s, received: 90408 msg/s, min/avg/max latency: 69327250/100385763/110468629 microseconds
time: 118.002s, sent: 0 msg/s, received: 104045 msg/s, min/avg/max latency: 66624449/100964657/111468146 microseconds
time: 119.002s, sent: 0 msg/s, received: 98023 msg/s, min/avg/max latency: 71479471/101622210/112460519 microseconds
time: 120.002s, sent: 0 msg/s, received: 71325 msg/s, min/avg/max latency: 79077516/102127855/113449819 microseconds
time: 121.002s, sent: 0 msg/s, received: 102070 msg/s, min/avg/max latency: 80051182/102997754/114468759 microseconds
time: 122.002s, sent: 0 msg/s, received: 103989 msg/s, min/avg/max latency: 71123240/103293974/115454652 microseconds
time: 123.002s, sent: 0 msg/s, received: 88326 msg/s, min/avg/max latency: 75231740/103872622/115655204 microseconds
time: 124.002s, sent: 0 msg/s, received: 99002 msg/s, min/avg/max latency: 76534052/104262728/117445794 microseconds
time: 125.002s, sent: 0 msg/s, received: 103339 msg/s, min/avg/max latency: 73638254/104554370/118356637 microseconds
time: 126.002s, sent: 0 msg/s, received: 80424 msg/s, min/avg/max latency: 74293376/105496243/119226434 microseconds
time: 127.002s, sent: 0 msg/s, received: 89082 msg/s, min/avg/max latency: 75332249/105863178/120413436 microseconds
time: 128.002s, sent: 0 msg/s, received: 104020 msg/s, min/avg/max latency: 76289897/106441980/120659003 microseconds
time: 129.002s, sent: 0 msg/s, received: 103964 msg/s, min/avg/max latency: 77298282/106943568/121150494 microseconds
time: 130.002s, sent: 0 msg/s, received: 103910 msg/s, min/avg/max latency: 78289872/107218728/122154367 microseconds
time: 131.002s, sent: 0 msg/s, received: 103485 msg/s, min/avg/max latency: 78041843/107199353/123156407 microseconds
time: 132.002s, sent: 0 msg/s, received: 103315 msg/s, min/avg/max latency: 80296120/107495874/123516751 microseconds
time: 133.002s, sent: 0 msg/s, received: 102572 msg/s, min/avg/max latency: 76932710/107958017/124409400 microseconds
time: 134.002s, sent: 0 msg/s, received: 103619 msg/s, min/avg/max latency: 82037327/108347379/126163151 microseconds
time: 135.002s, sent: 0 msg/s, received: 103644 msg/s, min/avg/max latency: 82002863/109095017/126428795 microseconds
time: 136.002s, sent: 0 msg/s, received: 103702 msg/s, min/avg/max latency: 80029953/108803898/127991539 microseconds
time: 137.002s, sent: 0 msg/s, received: 103681 msg/s, min/avg/max latency: 80880808/109461173/128410137 microseconds
time: 138.002s, sent: 0 msg/s, received: 103687 msg/s, min/avg/max latency: 81783402/109821942/129416981 microseconds
time: 139.002s, sent: 0 msg/s, received: 103474 msg/s, min/avg/max latency: 81670255/110413826/130412561 microseconds
time: 140.002s, sent: 0 msg/s, received: 101771 msg/s, min/avg/max latency: 82397562/110690058/131311563 microseconds
time: 141.002s, sent: 0 msg/s, received: 101487 msg/s, min/avg/max latency: 83187113/109647841/132311583 microseconds
time: 142.004s, sent: 0 msg/s, received: 101220 msg/s, min/avg/max latency: 80615123/110648230/133299973 microseconds
time: 143.004s, sent: 0 msg/s, received: 102376 msg/s, min/avg/max latency: 81471029/111548209/134299703 microseconds
time: 144.004s, sent: 0 msg/s, received: 102044 msg/s, min/avg/max latency: 82586466/110922508/135240829 microseconds
time: 145.004s, sent: 0 msg/s, received: 101361 msg/s, min/avg/max latency: 83509883/110179716/135907072 microseconds
time: 146.004s, sent: 0 msg/s, received: 102131 msg/s, min/avg/max latency: 84465963/110220687/136904730 microseconds
time: 147.004s, sent: 0 msg/s, received: 102241 msg/s, min/avg/max latency: 85475463/110411667/137874698 microseconds
time: 148.004s, sent: 0 msg/s, received: 101539 msg/s, min/avg/max latency: 86436316/110377123/138905894 microseconds
time: 149.004s, sent: 0 msg/s, received: 101955 msg/s, min/avg/max latency: 87460500/109943556/140304228 microseconds
time: 150.004s, sent: 0 msg/s, received: 100908 msg/s, min/avg/max latency: 88473085/110489818/141304293 microseconds
time: 151.004s, sent: 0 msg/s, received: 101616 msg/s, min/avg/max latency: 89428666/109562917/141745515 microseconds
time: 152.004s, sent: 0 msg/s, received: 100399 msg/s, min/avg/max latency: 90423982/110068197/142608671 microseconds
time: 153.004s, sent: 0 msg/s, received: 100370 msg/s, min/avg/max latency: 91434653/110112823/143894413 microseconds
time: 154.004s, sent: 0 msg/s, received: 100433 msg/s, min/avg/max latency: 92408963/109639304/144264412 microseconds
time: 155.004s, sent: 0 msg/s, received: 100965 msg/s, min/avg/max latency: 93423388/108175724/145001279 microseconds
time: 156.004s, sent: 0 msg/s, received: 99867 msg/s, min/avg/max latency: 94423808/107670003/145917645 microseconds
time: 157.004s, sent: 0 msg/s, received: 97430 msg/s, min/avg/max latency: 95423858/107574492/146323799 microseconds
time: 158.004s, sent: 0 msg/s, received: 97878 msg/s, min/avg/max latency: 96424479/106917734/147096446 microseconds
sending rate avg: 2295 msg/s
recving rate avg: 94669 msg/s
