starting consumer #0
starting consumer #1
starting consumer #2
starting consumer #3
starting consumer #4
starting consumer #5
starting consumer #6
starting consumer #7
starting consumer #8
starting consumer #9
starting consumer #10
starting consumer #11
starting consumer #12
starting consumer #13
starting consumer #14
starting consumer #15
starting consumer #16
starting consumer #17
starting consumer #18
starting consumer #19
starting producer #0
starting producer #1
starting producer #2
starting producer #3
starting producer #4
starting producer #5
starting producer #6
starting producer #7
starting producer #8
starting producer #9
starting producer #10
starting producer #11
starting producer #12
starting producer #13
starting producer #14
starting producer #15
starting producer #16
starting producer #17
starting producer #18
starting producer #19
time: 1.000s, sent: 20921 msg/s, received: 65131 msg/s, min/avg/max latency: 2946/359021/699220 microseconds
time: 2.000s, sent: 30994 msg/s, received: 103891 msg/s, min/avg/max latency: 562840/1136103/1697172 microseconds
time: 3.000s, sent: 28962 msg/s, received: 99970 msg/s, min/avg/max latency: 1329225/1974672/2658868 microseconds
time: 4.000s, sent: 5504 msg/s, received: 95175 msg/s, min/avg/max latency: 1728417/2776851/3594326 microseconds
time: 5.000s, sent: 8855 msg/s, received: 100735 msg/s, min/avg/max latency: 2310952/3487696/4583789 microseconds
time: 6.000s, sent: 8138 msg/s, received: 93460 msg/s, min/avg/max latency: 3341233/4315158/5278309 microseconds
time: 7.000s, sent: 7357 msg/s, received: 94701 msg/s, min/avg/max latency: 3980380/5129156/6191986 microseconds
time: 8.000s, sent: 14541 msg/s, received: 103969 msg/s, min/avg/max latency: 4969613/5934416/6965455 microseconds
time: 9.000s, sent: 9515 msg/s, received: 97534 msg/s, min/avg/max latency: 5750714/6733789/7859103 microseconds
time: 10.000s, sent: 8317 msg/s, received: 101505 msg/s, min/avg/max latency: 6510498/7637633/8622761 microseconds
time: 11.000s, sent: 7298 msg/s, received: 66689 msg/s, min/avg/max latency: 7444728/8576653/9609763 microseconds
time: 12.000s, sent: 10532 msg/s, received: 69458 msg/s, min/avg/max latency: 8428992/9476876/10513115 microseconds
time: 13.000s, sent: 3650 msg/s, received: 103980 msg/s, min/avg/max latency: 8400022/10307580/11351116 microseconds
time: 14.000s, sent: 8678 msg/s, received: 99676 msg/s, min/avg/max latency: 8459459/11145770/12247665 microseconds
time: 15.000s, sent: 4427 msg/s, received: 104001 msg/s, min/avg/max latency: 9046515/11972277/13229228 microseconds
time: 16.000s, sent: 6701 msg/s, received: 58415 msg/s, min/avg/max latency: 9684938/12968425/14149467 microseconds
time: 17.000s, sent: 9034 msg/s, received: 67903 msg/s, min/avg/max latency: 10417226/13684011/15206403 microseconds
time: 18.000s, sent: 6341 msg/s, received: 97460 msg/s, min/avg/max latency: 10984009/14226223/16054604 microseconds
time: 19.000s, sent: 11192 msg/s, received: 78773 msg/s, min/avg/max latency: 10856944/14755590/17051546 microseconds
time: 20.000s, sent: 4369 msg/s, received: 82260 msg/s, min/avg/max latency: 11442240/15349481/18006393 microseconds
time: 21.000s, sent: 9932 msg/s, received: 63241 msg/s, min/avg/max latency: 12810741/16081458/19008458 microseconds
time: 22.000s, sent: 5922 msg/s, received: 62987 msg/s, min/avg/max latency: 12803713/16546969/19908039 microseconds
time: 23.000s, sent: 6822 msg/s, received: 72102 msg/s, min/avg/max latency: 13590387/17287574/20396066 microseconds
time: 24.000s, sent: 6523 msg/s, received: 85081 msg/s, min/avg/max latency: 13778497/17816646/21376615 microseconds
time: 25.000s, sent: 8077 msg/s, received: 91920 msg/s, min/avg/max latency: 14594100/18399272/22026598 microseconds
time: 26.000s, sent: 2116 msg/s, received: 101027 msg/s, min/avg/max latency: 14340202/18838825/22472198 microseconds
time: 27.000s, sent: 8773 msg/s, received: 73697 msg/s, min/avg/max latency: 15205430/19411245/23550390 microseconds
time: 28.000s, sent: 7480 msg/s, received: 71004 msg/s, min/avg/max latency: 15983202/20095730/23603909 microseconds
time: 29.000s, sent: 4668 msg/s, received: 75244 msg/s, min/avg/max latency: 16345625/20729088/24467751 microseconds
time: 30.002s, sent: 11465 msg/s, received: 72099 msg/s, min/avg/max latency: 17340673/21204075/25228827 microseconds
time: 31.002s, sent: 5505 msg/s, received: 90987 msg/s, min/avg/max latency: 17160361/21852850/25949853 microseconds
time: 32.002s, sent: 5384 msg/s, received: 104038 msg/s, min/avg/max latency: 17035166/22331849/26176539 microseconds
time: 33.002s, sent: 4787 msg/s, received: 104026 msg/s, min/avg/max latency: 17148324/22687331/26897952 microseconds
time: 34.002s, sent: 4547 msg/s, received: 104054 msg/s, min/avg/max latency: 17203206/23042928/27095171 microseconds
time: 35.002s, sent: 4966 msg/s, received: 70917 msg/s, min/avg/max latency: 17482333/23439213/28201417 microseconds
time: 36.002s, sent: 9814 msg/s, received: 76047 msg/s, min/avg/max latency: 17500368/24007663/28664486 microseconds
time: 37.002s, sent: 4728 msg/s, received: 76671 msg/s, min/avg/max latency: 16810422/24417491/28896297 microseconds
time: 38.002s, sent: 6223 msg/s, received: 64266 msg/s, min/avg/max latency: 18569622/25326755/29524125 microseconds
time: 39.002s, sent: 7179 msg/s, received: 64907 msg/s, min/avg/max latency: 18751506/25721728/30916682 microseconds
time: 40.002s, sent: 10650 msg/s, received: 65132 msg/s, min/avg/max latency: 20404871/26354047/31513444 microseconds
time: 41.002s, sent: 6223 msg/s, received: 72551 msg/s, min/avg/max latency: 20167626/26651746/32558712 microseconds
time: 42.002s, sent: 10891 msg/s, received: 60652 msg/s, min/avg/max latency: 22227164/27569080/33475411 microseconds
time: 43.002s, sent: 4966 msg/s, received: 98759 msg/s, min/avg/max latency: 21769729/27750982/34464232 microseconds
time: 44.008s, sent: 7194 msg/s, received: 68318 msg/s, min/avg/max latency: 22032364/28033481/34487004 microseconds
time: 45.008s, sent: 11846 msg/s, received: 52877 msg/s, min/avg/max latency: 21160814/28594459/36423192 microseconds
time: 46.008s, sent: 4189 msg/s, received: 75850 msg/s, min/avg/max latency: 23332975/29266822/36543721 microseconds
time: 47.008s, sent: 14544 msg/s, received: 81650 msg/s, min/avg/max latency: 23381020/29583146/37700938 microseconds
time: 48.008s, sent: 5205 msg/s, received: 55636 msg/s, min/avg/max latency: 23569272/29856585/36580265 microseconds
time: 49.008s, sent: 11846 msg/s, received: 81089 msg/s, min/avg/max latency: 23480313/30637889/37716618 microseconds
time: 50.008s, sent: 3290 msg/s, received: 79549 msg/s, min/avg/max latency: 24445293/31289232/38080530 microseconds
time: 51.008s, sent: 10172 msg/s, received: 79330 msg/s, min/avg/max latency: 24641161/31711406/37906446 microseconds
time: 52.008s, sent: 7000 msg/s, received: 104000 msg/s, min/avg/max latency: 24723596/32044992/38595150 microseconds
time: 53.008s, sent: 7421 msg/s, received: 74832 msg/s, min/avg/max latency: 25578465/32567109/38880601 microseconds
time: 54.008s, sent: 3530 msg/s, received: 98087 msg/s, min/avg/max latency: 25809922/32998166/40535166 microseconds
time: 55.008s, sent: 5983 msg/s, received: 91641 msg/s, min/avg/max latency: 26082266/33330654/40887663 microseconds
time: 56.016s, sent: 9675 msg/s, received: 90393 msg/s, min/avg/max latency: 26367442/33652292/40665806 microseconds
time: 57.016s, sent: 6163 msg/s, received: 93025 msg/s, min/avg/max latency: 27131438/34118609/40526491 microseconds
time: 58.016s, sent: 4068 msg/s, received: 72934 msg/s, min/avg/max latency: 28326532/34735649/42062714 microseconds
time: 59.019s, sent: 7994 msg/s, received: 87815 msg/s, min/avg/max latency: 29004074/34477144/42100648 microseconds
time: 60.019s, sent: 8137 msg/s, received: 65469 msg/s, min/avg/max latency: 29207388/35155506/42164343 microseconds
time: 61.019s, sent: 5161 msg/s, received: 79236 msg/s, min/avg/max latency: 29323636/35643509/42780125 microseconds
time: 62.019s, sent: 0 msg/s, received: 98073 msg/s, min/avg/max latency: 30118568/35976598/43853047 microseconds
time: 63.019s, sent: 1.0 msg/s, received: 58303 msg/s, min/avg/max latency: 29949349/36190934/43202115 microseconds
time: 64.019s, sent: 1.0 msg/s, received: 91724 msg/s, min/avg/max latency: 29065343/36649387/44099287 microseconds
time: 65.019s, sent: 2.0 msg/s, received: 100326 msg/s, min/avg/max latency: 30012043/36977256/44656956 microseconds
time: 66.019s, sent: 0 msg/s, received: 85203 msg/s, min/avg/max latency: 29531663/37529974/45676936 microseconds
time: 67.019s, sent: 0 msg/s, received: 69651 msg/s, min/avg/max latency: 30716899/37493661/45827157 microseconds
time: 68.019s, sent: 0 msg/s, received: 81107 msg/s, min/avg/max latency: 31246716/38447383/47393709 microseconds
time: 69.019s, sent: 0 msg/s, received: 104016 msg/s, min/avg/max latency: 30194914/38530225/44925632 microseconds
time: 70.021s, sent: 0 msg/s, received: 101268 msg/s, min/avg/max latency: 31106866/38671288/46113202 microseconds
time: 71.042s, sent: 0 msg/s, received: 80087 msg/s, min/avg/max latency: 30459327/38927138/46957872 microseconds
time: 72.048s, sent: 0 msg/s, received: 81144 msg/s, min/avg/max latency: 30833671/39497502/45763835 microseconds
time: 73.048s, sent: 0 msg/s, received: 86543 msg/s, min/avg/max latency: 31540157/39876056/46886832 microseconds
time: 74.048s, sent: 0 msg/s, received: 103978 msg/s, min/avg/max latency: 32554006/39764450/47479050 microseconds
time: 75.048s, sent: 0 msg/s, received: 102082 msg/s, min/avg/max latency: 32724751/39795020/48587349 microseconds
time: 76.048s, sent: 0 msg/s, received: 100113 msg/s, min/avg/max latency: 32512945/39626630/46985742 microseconds
time: 77.048s, sent: 0 msg/s, received: 101055 msg/s, min/avg/max latency: 32907717/39802410/47995198 microseconds
time: 78.048s, sent: 0 msg/s, received: 99849 msg/s, min/avg/max latency: 33170746/39744701/48169582 microseconds
time: 79.048s, sent: 0 msg/s, received: 100979 msg/s, min/avg/max latency: 33708641/39578841/48290927 microseconds
time: 80.048s, sent: 0 msg/s, received: 98740 msg/s, min/avg/max latency: 34378400/39634655/48583020 microseconds
time: 81.048s, sent: 0 msg/s, received: 99585 msg/s, min/avg/max latency: 33678365/39716627/48616428 microseconds
time: 82.048s, sent: 0 msg/s, received: 98777 msg/s, min/avg/max latency: 32925595/39198291/46626548 microseconds
time: 83.048s, sent: 0 msg/s, received: 97994 msg/s, min/avg/max latency: 32560555/38356703/46329220 microseconds
sending rate avg: 6049 msg/s
recving rate avg: 84913 msg/s
