starting consumer #0
starting producer #0
time: 1.000s, sent: 25409 msg/s, confirmed: 24409 msg/s, nacked: 0 msg/s, received: 24408 msg/s, min/avg/max latency: 1965/35200/41862 microseconds
time: 2.000s, sent: 26314 msg/s, confirmed: 26318 msg/s, nacked: 0 msg/s, received: 26311 msg/s, min/avg/max latency: 31394/38073/48613 microseconds
time: 3.000s, sent: 24818 msg/s, confirmed: 24814 msg/s, nacked: 0 msg/s, received: 24822 msg/s, min/avg/max latency: 32063/39954/58842 microseconds
time: 4.000s, sent: 26786 msg/s, confirmed: 26786 msg/s, nacked: 0 msg/s, received: 26785 msg/s, min/avg/max latency: 32495/37678/59161 microseconds
time: 5.000s, sent: 27311 msg/s, confirmed: 27311 msg/s, nacked: 0 msg/s, received: 27310 msg/s, min/avg/max latency: 31540/36614/43048 microseconds
time: 6.000s, sent: 26644 msg/s, confirmed: 26644 msg/s, nacked: 0 msg/s, received: 26637 msg/s, min/avg/max latency: 30825/37693/44649 microseconds
time: 7.000s, sent: 26674 msg/s, confirmed: 26674 msg/s, nacked: 0 msg/s, received: 26684 msg/s, min/avg/max latency: 31037/37474/50277 microseconds
time: 8.000s, sent: 26364 msg/s, confirmed: 26364 msg/s, nacked: 0 msg/s, received: 26360 msg/s, min/avg/max latency: 32316/37959/44598 microseconds
time: 9.000s, sent: 27400 msg/s, confirmed: 27401 msg/s, nacked: 0 msg/s, received: 27403 msg/s, min/avg/max latency: 32598/36608/42932 microseconds
time: 10.000s, sent: 27507 msg/s, confirmed: 27508 msg/s, nacked: 0 msg/s, received: 27502 msg/s, min/avg/max latency: 30639/36302/42570 microseconds
time: 11.000s, sent: 27040 msg/s, confirmed: 27043 msg/s, nacked: 0 msg/s, received: 27045 msg/s, min/avg/max latency: 32019/37038/43379 microseconds
time: 12.000s, sent: 27148 msg/s, confirmed: 27144 msg/s, nacked: 0 msg/s, received: 27148 msg/s, min/avg/max latency: 31752/36870/45557 microseconds
time: 13.000s, sent: 27110 msg/s, confirmed: 27110 msg/s, nacked: 0 msg/s, received: 27112 msg/s, min/avg/max latency: 32499/37035/42971 microseconds
time: 14.000s, sent: 26658 msg/s, confirmed: 26657 msg/s, nacked: 0 msg/s, received: 26656 msg/s, min/avg/max latency: 32532/37408/48396 microseconds
time: 15.000s, sent: 26787 msg/s, confirmed: 26788 msg/s, nacked: 0 msg/s, received: 26789 msg/s, min/avg/max latency: 32013/37459/45247 microseconds
time: 16.000s, sent: 26005 msg/s, confirmed: 26006 msg/s, nacked: 0 msg/s, received: 26003 msg/s, min/avg/max latency: 31986/38572/47224 microseconds
time: 17.000s, sent: 27078 msg/s, confirmed: 27077 msg/s, nacked: 0 msg/s, received: 27078 msg/s, min/avg/max latency: 32343/36892/42403 microseconds
time: 18.000s, sent: 27036 msg/s, confirmed: 27036 msg/s, nacked: 0 msg/s, received: 27035 msg/s, min/avg/max latency: 32464/36966/43470 microseconds
time: 19.000s, sent: 27297 msg/s, confirmed: 27299 msg/s, nacked: 0 msg/s, received: 27302 msg/s, min/avg/max latency: 30833/36753/42817 microseconds
time: 20.000s, sent: 27062 msg/s, confirmed: 27062 msg/s, nacked: 0 msg/s, received: 27057 msg/s, min/avg/max latency: 31650/37025/45823 microseconds
time: 21.000s, sent: 26816 msg/s, confirmed: 26814 msg/s, nacked: 0 msg/s, received: 26818 msg/s, min/avg/max latency: 31485/37360/47110 microseconds
time: 22.000s, sent: 27059 msg/s, confirmed: 27058 msg/s, nacked: 0 msg/s, received: 27050 msg/s, min/avg/max latency: 31825/36889/43396 microseconds
time: 23.000s, sent: 26907 msg/s, confirmed: 26908 msg/s, nacked: 0 msg/s, received: 26913 msg/s, min/avg/max latency: 32084/37249/44477 microseconds
time: 24.000s, sent: 27495 msg/s, confirmed: 27495 msg/s, nacked: 0 msg/s, received: 27497 msg/s, min/avg/max latency: 32433/36404/40001 microseconds
time: 25.000s, sent: 27005 msg/s, confirmed: 27006 msg/s, nacked: 0 msg/s, received: 27007 msg/s, min/avg/max latency: 31384/37065/42693 microseconds
time: 26.000s, sent: 26205 msg/s, confirmed: 26203 msg/s, nacked: 0 msg/s, received: 26204 msg/s, min/avg/max latency: 32357/38143/49384 microseconds
time: 27.000s, sent: 26110 msg/s, confirmed: 26112 msg/s, nacked: 0 msg/s, received: 26109 msg/s, min/avg/max latency: 31653/38282/53433 microseconds
time: 28.000s, sent: 26950 msg/s, confirmed: 26950 msg/s, nacked: 0 msg/s, received: 26948 msg/s, min/avg/max latency: 32383/37259/45258 microseconds
time: 29.000s, sent: 27447 msg/s, confirmed: 27447 msg/s, nacked: 0 msg/s, received: 27450 msg/s, min/avg/max latency: 32125/36426/41759 microseconds
time: 30.000s, sent: 27173 msg/s, confirmed: 27171 msg/s, nacked: 0 msg/s, received: 27162 msg/s, min/avg/max latency: 31973/36931/45817 microseconds
time: 31.000s, sent: 26938 msg/s, confirmed: 26941 msg/s, nacked: 0 msg/s, received: 26946 msg/s, min/avg/max latency: 30892/37094/44717 microseconds
time: 32.000s, sent: 27574 msg/s, confirmed: 27571 msg/s, nacked: 0 msg/s, received: 27577 msg/s, min/avg/max latency: 31389/36365/42798 microseconds
time: 33.000s, sent: 26513 msg/s, confirmed: 26513 msg/s, nacked: 0 msg/s, received: 26511 msg/s, min/avg/max latency: 31551/37771/48728 microseconds
time: 34.000s, sent: 26946 msg/s, confirmed: 26948 msg/s, nacked: 0 msg/s, received: 26947 msg/s, min/avg/max latency: 32092/37045/45266 microseconds
time: 35.000s, sent: 26869 msg/s, confirmed: 26868 msg/s, nacked: 0 msg/s, received: 26871 msg/s, min/avg/max latency: 32354/37261/43829 microseconds
time: 36.000s, sent: 26031 msg/s, confirmed: 26030 msg/s, nacked: 0 msg/s, received: 26028 msg/s, min/avg/max latency: 32217/38548/52182 microseconds
time: 37.000s, sent: 26072 msg/s, confirmed: 26073 msg/s, nacked: 0 msg/s, received: 26073 msg/s, min/avg/max latency: 32059/38334/52931 microseconds
time: 38.000s, sent: 25740 msg/s, confirmed: 25740 msg/s, nacked: 0 msg/s, received: 25740 msg/s, min/avg/max latency: 32135/38866/55547 microseconds
time: 39.000s, sent: 26954 msg/s, confirmed: 26953 msg/s, nacked: 0 msg/s, received: 26944 msg/s, min/avg/max latency: 31388/37232/45169 microseconds
time: 40.000s, sent: 25662 msg/s, confirmed: 25663 msg/s, nacked: 0 msg/s, received: 25675 msg/s, min/avg/max latency: 32214/38961/50336 microseconds
time: 41.000s, sent: 26599 msg/s, confirmed: 26598 msg/s, nacked: 0 msg/s, received: 26586 msg/s, min/avg/max latency: 32468/37586/46394 microseconds
time: 42.000s, sent: 27587 msg/s, confirmed: 27587 msg/s, nacked: 0 msg/s, received: 27597 msg/s, min/avg/max latency: 31095/36322/41574 microseconds
time: 43.000s, sent: 27202 msg/s, confirmed: 27205 msg/s, nacked: 0 msg/s, received: 27202 msg/s, min/avg/max latency: 32259/36834/42338 microseconds
time: 44.000s, sent: 25618 msg/s, confirmed: 25615 msg/s, nacked: 0 msg/s, received: 25618 msg/s, min/avg/max latency: 31022/39023/53463 microseconds
time: 45.000s, sent: 26520 msg/s, confirmed: 26520 msg/s, nacked: 0 msg/s, received: 26517 msg/s, min/avg/max latency: 32501/37722/50559 microseconds
time: 46.000s, sent: 26704 msg/s, confirmed: 26704 msg/s, nacked: 0 msg/s, received: 26708 msg/s, min/avg/max latency: 31207/37607/44442 microseconds
time: 47.000s, sent: 26495 msg/s, confirmed: 26497 msg/s, nacked: 0 msg/s, received: 26495 msg/s, min/avg/max latency: 31149/37709/49615 microseconds
time: 48.000s, sent: 26600 msg/s, confirmed: 26598 msg/s, nacked: 0 msg/s, received: 26600 msg/s, min/avg/max latency: 32518/37550/45078 microseconds
time: 49.000s, sent: 26861 msg/s, confirmed: 26861 msg/s, nacked: 0 msg/s, received: 26860 msg/s, min/avg/max latency: 32414/37366/43764 microseconds
time: 50.000s, sent: 26459 msg/s, confirmed: 26460 msg/s, nacked: 0 msg/s, received: 26460 msg/s, min/avg/max latency: 31043/37757/49518 microseconds
time: 51.000s, sent: 26380 msg/s, confirmed: 26380 msg/s, nacked: 0 msg/s, received: 26379 msg/s, min/avg/max latency: 31712/38015/49421 microseconds
time: 52.000s, sent: 26865 msg/s, confirmed: 26864 msg/s, nacked: 0 msg/s, received: 26866 msg/s, min/avg/max latency: 32520/37269/46005 microseconds
time: 53.000s, sent: 26235 msg/s, confirmed: 26236 msg/s, nacked: 0 msg/s, received: 26233 msg/s, min/avg/max latency: 32393/38144/51669 microseconds
time: 54.000s, sent: 27168 msg/s, confirmed: 27169 msg/s, nacked: 0 msg/s, received: 27168 msg/s, min/avg/max latency: 32374/36937/42220 microseconds
time: 55.000s, sent: 26791 msg/s, confirmed: 26791 msg/s, nacked: 0 msg/s, received: 26794 msg/s, min/avg/max latency: 32482/37285/43464 microseconds
time: 56.000s, sent: 26955 msg/s, confirmed: 26953 msg/s, nacked: 0 msg/s, received: 26945 msg/s, min/avg/max latency: 32452/37146/43095 microseconds
time: 57.000s, sent: 26903 msg/s, confirmed: 26906 msg/s, nacked: 0 msg/s, received: 26912 msg/s, min/avg/max latency: 30798/37240/43207 microseconds
time: 58.000s, sent: 27218 msg/s, confirmed: 27215 msg/s, nacked: 0 msg/s, received: 27216 msg/s, min/avg/max latency: 31214/36735/43698 microseconds
time: 59.000s, sent: 27048 msg/s, confirmed: 27049 msg/s, nacked: 0 msg/s, received: 27049 msg/s, min/avg/max latency: 32382/37052/42927 microseconds
time: 60.000s, sent: 27053 msg/s, confirmed: 27053 msg/s, nacked: 0 msg/s, received: 27053 msg/s, min/avg/max latency: 32673/37057/41236 microseconds
sending rate avg: 26714 msg/s
recving rate avg: 26714 msg/s
