starting consumer #0
starting consumer #1
starting consumer #2
starting consumer #3
starting consumer #4
starting producer #0
starting producer #1
starting producer #2
starting producer #3
starting producer #4
time: 1.000s, sent: 33362 msg/s, received: 88705 msg/s, min/avg/max latency: 2925/203104/627372 microseconds
time: 2.000s, sent: 22917 msg/s, received: 95396 msg/s, min/avg/max latency: 241208/604664/1192030 microseconds
time: 3.000s, sent: 16455 msg/s, received: 87535 msg/s, min/avg/max latency: 987962/1219871/1489282 microseconds
time: 4.000s, sent: 23335 msg/s, received: 104008 msg/s, min/avg/max latency: 560412/883197/1547548 microseconds
time: 5.000s, sent: 18369 msg/s, received: 104013 msg/s, min/avg/max latency: 605554/922946/1184061 microseconds
time: 6.000s, sent: 20225 msg/s, received: 104003 msg/s, min/avg/max latency: 596424/920841/1187889 microseconds
time: 7.000s, sent: 22994 msg/s, received: 104010 msg/s, min/avg/max latency: 527390/905329/1260516 microseconds
time: 8.000s, sent: 20924 msg/s, received: 102929 msg/s, min/avg/max latency: 461465/949221/1247333 microseconds
time: 9.000s, sent: 19565 msg/s, received: 104015 msg/s, min/avg/max latency: 490237/893320/1262545 microseconds
time: 10.000s, sent: 24473 msg/s, received: 103970 msg/s, min/avg/max latency: 548922/904027/1290300 microseconds
time: 11.000s, sent: 22378 msg/s, received: 103996 msg/s, min/avg/max latency: 563490/918392/1201203 microseconds
time: 12.000s, sent: 20464 msg/s, received: 103933 msg/s, min/avg/max latency: 644698/1078514/2006857 microseconds
time: 13.000s, sent: 21063 msg/s, received: 104041 msg/s, min/avg/max latency: 629153/1141796/2164163 microseconds
time: 14.000s, sent: 20880 msg/s, received: 101258 msg/s, min/avg/max latency: 598790/1174175/2245346 microseconds
time: 15.000s, sent: 18669 msg/s, received: 103350 msg/s, min/avg/max latency: 605767/1139087/2265813 microseconds
time: 16.000s, sent: 21721 msg/s, received: 101488 msg/s, min/avg/max latency: 555937/1186993/2118367 microseconds
time: 17.000s, sent: 18488 msg/s, received: 102249 msg/s, min/avg/max latency: 583011/1141224/2330870 microseconds
time: 18.000s, sent: 23814 msg/s, received: 103986 msg/s, min/avg/max latency: 598685/1162908/2153241 microseconds
time: 19.000s, sent: 20344 msg/s, received: 104021 msg/s, min/avg/max latency: 627627/1130608/2365378 microseconds
time: 20.000s, sent: 22378 msg/s, received: 97227 msg/s, min/avg/max latency: 625181/1284941/2164383 microseconds
time: 21.000s, sent: 15558 msg/s, received: 97663 msg/s, min/avg/max latency: 630302/1218947/2323194 microseconds
time: 22.000s, sent: 23994 msg/s, received: 104021 msg/s, min/avg/max latency: 778944/1328900/2296315 microseconds
time: 23.000s, sent: 21360 msg/s, received: 104017 msg/s, min/avg/max latency: 818359/1263868/2466835 microseconds
time: 24.000s, sent: 19087 msg/s, received: 96661 msg/s, min/avg/max latency: 937298/1409212/2156973 microseconds
time: 25.000s, sent: 21063 msg/s, received: 104016 msg/s, min/avg/max latency: 745995/1286112/2271507 microseconds
time: 26.000s, sent: 18968 msg/s, received: 100021 msg/s, min/avg/max latency: 813313/1301277/2241493 microseconds
time: 27.000s, sent: 20881 msg/s, received: 104004 msg/s, min/avg/max latency: 712957/1273351/2231498 microseconds
time: 28.000s, sent: 17771 msg/s, received: 98107 msg/s, min/avg/max latency: 797068/1299926/2315683 microseconds
time: 29.000s, sent: 23456 msg/s, received: 104019 msg/s, min/avg/max latency: 684884/1319440/2292990 microseconds
time: 30.000s, sent: 19697 msg/s, received: 99182 msg/s, min/avg/max latency: 804873/1298172/2329518 microseconds
time: 31.000s, sent: 20869 msg/s, received: 104014 msg/s, min/avg/max latency: 764584/1301777/2249496 microseconds
time: 32.000s, sent: 18669 msg/s, received: 100447 msg/s, min/avg/max latency: 852734/1321882/2408933 microseconds
time: 33.000s, sent: 21003 msg/s, received: 104008 msg/s, min/avg/max latency: 765506/1286576/2221941 microseconds
time: 34.000s, sent: 17652 msg/s, received: 102146 msg/s, min/avg/max latency: 857101/1289692/2295747 microseconds
time: 35.000s, sent: 24710 msg/s, received: 104019 msg/s, min/avg/max latency: 717225/1292211/2246275 microseconds
time: 36.000s, sent: 19685 msg/s, received: 100152 msg/s, min/avg/max latency: 820721/1269905/2307097 microseconds
time: 37.000s, sent: 19508 msg/s, received: 103999 msg/s, min/avg/max latency: 782962/1321090/2161874 microseconds
time: 38.000s, sent: 19507 msg/s, received: 101562 msg/s, min/avg/max latency: 857617/1293348/2276304 microseconds
time: 39.000s, sent: 22736 msg/s, received: 104026 msg/s, min/avg/max latency: 774373/1273295/2192437 microseconds
time: 40.000s, sent: 18667 msg/s, received: 101980 msg/s, min/avg/max latency: 836077/1289131/2232488 microseconds
time: 41.000s, sent: 21063 msg/s, received: 104005 msg/s, min/avg/max latency: 743160/1290073/2269224 microseconds
time: 42.000s, sent: 21541 msg/s, received: 100002 msg/s, min/avg/max latency: 724826/1324963/2295357 microseconds
time: 43.000s, sent: 24051 msg/s, received: 104037 msg/s, min/avg/max latency: 758074/1261187/2378341 microseconds
time: 44.000s, sent: 18071 msg/s, received: 97282 msg/s, min/avg/max latency: 902332/1407569/2388900 microseconds
time: 45.000s, sent: 24054 msg/s, received: 104024 msg/s, min/avg/max latency: 767475/1418868/2189233 microseconds
time: 46.000s, sent: 17353 msg/s, received: 104017 msg/s, min/avg/max latency: 821048/1440415/2215511 microseconds
time: 47.000s, sent: 22618 msg/s, received: 103993 msg/s, min/avg/max latency: 746019/1475558/2218094 microseconds
time: 48.000s, sent: 22258 msg/s, received: 103986 msg/s, min/avg/max latency: 769123/1452777/2163826 microseconds
time: 49.000s, sent: 21241 msg/s, received: 103995 msg/s, min/avg/max latency: 798188/1485019/2184547 microseconds
time: 50.000s, sent: 21061 msg/s, received: 104010 msg/s, min/avg/max latency: 904755/1578781/2185648 microseconds
time: 51.000s, sent: 19747 msg/s, received: 104013 msg/s, min/avg/max latency: 900683/1599953/2184370 microseconds
time: 52.000s, sent: 21060 msg/s, received: 104005 msg/s, min/avg/max latency: 867660/1598810/2225220 microseconds
time: 53.000s, sent: 19866 msg/s, received: 104015 msg/s, min/avg/max latency: 931731/1595008/2196793 microseconds
time: 54.000s, sent: 23708 msg/s, received: 104012 msg/s, min/avg/max latency: 865762/1573663/2157337 microseconds
time: 55.000s, sent: 20211 msg/s, received: 103996 msg/s, min/avg/max latency: 898361/1589094/2178988 microseconds
time: 56.000s, sent: 17351 msg/s, received: 104006 msg/s, min/avg/max latency: 973112/1581437/2181054 microseconds
time: 57.000s, sent: 21242 msg/s, received: 104012 msg/s, min/avg/max latency: 929815/1568250/2246423 microseconds
time: 58.000s, sent: 25430 msg/s, received: 103947 msg/s, min/avg/max latency: 870409/1558416/2171229 microseconds
time: 59.000s, sent: 19925 msg/s, received: 104023 msg/s, min/avg/max latency: 843437/1572460/2172532 microseconds
time: 60.000s, sent: 21122 msg/s, received: 104010 msg/s, min/avg/max latency: 819536/1586651/2175011 microseconds
time: 61.000s, sent: 3431 msg/s, received: 104021 msg/s, min/avg/max latency: 834689/1576432/2195415 microseconds
sending rate avg: 20442 msg/s
recving rate avg: 102214 msg/s
