starting consumer #0
starting consumer #1
starting consumer #2
starting consumer #3
starting consumer #4
starting consumer #5
starting consumer #6
starting consumer #7
starting consumer #8
starting consumer #9
starting producer #0
starting producer #1
starting producer #2
starting producer #3
starting producer #4
starting producer #5
starting producer #6
starting producer #7
starting producer #8
starting producer #9
time: 1.000s, sent: 27943 msg/s, received: 82179 msg/s, min/avg/max latency: 2607/353711/746829 microseconds
time: 2.000s, sent: 33626 msg/s, received: 103990 msg/s, min/avg/max latency: 567897/927917/1374296 microseconds
time: 3.000s, sent: 11610 msg/s, received: 103935 msg/s, min/avg/max latency: 1183176/1610160/2073067 microseconds
time: 4.000s, sent: 10351 msg/s, received: 104012 msg/s, min/avg/max latency: 1868963/2336320/2838141 microseconds
time: 5.000s, sent: 12685 msg/s, received: 104011 msg/s, min/avg/max latency: 2670205/3110147/3682673 microseconds
time: 6.000s, sent: 7957 msg/s, received: 103986 msg/s, min/avg/max latency: 2369831/3730547/4403007 microseconds
time: 7.000s, sent: 6464 msg/s, received: 103999 msg/s, min/avg/max latency: 2389164/4123144/5069717 microseconds
time: 8.000s, sent: 15078 msg/s, received: 103968 msg/s, min/avg/max latency: 2552313/4179438/5438204 microseconds
time: 9.000s, sent: 12265 msg/s, received: 103953 msg/s, min/avg/max latency: 2314416/4296904/5677314 microseconds
time: 10.000s, sent: 16753 msg/s, received: 104011 msg/s, min/avg/max latency: 2008919/4089050/6065837 microseconds
time: 11.000s, sent: 11131 msg/s, received: 104001 msg/s, min/avg/max latency: 2279292/4015705/6523228 microseconds
time: 12.000s, sent: 12146 msg/s, received: 104013 msg/s, min/avg/max latency: 2203035/4182942/7095641 microseconds
time: 13.000s, sent: 9992 msg/s, received: 103993 msg/s, min/avg/max latency: 2598811/4328085/7129458 microseconds
time: 14.000s, sent: 9393 msg/s, received: 104017 msg/s, min/avg/max latency: 2677569/4487486/7285308 microseconds
time: 15.000s, sent: 13283 msg/s, received: 103981 msg/s, min/avg/max latency: 2776391/4660296/7536666 microseconds
time: 16.000s, sent: 14362 msg/s, received: 103998 msg/s, min/avg/max latency: 2561046/4752062/7978767 microseconds
time: 17.000s, sent: 7719 msg/s, received: 104015 msg/s, min/avg/max latency: 2610336/4802974/8767628 microseconds
time: 18.000s, sent: 10770 msg/s, received: 104006 msg/s, min/avg/max latency: 2796773/4935992/9380865 microseconds
time: 19.000s, sent: 11747 msg/s, received: 104006 msg/s, min/avg/max latency: 3000699/5018186/9855754 microseconds
time: 20.000s, sent: 14640 msg/s, received: 104016 msg/s, min/avg/max latency: 2686918/5010609/10426736 microseconds
time: 21.000s, sent: 11967 msg/s, received: 103875 msg/s, min/avg/max latency: 2864820/5112663/11323512 microseconds
time: 22.000s, sent: 9154 msg/s, received: 104004 msg/s, min/avg/max latency: 2665545/5107318/11810969 microseconds
time: 23.000s, sent: 9214 msg/s, received: 104010 msg/s, min/avg/max latency: 2736626/6013235/12165585 microseconds
time: 24.000s, sent: 0 msg/s, received: 104022 msg/s, min/avg/max latency: 3885726/6977216/11744826 microseconds
time: 25.000s, sent: 6222 msg/s, received: 91726 msg/s, min/avg/max latency: 4201744/6439121/10895663 microseconds
time: 26.000s, sent: 9454 msg/s, received: 101440 msg/s, min/avg/max latency: 4590174/6168013/11041951 microseconds
time: 27.000s, sent: 9455 msg/s, received: 84921 msg/s, min/avg/max latency: 4905742/6499973/11191641 microseconds
time: 28.000s, sent: 13940 msg/s, received: 103966 msg/s, min/avg/max latency: 4683414/6524981/11209635 microseconds
time: 29.000s, sent: 9635 msg/s, received: 104003 msg/s, min/avg/max latency: 3363679/6037870/11089177 microseconds
time: 30.000s, sent: 10769 msg/s, received: 103987 msg/s, min/avg/max latency: 3329182/5521898/10912509 microseconds
time: 31.000s, sent: 10628 msg/s, received: 103958 msg/s, min/avg/max latency: 3196470/5292628/11276799 microseconds
time: 32.000s, sent: 16060 msg/s, received: 103999 msg/s, min/avg/max latency: 3231920/5189331/11403942 microseconds
time: 33.000s, sent: 10053 msg/s, received: 103968 msg/s, min/avg/max latency: 3308009/5302164/11718700 microseconds
time: 34.000s, sent: 10829 msg/s, received: 104037 msg/s, min/avg/max latency: 3244337/5123537/11543632 microseconds
time: 35.000s, sent: 8497 msg/s, received: 104043 msg/s, min/avg/max latency: 3303699/5071627/10000260 microseconds
time: 36.000s, sent: 5265 msg/s, received: 104028 msg/s, min/avg/max latency: 3536311/5259285/9968927 microseconds
time: 37.000s, sent: 10051 msg/s, received: 103962 msg/s, min/avg/max latency: 4086380/5449033/9729375 microseconds
time: 38.000s, sent: 14900 msg/s, received: 103998 msg/s, min/avg/max latency: 4032522/5495232/9919956 microseconds
time: 39.000s, sent: 9037 msg/s, received: 104004 msg/s, min/avg/max latency: 3990336/5481486/9953420 microseconds
time: 40.000s, sent: 7719 msg/s, received: 103505 msg/s, min/avg/max latency: 3231478/5592467/9939445 microseconds
time: 41.007s, sent: 6713 msg/s, received: 86694 msg/s, min/avg/max latency: 3306440/5720443/9752504 microseconds
time: 42.007s, sent: 10771 msg/s, received: 100209 msg/s, min/avg/max latency: 4120070/5301099/10097151 microseconds
time: 43.007s, sent: 17349 msg/s, received: 104012 msg/s, min/avg/max latency: 3865273/5564535/10431855 microseconds
time: 44.008s, sent: 7951 msg/s, received: 103815 msg/s, min/avg/max latency: 3290191/5566372/10341645 microseconds
time: 45.008s, sent: 11729 msg/s, received: 104207 msg/s, min/avg/max latency: 2920840/5210540/9999791 microseconds
time: 46.008s, sent: 11068 msg/s, received: 104020 msg/s, min/avg/max latency: 3188294/5024524/9728156 microseconds
time: 47.008s, sent: 13882 msg/s, received: 104014 msg/s, min/avg/max latency: 3605555/5064825/9733891 microseconds
time: 48.008s, sent: 9453 msg/s, received: 104033 msg/s, min/avg/max latency: 3287211/5303978/10235109 microseconds
time: 49.008s, sent: 7900 msg/s, received: 104023 msg/s, min/avg/max latency: 3260934/5247448/10052333 microseconds
time: 50.008s, sent: 12983 msg/s, received: 104015 msg/s, min/avg/max latency: 3606013/5239000/9671341 microseconds
time: 51.008s, sent: 11788 msg/s, received: 104002 msg/s, min/avg/max latency: 3767348/5393052/9352009 microseconds
time: 52.008s, sent: 8437 msg/s, received: 104025 msg/s, min/avg/max latency: 4055796/5591578/9884235 microseconds
time: 53.008s, sent: 4845 msg/s, received: 103968 msg/s, min/avg/max latency: 3681306/5900156/10540880 microseconds
time: 54.008s, sent: 10950 msg/s, received: 103974 msg/s, min/avg/max latency: 3458793/5819896/10963578 microseconds
time: 55.008s, sent: 3411 msg/s, received: 79257 msg/s, min/avg/max latency: 3668833/7223531/10333850 microseconds
time: 56.008s, sent: 11907 msg/s, received: 103899 msg/s, min/avg/max latency: 4474806/6061875/9632554 microseconds
time: 57.008s, sent: 10711 msg/s, received: 104000 msg/s, min/avg/max latency: 4271467/6058072/9937785 microseconds
time: 58.008s, sent: 9755 msg/s, received: 103959 msg/s, min/avg/max latency: 3422305/5901466/9563556 microseconds
time: 59.008s, sent: 12025 msg/s, received: 103982 msg/s, min/avg/max latency: 3158958/5659085/9353626 microseconds
time: 60.008s, sent: 10530 msg/s, received: 104009 msg/s, min/avg/max latency: 3261829/5305314/9513055 microseconds
time: 61.008s, sent: 7129 msg/s, received: 103988 msg/s, min/avg/max latency: 3266688/5120986/9170246 microseconds
time: 62.008s, sent: 2.0 msg/s, received: 104018 msg/s, min/avg/max latency: 3084413/5039724/9301512 microseconds
time: 63.008s, sent: 0 msg/s, received: 103963 msg/s, min/avg/max latency: 3352654/4973622/9223874 microseconds
time: 64.008s, sent: 0 msg/s, received: 104044 msg/s, min/avg/max latency: 3690140/5048256/8159830 microseconds
time: 65.008s, sent: 0 msg/s, received: 101053 msg/s, min/avg/max latency: 3915753/5213679/8240698 microseconds
sending rate avg: 10329 msg/s
recving rate avg: 102194 msg/s
