starting consumer #0
starting consumer #1
starting consumer #2
starting consumer #3
starting consumer #4
starting producer #0
starting producer #1
starting producer #2
starting producer #3
starting producer #4
time: 1.187s, sent: 5644 msg/s, confirmed: 1432 msg/s, nacked: 0 msg/s, received: 16048 msg/s, min/avg/max latency: 3679/289828/722353 microseconds
time: 2.187s, sent: 5906 msg/s, confirmed: 5998 msg/s, nacked: 0 msg/s, received: 25441 msg/s, min/avg/max latency: 447695/721261/997009 microseconds
time: 3.187s, sent: 3318 msg/s, confirmed: 3226 msg/s, nacked: 0 msg/s, received: 20422 msg/s, min/avg/max latency: 328074/701140/1021889 microseconds
time: 4.187s, sent: 5500 msg/s, confirmed: 5846 msg/s, nacked: 0 msg/s, received: 26512 msg/s, min/avg/max latency: 422332/692819/1029678 microseconds
time: 5.187s, sent: 5211 msg/s, confirmed: 5077 msg/s, nacked: 0 msg/s, received: 23393 msg/s, min/avg/max latency: 441535/672777/973079 microseconds
time: 6.362s, sent: 3524 msg/s, confirmed: 3343 msg/s, nacked: 0 msg/s, received: 20904 msg/s, min/avg/max latency: 310452/666067/945968 microseconds
time: 7.362s, sent: 5974 msg/s, confirmed: 5974 msg/s, nacked: 0 msg/s, received: 24491 msg/s, min/avg/max latency: 453646/727461/963967 microseconds
time: 8.362s, sent: 4880 msg/s, confirmed: 5022 msg/s, nacked: 0 msg/s, received: 25997 msg/s, min/avg/max latency: 310142/690387/938051 microseconds
time: 9.570s, sent: 3399 msg/s, confirmed: 3281 msg/s, nacked: 0 msg/s, received: 20621 msg/s, min/avg/max latency: 462407/689351/989310 microseconds
time: 10.571s, sent: 4956 msg/s, confirmed: 4956 msg/s, nacked: 0 msg/s, received: 24767 msg/s, min/avg/max latency: 218132/667124/986191 microseconds
time: 11.571s, sent: 5848 msg/s, confirmed: 5850 msg/s, nacked: 0 msg/s, received: 24892 msg/s, min/avg/max latency: 225316/742763/997975 microseconds
time: 12.571s, sent: 4455 msg/s, confirmed: 4453 msg/s, nacked: 0 msg/s, received: 25842 msg/s, min/avg/max latency: 198618/659495/988835 microseconds
time: 13.580s, sent: 3815 msg/s, confirmed: 3815 msg/s, nacked: 0 msg/s, received: 20749 msg/s, min/avg/max latency: 183345/651022/880412 microseconds
time: 14.674s, sent: 5200 msg/s, confirmed: 5200 msg/s, nacked: 0 msg/s, received: 24579 msg/s, min/avg/max latency: 179776/664144/955031 microseconds
time: 15.674s, sent: 5885 msg/s, confirmed: 5962 msg/s, nacked: 0 msg/s, received: 26103 msg/s, min/avg/max latency: 424961/711635/978063 microseconds
time: 16.674s, sent: 5039 msg/s, confirmed: 4962 msg/s, nacked: 0 msg/s, received: 24146 msg/s, min/avg/max latency: 484108/689492/1022762 microseconds
time: 17.728s, sent: 3730 msg/s, confirmed: 3732 msg/s, nacked: 0 msg/s, received: 23732 msg/s, min/avg/max latency: 264591/688240/1018160 microseconds
time: 18.739s, sent: 4006 msg/s, confirmed: 4004 msg/s, nacked: 0 msg/s, received: 19780 msg/s, min/avg/max latency: 474447/687656/978008 microseconds
time: 19.739s, sent: 4889 msg/s, confirmed: 4889 msg/s, nacked: 0 msg/s, received: 23960 msg/s, min/avg/max latency: 307707/695700/1004717 microseconds
time: 20.739s, sent: 6047 msg/s, confirmed: 6054 msg/s, nacked: 0 msg/s, received: 26047 msg/s, min/avg/max latency: 479814/732725/988707 microseconds
time: 21.739s, sent: 4861 msg/s, confirmed: 4870 msg/s, nacked: 0 msg/s, received: 23315 msg/s, min/avg/max latency: 337309/700481/1074741 microseconds
time: 22.739s, sent: 4181 msg/s, confirmed: 4165 msg/s, nacked: 0 msg/s, received: 25228 msg/s, min/avg/max latency: 496165/710662/1032828 microseconds
time: 23.739s, sent: 4754 msg/s, confirmed: 4808 msg/s, nacked: 0 msg/s, received: 23609 msg/s, min/avg/max latency: 493743/744125/1017367 microseconds
time: 24.866s, sent: 3460 msg/s, confirmed: 3412 msg/s, nacked: 0 msg/s, received: 18072 msg/s, min/avg/max latency: 535058/742356/1043966 microseconds
time: 25.866s, sent: 5812 msg/s, confirmed: 5812 msg/s, nacked: 0 msg/s, received: 25202 msg/s, min/avg/max latency: 479913/738906/989353 microseconds
time: 26.866s, sent: 4988 msg/s, confirmed: 4988 msg/s, nacked: 0 msg/s, received: 26906 msg/s, min/avg/max latency: 268677/663324/980192 microseconds
time: 28.039s, sent: 3335 msg/s, confirmed: 3335 msg/s, nacked: 0 msg/s, received: 19743 msg/s, min/avg/max latency: 477037/682680/984492 microseconds
time: 29.049s, sent: 5328 msg/s, confirmed: 5328 msg/s, nacked: 0 msg/s, received: 24545 msg/s, min/avg/max latency: 260330/656402/981941 microseconds
time: 30.049s, sent: 5855 msg/s, confirmed: 5932 msg/s, nacked: 0 msg/s, received: 25179 msg/s, min/avg/max latency: 495770/754128/1001756 microseconds
time: 31.049s, sent: 4947 msg/s, confirmed: 4883 msg/s, nacked: 0 msg/s, received: 25004 msg/s, min/avg/max latency: 262326/668294/1022430 microseconds
time: 32.250s, sent: 3224 msg/s, confirmed: 3213 msg/s, nacked: 0 msg/s, received: 20072 msg/s, min/avg/max latency: 479879/707103/972831 microseconds
time: 33.265s, sent: 5000 msg/s, confirmed: 5000 msg/s, nacked: 0 msg/s, received: 24315 msg/s, min/avg/max latency: 301026/730758/1007281 microseconds
time: 34.265s, sent: 5828 msg/s, confirmed: 5839 msg/s, nacked: 0 msg/s, received: 25544 msg/s, min/avg/max latency: 477181/728847/993755 microseconds
time: 35.265s, sent: 3876 msg/s, confirmed: 3874 msg/s, nacked: 0 msg/s, received: 15185 msg/s, min/avg/max latency: 536171/843368/1201233 microseconds
time: 36.265s, sent: 3104 msg/s, confirmed: 3095 msg/s, nacked: 0 msg/s, received: 23451 msg/s, min/avg/max latency: 317051/711093/1188970 microseconds
time: 37.265s, sent: 5760 msg/s, confirmed: 5761 msg/s, nacked: 0 msg/s, received: 26105 msg/s, min/avg/max latency: 486807/745222/984908 microseconds
time: 38.265s, sent: 5260 msg/s, confirmed: 5259 msg/s, nacked: 0 msg/s, received: 27134 msg/s, min/avg/max latency: 263250/638772/987632 microseconds
time: 39.390s, sent: 3463 msg/s, confirmed: 3463 msg/s, nacked: 0 msg/s, received: 19235 msg/s, min/avg/max latency: 471780/682415/961677 microseconds
time: 40.390s, sent: 7027 msg/s, confirmed: 7075 msg/s, nacked: 0 msg/s, received: 26184 msg/s, min/avg/max latency: 253950/692212/986115 microseconds
time: 41.390s, sent: 3961 msg/s, confirmed: 3913 msg/s, nacked: 0 msg/s, received: 26191 msg/s, min/avg/max latency: 507485/708727/983329 microseconds
time: 42.390s, sent: 4981 msg/s, confirmed: 4981 msg/s, nacked: 0 msg/s, received: 22614 msg/s, min/avg/max latency: 500490/721069/1061376 microseconds
time: 43.390s, sent: 4130 msg/s, confirmed: 4130 msg/s, nacked: 0 msg/s, received: 25569 msg/s, min/avg/max latency: 197244/647201/990153 microseconds
time: 44.497s, sent: 3674 msg/s, confirmed: 3674 msg/s, nacked: 0 msg/s, received: 20159 msg/s, min/avg/max latency: 192787/626049/979680 microseconds
time: 45.497s, sent: 6838 msg/s, confirmed: 6838 msg/s, nacked: 0 msg/s, received: 25042 msg/s, min/avg/max latency: 176915/604994/972122 microseconds
time: 46.497s, sent: 3989 msg/s, confirmed: 3998 msg/s, nacked: 0 msg/s, received: 24873 msg/s, min/avg/max latency: 215885/647991/983972 microseconds
time: 47.497s, sent: 4691 msg/s, confirmed: 4691 msg/s, nacked: 0 msg/s, received: 23652 msg/s, min/avg/max latency: 278007/597240/1049622 microseconds
time: 48.497s, sent: 4022 msg/s, confirmed: 4013 msg/s, nacked: 0 msg/s, received: 26550 msg/s, min/avg/max latency: 186495/576624/1036854 microseconds
time: 49.526s, sent: 4889 msg/s, confirmed: 4889 msg/s, nacked: 0 msg/s, received: 20547 msg/s, min/avg/max latency: 174315/529775/968027 microseconds
time: 50.526s, sent: 5861 msg/s, confirmed: 5866 msg/s, nacked: 0 msg/s, received: 25364 msg/s, min/avg/max latency: 199847/668836/974106 microseconds
time: 51.526s, sent: 4928 msg/s, confirmed: 5057 msg/s, nacked: 0 msg/s, received: 25551 msg/s, min/avg/max latency: 188109/634338/957958 microseconds
time: 52.526s, sent: 4178 msg/s, confirmed: 4044 msg/s, nacked: 0 msg/s, received: 24321 msg/s, min/avg/max latency: 202360/655117/998512 microseconds
time: 53.567s, sent: 3743 msg/s, confirmed: 3743 msg/s, nacked: 0 msg/s, received: 19194 msg/s, min/avg/max latency: 208828/661458/964762 microseconds
time: 54.626s, sent: 4847 msg/s, confirmed: 4847 msg/s, nacked: 0 msg/s, received: 25495 msg/s, min/avg/max latency: 186947/619841/1028258 microseconds
time: 55.626s, sent: 6048 msg/s, confirmed: 6048 msg/s, nacked: 0 msg/s, received: 26814 msg/s, min/avg/max latency: 180369/585092/955353 microseconds
time: 56.626s, sent: 4803 msg/s, confirmed: 4803 msg/s, nacked: 0 msg/s, received: 20458 msg/s, min/avg/max latency: 229902/611110/1090705 microseconds
time: 57.626s, sent: 4156 msg/s, confirmed: 4156 msg/s, nacked: 0 msg/s, received: 27212 msg/s, min/avg/max latency: 174906/577964/1149744 microseconds
time: 58.626s, sent: 6694 msg/s, confirmed: 6694 msg/s, nacked: 0 msg/s, received: 22494 msg/s, min/avg/max latency: 209655/526769/923432 microseconds
time: 59.626s, sent: 3869 msg/s, confirmed: 3876 msg/s, nacked: 0 msg/s, received: 26169 msg/s, min/avg/max latency: 462154/680535/979783 microseconds
time: 60.626s, sent: 1932 msg/s, confirmed: 4791 msg/s, nacked: 0 msg/s, received: 22738 msg/s, min/avg/max latency: 515583/740640/1014533 microseconds
sending rate avg: 4668 msg/s
recving rate avg: 23341 msg/s
