starting consumer #0
starting consumer #1
starting consumer #2
starting consumer #3
starting consumer #4
starting producer #0
starting producer #1
starting producer #2
starting producer #3
starting producer #4
time: 1.000s, sent: 41110 msg/s, received: 88375 msg/s, min/avg/max latency: 2778/269694/675350 microseconds
time: 2.000s, sent: 31354 msg/s, received: 104116 msg/s, min/avg/max latency: 418815/751391/1461519 microseconds
time: 3.000s, sent: 22977 msg/s, received: 104117 msg/s, min/avg/max latency: 647624/1237142/2157786 microseconds
time: 4.000s, sent: 17112 msg/s, received: 104000 msg/s, min/avg/max latency: 599819/1572025/2782818 microseconds
time: 5.000s, sent: 25131 msg/s, received: 104103 msg/s, min/avg/max latency: 662179/1642671/3020761 microseconds
time: 6.000s, sent: 23814 msg/s, received: 104060 msg/s, min/avg/max latency: 691857/1603793/3179182 microseconds
time: 7.000s, sent: 25191 msg/s, received: 104126 msg/s, min/avg/max latency: 743258/1704611/3336697 microseconds
time: 8.000s, sent: 23096 msg/s, received: 104118 msg/s, min/avg/max latency: 783098/1775183/3457341 microseconds
time: 9.000s, sent: 11906 msg/s, received: 104108 msg/s, min/avg/max latency: 774629/2163983/3640856 microseconds
time: 10.000s, sent: 17713 msg/s, received: 104072 msg/s, min/avg/max latency: 1225487/2235108/3628063 microseconds
time: 11.000s, sent: 34345 msg/s, received: 104055 msg/s, min/avg/max latency: 660027/1857674/3795420 microseconds
time: 12.000s, sent: 16154 msg/s, received: 104112 msg/s, min/avg/max latency: 791856/1777368/4564257 microseconds
time: 13.000s, sent: 26626 msg/s, received: 104091 msg/s, min/avg/max latency: 684734/1910735/4679477 microseconds
time: 14.000s, sent: 14003 msg/s, received: 104059 msg/s, min/avg/max latency: 791220/2160645/4633167 microseconds
time: 15.000s, sent: 12923 msg/s, received: 87017 msg/s, min/avg/max latency: 1463705/2544684/3988537 microseconds
time: 16.000s, sent: 22977 msg/s, received: 103554 msg/s, min/avg/max latency: 824723/2375178/3959825 microseconds
time: 17.000s, sent: 21123 msg/s, received: 104110 msg/s, min/avg/max latency: 828153/2025037/3873579 microseconds
time: 18.000s, sent: 28122 msg/s, received: 104101 msg/s, min/avg/max latency: 1014110/1826203/3860477 microseconds
time: 19.000s, sent: 25069 msg/s, received: 104112 msg/s, min/avg/max latency: 925459/1870849/3065168 microseconds
time: 20.000s, sent: 20284 msg/s, received: 104114 msg/s, min/avg/max latency: 1211317/1968197/2967738 microseconds
time: 21.000s, sent: 20464 msg/s, received: 104116 msg/s, min/avg/max latency: 1636579/2316170/2967644 microseconds
time: 22.000s, sent: 15020 msg/s, received: 104123 msg/s, min/avg/max latency: 1847090/2482468/3129090 microseconds
time: 23.000s, sent: 23215 msg/s, received: 104107 msg/s, min/avg/max latency: 1718450/2484034/3093259 microseconds
time: 24.000s, sent: 23035 msg/s, received: 104123 msg/s, min/avg/max latency: 1580180/2331711/3184627 microseconds
time: 25.000s, sent: 21661 msg/s, received: 104122 msg/s, min/avg/max latency: 1754967/2206539/2841106 microseconds
time: 26.000s, sent: 20344 msg/s, received: 104113 msg/s, min/avg/max latency: 1826542/2281234/3015112 microseconds
time: 27.000s, sent: 21721 msg/s, received: 104119 msg/s, min/avg/max latency: 1998384/2417905/3058037 microseconds
time: 28.000s, sent: 20282 msg/s, received: 104120 msg/s, min/avg/max latency: 1760263/2475433/3335548 microseconds
time: 29.000s, sent: 21840 msg/s, received: 104043 msg/s, min/avg/max latency: 1669841/2390440/3457702 microseconds
time: 30.000s, sent: 21720 msg/s, received: 104100 msg/s, min/avg/max latency: 1601346/2408036/3445583 microseconds
time: 31.000s, sent: 18969 msg/s, received: 104106 msg/s, min/avg/max latency: 1501015/2435261/3625860 microseconds
time: 32.000s, sent: 21600 msg/s, received: 104120 msg/s, min/avg/max latency: 1556435/2479264/3620156 microseconds
time: 33.000s, sent: 20404 msg/s, received: 104117 msg/s, min/avg/max latency: 1696995/2522935/3664736 microseconds
time: 34.000s, sent: 14899 msg/s, received: 104125 msg/s, min/avg/max latency: 1377531/2489048/3765890 microseconds
time: 35.000s, sent: 26147 msg/s, received: 104100 msg/s, min/avg/max latency: 1606571/2368217/3715211 microseconds
time: 36.000s, sent: 24412 msg/s, received: 104123 msg/s, min/avg/max latency: 1442262/2339330/3724762 microseconds
time: 37.000s, sent: 17831 msg/s, received: 104126 msg/s, min/avg/max latency: 1461602/2197435/3711155 microseconds
time: 38.000s, sent: 15019 msg/s, received: 104110 msg/s, min/avg/max latency: 1589396/2381011/3682499 microseconds
time: 39.000s, sent: 12266 msg/s, received: 87258 msg/s, min/avg/max latency: 1999507/2660055/3522702 microseconds
time: 40.000s, sent: 17591 msg/s, received: 83970 msg/s, min/avg/max latency: 2194192/2763491/3634510 microseconds
time: 41.000s, sent: 26996 msg/s, received: 104054 msg/s, min/avg/max latency: 1410397/2490798/3510928 microseconds
time: 42.000s, sent: 27932 msg/s, received: 104105 msg/s, min/avg/max latency: 1303309/1943132/3189043 microseconds
time: 43.000s, sent: 20285 msg/s, received: 104086 msg/s, min/avg/max latency: 1443887/1994758/2739520 microseconds
time: 44.000s, sent: 20403 msg/s, received: 104044 msg/s, min/avg/max latency: 1611834/2243166/3209892 microseconds
time: 45.000s, sent: 13582 msg/s, received: 104134 msg/s, min/avg/max latency: 1495075/2606922/3297157 microseconds
time: 46.000s, sent: 17652 msg/s, received: 104137 msg/s, min/avg/max latency: 1958330/2596081/3314888 microseconds
time: 47.000s, sent: 16334 msg/s, received: 104135 msg/s, min/avg/max latency: 1771124/2512986/3095354 microseconds
time: 48.000s, sent: 28421 msg/s, received: 104105 msg/s, min/avg/max latency: 1740983/2124329/2938734 microseconds
time: 49.000s, sent: 25790 msg/s, received: 104101 msg/s, min/avg/max latency: 1406899/1976092/2442312 microseconds
time: 50.000s, sent: 20643 msg/s, received: 104118 msg/s, min/avg/max latency: 1572546/2006201/2517330 microseconds
time: 51.000s, sent: 23036 msg/s, received: 104103 msg/s, min/avg/max latency: 1670393/2238970/2945860 microseconds
time: 52.000s, sent: 16395 msg/s, received: 104120 msg/s, min/avg/max latency: 1647816/2349973/3137414 microseconds
time: 53.000s, sent: 24893 msg/s, received: 104111 msg/s, min/avg/max latency: 1578206/2393928/3400835 microseconds
time: 54.000s, sent: 23154 msg/s, received: 104054 msg/s, min/avg/max latency: 1437312/2383644/3576690 microseconds
time: 55.000s, sent: 18011 msg/s, received: 104112 msg/s, min/avg/max latency: 1410037/2388910/3681649 microseconds
time: 56.000s, sent: 20283 msg/s, received: 104114 msg/s, min/avg/max latency: 1620683/2485333/3666514 microseconds
time: 57.000s, sent: 13981 msg/s, received: 104118 msg/s, min/avg/max latency: 1654521/2625272/3801545 microseconds
time: 58.000s, sent: 11868 msg/s, received: 91465 msg/s, min/avg/max latency: 1887000/2701440/3662803 microseconds
time: 59.000s, sent: 26088 msg/s, received: 102747 msg/s, min/avg/max latency: 1800830/2568510/3325046 microseconds
time: 60.000s, sent: 28153 msg/s, received: 104103 msg/s, min/avg/max latency: 1320584/2126429/3513732 microseconds
time: 61.000s, sent: 2666 msg/s, received: 104121 msg/s, min/avg/max latency: 1356911/1936367/3507181 microseconds
time: 62.000s, sent: 0 msg/s, received: 104131 msg/s, min/avg/max latency: 1662647/2198423/3024772 microseconds
sending rate avg: 20599 msg/s
recving rate avg: 102669 msg/s
