starting consumer #0
starting consumer #1
starting consumer #2
starting consumer #3
starting consumer #4
starting consumer #5
starting consumer #6
starting consumer #7
starting consumer #8
starting consumer #9
starting producer #0
starting producer #1
starting producer #2
starting producer #3
starting producer #4
starting producer #5
starting producer #6
starting producer #7
starting producer #8
starting producer #9
time: 1.000s, sent: 34822 msg/s, received: 82863 msg/s, min/avg/max latency: 3770/369305/756931 microseconds
time: 2.000s, sent: 33209 msg/s, received: 104094 msg/s, min/avg/max latency: 597860/1031096/1450872 microseconds
time: 3.000s, sent: 18191 msg/s, received: 104101 msg/s, min/avg/max latency: 1348418/1763022/2214148 microseconds
time: 4.000s, sent: 20998 msg/s, received: 104078 msg/s, min/avg/max latency: 2064217/2527801/2977237 microseconds
time: 5.000s, sent: 16455 msg/s, received: 104055 msg/s, min/avg/max latency: 2817482/3304093/3792044 microseconds
time: 6.000s, sent: 11249 msg/s, received: 104081 msg/s, min/avg/max latency: 2956308/3997205/4617674 microseconds
time: 7.000s, sent: 14600 msg/s, received: 104096 msg/s, min/avg/max latency: 2961922/4531962/5368592 microseconds
time: 8.000s, sent: 11309 msg/s, received: 104099 msg/s, min/avg/max latency: 3176477/4951521/5954480 microseconds
time: 9.000s, sent: 18250 msg/s, received: 104110 msg/s, min/avg/max latency: 3105104/5365823/6639261 microseconds
time: 10.000s, sent: 26267 msg/s, received: 104104 msg/s, min/avg/max latency: 2700546/5670902/7181911 microseconds
time: 11.000s, sent: 17473 msg/s, received: 104022 msg/s, min/avg/max latency: 2414264/5959812/7705898 microseconds
time: 12.000s, sent: 14121 msg/s, received: 104106 msg/s, min/avg/max latency: 2512148/6191352/8366486 microseconds
time: 13.000s, sent: 20224 msg/s, received: 104108 msg/s, min/avg/max latency: 2865682/6442827/9025020 microseconds
time: 14.000s, sent: 15916 msg/s, received: 104082 msg/s, min/avg/max latency: 3199990/6757658/9441765 microseconds
time: 15.000s, sent: 16036 msg/s, received: 104101 msg/s, min/avg/max latency: 3289870/7084188/9893051 microseconds
time: 16.000s, sent: 13164 msg/s, received: 104091 msg/s, min/avg/max latency: 3102128/7384384/10400856 microseconds
time: 17.000s, sent: 20821 msg/s, received: 104112 msg/s, min/avg/max latency: 3338954/7770565/10915183 microseconds
time: 18.000s, sent: 17054 msg/s, received: 104102 msg/s, min/avg/max latency: 3504975/7983701/11099851 microseconds
time: 19.000s, sent: 15616 msg/s, received: 104086 msg/s, min/avg/max latency: 3440836/8235935/11579579 microseconds
time: 20.000s, sent: 12088 msg/s, received: 104097 msg/s, min/avg/max latency: 3323014/8552455/12018875 microseconds
time: 21.000s, sent: 14239 msg/s, received: 104076 msg/s, min/avg/max latency: 3550037/8907266/12396020 microseconds
time: 22.000s, sent: 18669 msg/s, received: 104041 msg/s, min/avg/max latency: 3929484/9255318/13181707 microseconds
time: 23.000s, sent: 12087 msg/s, received: 103882 msg/s, min/avg/max latency: 4027248/9587132/13863046 microseconds
time: 24.000s, sent: 11728 msg/s, received: 104074 msg/s, min/avg/max latency: 3835828/9944809/14590031 microseconds
time: 25.000s, sent: 10291 msg/s, received: 104000 msg/s, min/avg/max latency: 3825937/10493996/15164544 microseconds
time: 26.000s, sent: 9692 msg/s, received: 104044 msg/s, min/avg/max latency: 3983965/10827514/16099872 microseconds
time: 27.000s, sent: 12925 msg/s, received: 103918 msg/s, min/avg/max latency: 3867508/11079444/16640393 microseconds
time: 28.000s, sent: 17233 msg/s, received: 103942 msg/s, min/avg/max latency: 3797079/11373438/17294754 microseconds
time: 29.000s, sent: 16993 msg/s, received: 103997 msg/s, min/avg/max latency: 3507293/11669317/17695357 microseconds
time: 30.000s, sent: 14241 msg/s, received: 104078 msg/s, min/avg/max latency: 3021867/11837015/18583547 microseconds
time: 31.000s, sent: 12864 msg/s, received: 104056 msg/s, min/avg/max latency: 3242602/12087507/18805316 microseconds
time: 32.000s, sent: 18130 msg/s, received: 104105 msg/s, min/avg/max latency: 3488011/12544061/19395320 microseconds
time: 33.000s, sent: 13642 msg/s, received: 104016 msg/s, min/avg/max latency: 3695910/12635808/20116204 microseconds
time: 34.000s, sent: 15497 msg/s, received: 104090 msg/s, min/avg/max latency: 3928011/12932764/21040083 microseconds
time: 35.000s, sent: 12927 msg/s, received: 104053 msg/s, min/avg/max latency: 3776195/13227084/21576697 microseconds
time: 36.000s, sent: 13161 msg/s, received: 104080 msg/s, min/avg/max latency: 3908895/13514869/22583675 microseconds
time: 37.000s, sent: 21601 msg/s, received: 104100 msg/s, min/avg/max latency: 4084332/13719084/22887002 microseconds
time: 38.000s, sent: 18489 msg/s, received: 104108 msg/s, min/avg/max latency: 4186435/14046366/23442192 microseconds
time: 39.000s, sent: 18548 msg/s, received: 104109 msg/s, min/avg/max latency: 4202987/14257625/24193606 microseconds
time: 40.000s, sent: 18608 msg/s, received: 104083 msg/s, min/avg/max latency: 4181905/14447629/24542483 microseconds
time: 41.000s, sent: 14242 msg/s, received: 104107 msg/s, min/avg/max latency: 4452452/14681796/25177686 microseconds
time: 42.000s, sent: 11967 msg/s, received: 104112 msg/s, min/avg/max latency: 4516211/14511749/25752834 microseconds
time: 43.000s, sent: 15736 msg/s, received: 104109 msg/s, min/avg/max latency: 4790826/15045824/26494395 microseconds
time: 44.000s, sent: 9095 msg/s, received: 104100 msg/s, min/avg/max latency: 5204271/15037222/27262720 microseconds
time: 45.000s, sent: 15915 msg/s, received: 104097 msg/s, min/avg/max latency: 5573897/15676082/27817807 microseconds
time: 46.000s, sent: 11669 msg/s, received: 104092 msg/s, min/avg/max latency: 5768714/15807214/28710956 microseconds
time: 47.000s, sent: 17710 msg/s, received: 104112 msg/s, min/avg/max latency: 6000696/16284930/29378623 microseconds
time: 48.000s, sent: 14302 msg/s, received: 104097 msg/s, min/avg/max latency: 6292092/16451632/30014617 microseconds
time: 49.000s, sent: 14599 msg/s, received: 104110 msg/s, min/avg/max latency: 6034779/16787574/30246652 microseconds
time: 50.000s, sent: 15078 msg/s, received: 104113 msg/s, min/avg/max latency: 6289848/17050622/30667267 microseconds
time: 51.000s, sent: 15618 msg/s, received: 103968 msg/s, min/avg/max latency: 6283606/17344082/31029932 microseconds
time: 52.000s, sent: 16454 msg/s, received: 104074 msg/s, min/avg/max latency: 6322808/17517707/31568672 microseconds
time: 53.000s, sent: 15615 msg/s, received: 104058 msg/s, min/avg/max latency: 6294988/17771322/32181582 microseconds
time: 54.000s, sent: 14003 msg/s, received: 104055 msg/s, min/avg/max latency: 6265701/18007105/32750372 microseconds
time: 55.000s, sent: 12984 msg/s, received: 104047 msg/s, min/avg/max latency: 6597538/18769728/33691003 microseconds
time: 56.000s, sent: 9336 msg/s, received: 104008 msg/s, min/avg/max latency: 6706042/18363238/34200588 microseconds
time: 57.000s, sent: 11427 msg/s, received: 104066 msg/s, min/avg/max latency: 6684786/18834170/35194600 microseconds
time: 58.000s, sent: 13762 msg/s, received: 104044 msg/s, min/avg/max latency: 6744250/19077982/35854417 microseconds
time: 59.000s, sent: 9213 msg/s, received: 104066 msg/s, min/avg/max latency: 7000119/18845533/36046450 microseconds
time: 60.000s, sent: 13285 msg/s, received: 104062 msg/s, min/avg/max latency: 7461109/19479350/36731929 microseconds
time: 61.000s, sent: 6653 msg/s, received: 104038 msg/s, min/avg/max latency: 7396317/19689436/36837989 microseconds
time: 62.000s, sent: 4.0 msg/s, received: 104080 msg/s, min/avg/max latency: 7143901/20134981/37699077 microseconds
time: 63.000s, sent: 0 msg/s, received: 104120 msg/s, min/avg/max latency: 7429648/20309377/37531848 microseconds
time: 64.000s, sent: 0 msg/s, received: 104102 msg/s, min/avg/max latency: 7098969/20546217/38296536 microseconds
time: 65.000s, sent: 0 msg/s, received: 102711 msg/s, min/avg/max latency: 6926301/20168630/38512279 microseconds
time: 66.000s, sent: 0 msg/s, received: 101126 msg/s, min/avg/max latency: 7106251/19754711/39173123 microseconds
time: 67.000s, sent: 0 msg/s, received: 100044 msg/s, min/avg/max latency: 6687889/21349728/39273838 microseconds
time: 68.009s, sent: 0 msg/s, received: 84967 msg/s, min/avg/max latency: 6834862/26639552/39192468 microseconds
sending rate avg: 13694 msg/s
recving rate avg: 102045 msg/s
